main start at this time 1672977154.491212
-----------------------------------------before load data 
 Nvidia-smi: 0.166015625 GB
    Memory Allocated: 0.0  GigaBytes
Max Memory Allocated: 0.0  GigaBytes

#nodes: 2449029
#edges: 123718024
#classes: 47
success----------------------------------------
196571
39255
2164782
# Nodes: 2400608
# Edges: 123718024
# Train: 196571
# Val: 39255
# Test: 2164782
# Classes: 47

----------------------------------------start of run function 
 Nvidia-smi: 0.166015625 GB
    Memory Allocated: 0.0  GigaBytes
Max Memory Allocated: 0.0  GigaBytes

in feats:  100
group buckets input  18164

---------- degree  tensor([1, 2, 3, 4, 5, 6, 7, 8, 9], device='cuda:0', dtype=torch.int32)
----------- core.py torch.sort() replace to OrderedDict time:  0.08648276329040527
bucketing time:  0.0013527870178222656
degree: tensor([1, 2, 3, 4, 5, 6, 7, 8, 9], dtype=torch.int32) # of output: 3962 ratio: 0.02015556719963779 bucket_loss : tensor(0.0948)
preparing time:  0.2472527027130127
model forward time:  0.11791586875915527
loss calculation time:  0.00016951560974121094
loss backward time:  0.020168066024780273

---------- degree  tensor(10)
----------- core.py torch.sort() replace to OrderedDict time:  0.08843302726745605
step:  0
bucketing time:  0.0006685256958007812
degree: tensor(10) # of output: 48153 ratio: 0.2449649236153858 bucket_loss : tensor(1.1749)

---------- degree  tensor(10)
----------- core.py torch.sort() replace to OrderedDict time:  0.08258891105651855
step:  1
bucketing time:  0.0006601810455322266
degree: tensor(10) # of output: 48153 ratio: 0.2449649236153858 bucket_loss : tensor(1.1762)

---------- degree  tensor(10)
----------- core.py torch.sort() replace to OrderedDict time:  0.08460855484008789
step:  2
bucketing time:  0.0006513595581054688
degree: tensor(10) # of output: 48153 ratio: 0.2449649236153858 bucket_loss : tensor(1.1706)

---------- degree  tensor(10)
----------- core.py torch.sort() replace to OrderedDict time:  0.0826866626739502
step:  3
bucketing time:  0.0006482601165771484
degree: tensor(10) # of output: 48150 ratio: 0.24494966195420484 bucket_loss : tensor(1.1753)
split  buckets total input  1442210
preparing time:  0.08024001121520996
model forward time :  0.37349534034729004
model forward time + loss calculation time:  0.37401533126831055
loss backward time:  0.020553112030029297
-------------------------------------------------------------------------------loss_sum  :  tensor(4.7918)

group buckets input  18164

---------- degree  tensor([1, 2, 3, 4, 5, 6, 7, 8, 9], device='cuda:0', dtype=torch.int32)
----------- core.py torch.sort() replace to OrderedDict time:  0.07698750495910645
bucketing time:  0.0011630058288574219
degree: tensor([1, 2, 3, 4, 5, 6, 7, 8, 9], dtype=torch.int32) # of output: 3962 ratio: 0.02015556719963779 bucket_loss : tensor(0.0937)
preparing time:  0.02064061164855957
model forward time:  0.09371590614318848
loss calculation time:  7.224082946777344e-05
loss backward time:  0.011647224426269531

---------- degree  tensor(10)
----------- core.py torch.sort() replace to OrderedDict time:  0.0928807258605957
step:  0
bucketing time:  0.0006685256958007812
degree: tensor(10) # of output: 48153 ratio: 0.2449649236153858 bucket_loss : tensor(1.1610)

---------- degree  tensor(10)
----------- core.py torch.sort() replace to OrderedDict time:  0.0860598087310791
step:  1
bucketing time:  0.0006561279296875
degree: tensor(10) # of output: 48153 ratio: 0.2449649236153858 bucket_loss : tensor(1.1568)

---------- degree  tensor(10)
----------- core.py torch.sort() replace to OrderedDict time:  0.0829782485961914
step:  2
bucketing time:  0.0006525516510009766
degree: tensor(10) # of output: 48153 ratio: 0.2449649236153858 bucket_loss : tensor(1.1585)

---------- degree  tensor(10)
----------- core.py torch.sort() replace to OrderedDict time:  0.08308243751525879
step:  3
bucketing time:  0.0006570816040039062
degree: tensor(10) # of output: 48150 ratio: 0.24494966195420484 bucket_loss : tensor(1.1573)
split  buckets total input  1440934
preparing time:  0.08408379554748535
model forward time :  0.3696925640106201
model forward time + loss calculation time:  0.3701803684234619
loss backward time:  0.020917654037475586
-------------------------------------------------------------------------------loss_sum  :  tensor(4.7273)

group buckets input  18164

---------- degree  tensor([1, 2, 3, 4, 5, 6, 7, 8, 9], device='cuda:0', dtype=torch.int32)
----------- core.py torch.sort() replace to OrderedDict time:  0.07721376419067383
bucketing time:  0.0012001991271972656
degree: tensor([1, 2, 3, 4, 5, 6, 7, 8, 9], dtype=torch.int32) # of output: 3962 ratio: 0.02015556719963779 bucket_loss : tensor(0.0926)
preparing time:  0.02029132843017578
model forward time:  0.09292840957641602
loss calculation time:  7.224082946777344e-05
loss backward time:  0.016465187072753906

---------- degree  tensor(10)
----------- core.py torch.sort() replace to OrderedDict time:  0.09057044982910156
step:  0
bucketing time:  0.000667572021484375
degree: tensor(10) # of output: 48153 ratio: 0.2449649236153858 bucket_loss : tensor(1.1425)

---------- degree  tensor(10)
----------- core.py torch.sort() replace to OrderedDict time:  0.08354640007019043
step:  1
bucketing time:  0.0006544589996337891
degree: tensor(10) # of output: 48153 ratio: 0.2449649236153858 bucket_loss : tensor(1.1443)

---------- degree  tensor(10)
----------- core.py torch.sort() replace to OrderedDict time:  0.08304691314697266
step:  2
bucketing time:  0.0006711483001708984
degree: tensor(10) # of output: 48153 ratio: 0.2449649236153858 bucket_loss : tensor(1.1424)

---------- degree  tensor(10)
----------- core.py torch.sort() replace to OrderedDict time:  0.08327484130859375
step:  3
bucketing time:  0.0007367134094238281
degree: tensor(10) # of output: 48150 ratio: 0.24494966195420484 bucket_loss : tensor(1.1418)
split  buckets total input  1441351
preparing time:  0.08426809310913086
model forward time :  0.3689420223236084
model forward time + loss calculation time:  0.36950063705444336
loss backward time:  0.020488977432250977
-------------------------------------------------------------------------------loss_sum  :  tensor(4.6635)

full batch graph loading time:  0.03797316551208496
group buckets input  18164

---------- degree  tensor([1, 2, 3, 4, 5, 6, 7, 8, 9], device='cuda:0', dtype=torch.int32)
----------- core.py torch.sort() replace to OrderedDict time:  0.07802772521972656
bucketing time:  0.001201629638671875
degree: tensor([1, 2, 3, 4, 5, 6, 7, 8, 9], dtype=torch.int32) # of output: 3962 ratio: 0.02015556719963779 bucket_loss : tensor(0.0915)
preparing time:  0.020624399185180664
model forward time:  0.09390521049499512
loss calculation time:  7.891654968261719e-05
loss backward time:  0.013556718826293945

---------- degree  tensor(10)
----------- core.py torch.sort() replace to OrderedDict time:  0.08519792556762695
step:  0
bucketing time:  0.0006663799285888672
degree: tensor(10) # of output: 48153 ratio: 0.2449649236153858 bucket_loss : tensor(1.1236)

---------- degree  tensor(10)
----------- core.py torch.sort() replace to OrderedDict time:  0.0846109390258789
step:  1
bucketing time:  0.0007932186126708984
degree: tensor(10) # of output: 48153 ratio: 0.2449649236153858 bucket_loss : tensor(1.1281)

---------- degree  tensor(10)
----------- core.py torch.sort() replace to OrderedDict time:  0.0851600170135498
step:  2
bucketing time:  0.0006673336029052734
degree: tensor(10) # of output: 48153 ratio: 0.2449649236153858 bucket_loss : tensor(1.1215)

---------- degree  tensor(10)
----------- core.py torch.sort() replace to OrderedDict time:  0.08682966232299805
step:  3
bucketing time:  0.0006577968597412109
degree: tensor(10) # of output: 48150 ratio: 0.24494966195420484 bucket_loss : tensor(1.1341)
split  buckets total input  1441871
preparing time:  0.08240413665771484
model forward time :  0.36656641960144043
model forward time + loss calculation time:  0.3670482635498047
loss backward time:  0.014489412307739258
-------------------------------------------------------------------------------loss_sum  :  tensor(4.5988)

pure train time 0.4890785217285156
full batch graph loading time:  0.054164886474609375
group buckets input  18164

---------- degree  tensor([1, 2, 3, 4, 5, 6, 7, 8, 9], device='cuda:0', dtype=torch.int32)
----------- core.py torch.sort() replace to OrderedDict time:  0.07813382148742676
bucketing time:  0.001188516616821289
degree: tensor([1, 2, 3, 4, 5, 6, 7, 8, 9], dtype=torch.int32) # of output: 3962 ratio: 0.02015556719963779 bucket_loss : tensor(0.0904)
preparing time:  0.02183389663696289
model forward time:  0.09377932548522949
loss calculation time:  7.009506225585938e-05
loss backward time:  0.011456489562988281

---------- degree  tensor(10)
----------- core.py torch.sort() replace to OrderedDict time:  0.08445525169372559
step:  0
bucketing time:  0.0006856918334960938
degree: tensor(10) # of output: 48153 ratio: 0.2449649236153858 bucket_loss : tensor(1.1094)

---------- degree  tensor(10)
----------- core.py torch.sort() replace to OrderedDict time:  0.08511495590209961
step:  1
bucketing time:  0.0006768703460693359
degree: tensor(10) # of output: 48153 ratio: 0.2449649236153858 bucket_loss : tensor(1.1148)

---------- degree  tensor(10)
----------- core.py torch.sort() replace to OrderedDict time:  0.08546972274780273
step:  2
bucketing time:  0.0006804466247558594
degree: tensor(10) # of output: 48153 ratio: 0.2449649236153858 bucket_loss : tensor(1.1075)

---------- degree  tensor(10)
----------- core.py torch.sort() replace to OrderedDict time:  0.08613038063049316
step:  3
bucketing time:  0.0006952285766601562
degree: tensor(10) # of output: 48150 ratio: 0.24494966195420484 bucket_loss : tensor(1.1133)
split  buckets total input  1441822
preparing time:  0.0823054313659668
model forward time :  0.36567044258117676
model forward time + loss calculation time:  0.3661167621612549
loss backward time:  0.015697240829467773
-------------------------------------------------------------------------------loss_sum  :  tensor(4.5354)

pure train time 0.4871199131011963
full batch graph loading time:  0.04857444763183594
group buckets input  18164

---------- degree  tensor([1, 2, 3, 4, 5, 6, 7, 8, 9], device='cuda:0', dtype=torch.int32)
----------- core.py torch.sort() replace to OrderedDict time:  0.07872319221496582
bucketing time:  0.0011878013610839844
degree: tensor([1, 2, 3, 4, 5, 6, 7, 8, 9], dtype=torch.int32) # of output: 3962 ratio: 0.02015556719963779 bucket_loss : tensor(0.0893)
preparing time:  0.020509958267211914
model forward time:  0.09436392784118652
loss calculation time:  7.009506225585938e-05
loss backward time:  0.012662649154663086

---------- degree  tensor(10)
----------- core.py torch.sort() replace to OrderedDict time:  0.0841684341430664
step:  0
bucketing time:  0.0006916522979736328
degree: tensor(10) # of output: 48153 ratio: 0.2449649236153858 bucket_loss : tensor(1.0985)

---------- degree  tensor(10)
----------- core.py torch.sort() replace to OrderedDict time:  0.08563017845153809
step:  1
bucketing time:  0.0006861686706542969
degree: tensor(10) # of output: 48153 ratio: 0.2449649236153858 bucket_loss : tensor(1.0953)

---------- degree  tensor(10)
----------- core.py torch.sort() replace to OrderedDict time:  0.0890047550201416
step:  2
bucketing time:  0.0006825923919677734
degree: tensor(10) # of output: 48153 ratio: 0.2449649236153858 bucket_loss : tensor(1.0934)

---------- degree  tensor(10)
----------- core.py torch.sort() replace to OrderedDict time:  0.08904790878295898
step:  3
bucketing time:  0.0006899833679199219
degree: tensor(10) # of output: 48150 ratio: 0.24494966195420484 bucket_loss : tensor(1.0941)
split  buckets total input  1442597
preparing time:  0.08271336555480957
model forward time :  0.3725168704986572
model forward time + loss calculation time:  0.3729865550994873
loss backward time:  0.017426729202270508
-------------------------------------------------------------------------------loss_sum  :  tensor(4.4706)

pure train time 0.4975099563598633
full batch graph loading time:  0.06431341171264648
group buckets input  18164

---------- degree  tensor([1, 2, 3, 4, 5, 6, 7, 8, 9], device='cuda:0', dtype=torch.int32)
----------- core.py torch.sort() replace to OrderedDict time:  0.08110427856445312
bucketing time:  0.0011887550354003906
degree: tensor([1, 2, 3, 4, 5, 6, 7, 8, 9], dtype=torch.int32) # of output: 3962 ratio: 0.02015556719963779 bucket_loss : tensor(0.0882)
preparing time:  0.021014928817749023
model forward time:  0.09686660766601562
loss calculation time:  6.604194641113281e-05
loss backward time:  0.010118961334228516

---------- degree  tensor(10)
----------- core.py torch.sort() replace to OrderedDict time:  0.08680367469787598
step:  0
bucketing time:  0.0006783008575439453
degree: tensor(10) # of output: 48153 ratio: 0.2449649236153858 bucket_loss : tensor(1.0782)

---------- degree  tensor(10)
----------- core.py torch.sort() replace to OrderedDict time:  0.08557772636413574
step:  1
bucketing time:  0.0006783008575439453
degree: tensor(10) # of output: 48153 ratio: 0.2449649236153858 bucket_loss : tensor(1.0765)

---------- degree  tensor(10)
----------- core.py torch.sort() replace to OrderedDict time:  0.0864107608795166
step:  2
bucketing time:  0.0006692409515380859
degree: tensor(10) # of output: 48153 ratio: 0.2449649236153858 bucket_loss : tensor(1.0813)

---------- degree  tensor(10)
----------- core.py torch.sort() replace to OrderedDict time:  0.08656930923461914
step:  3
bucketing time:  0.0006759166717529297
degree: tensor(10) # of output: 48150 ratio: 0.24494966195420484 bucket_loss : tensor(1.0806)
split  buckets total input  1441226
preparing time:  0.08220767974853516
model forward time :  0.370302677154541
model forward time + loss calculation time:  0.37073421478271484
loss backward time:  0.02148914337158203
-------------------------------------------------------------------------------loss_sum  :  tensor(4.4048)

pure train time 0.49927496910095215
full batch graph loading time:  0.04992341995239258
group buckets input  18164

---------- degree  tensor([1, 2, 3, 4, 5, 6, 7, 8, 9], device='cuda:0', dtype=torch.int32)
----------- core.py torch.sort() replace to OrderedDict time:  0.07988882064819336
bucketing time:  0.0011920928955078125
degree: tensor([1, 2, 3, 4, 5, 6, 7, 8, 9], dtype=torch.int32) # of output: 3962 ratio: 0.02015556719963779 bucket_loss : tensor(0.0871)
preparing time:  0.020840883255004883
model forward time:  0.09555912017822266
loss calculation time:  6.699562072753906e-05
loss backward time:  0.008354663848876953

---------- degree  tensor(10)
----------- core.py torch.sort() replace to OrderedDict time:  0.08621859550476074
step:  0
bucketing time:  0.0006754398345947266
degree: tensor(10) # of output: 48153 ratio: 0.2449649236153858 bucket_loss : tensor(1.0625)

---------- degree  tensor(10)
----------- core.py torch.sort() replace to OrderedDict time:  0.08629870414733887
step:  1
bucketing time:  0.0006783008575439453
degree: tensor(10) # of output: 48153 ratio: 0.2449649236153858 bucket_loss : tensor(1.0612)

---------- degree  tensor(10)
----------- core.py torch.sort() replace to OrderedDict time:  0.0867457389831543
step:  2
bucketing time:  0.0007483959197998047
degree: tensor(10) # of output: 48153 ratio: 0.2449649236153858 bucket_loss : tensor(1.0610)

---------- degree  tensor(10)
----------- core.py torch.sort() replace to OrderedDict time:  0.08736610412597656
step:  3
bucketing time:  0.0006999969482421875
degree: tensor(10) # of output: 48150 ratio: 0.24494966195420484 bucket_loss : tensor(1.0663)
split  buckets total input  1441628
preparing time:  0.08246254920959473
model forward time :  0.37293505668640137
model forward time + loss calculation time:  0.3734149932861328
loss backward time:  0.01513218879699707
-------------------------------------------------------------------------------loss_sum  :  tensor(4.3381)

pure train time 0.49252796173095703
full batch graph loading time:  0.04429960250854492
group buckets input  18164

---------- degree  tensor([1, 2, 3, 4, 5, 6, 7, 8, 9], device='cuda:0', dtype=torch.int32)
----------- core.py torch.sort() replace to OrderedDict time:  0.08024477958679199
bucketing time:  0.0012004375457763672
degree: tensor([1, 2, 3, 4, 5, 6, 7, 8, 9], dtype=torch.int32) # of output: 3962 ratio: 0.02015556719963779 bucket_loss : tensor(0.0859)
preparing time:  0.02087545394897461
model forward time:  0.09627294540405273
loss calculation time:  7.891654968261719e-05
loss backward time:  0.014975309371948242

---------- degree  tensor(10)
----------- core.py torch.sort() replace to OrderedDict time:  0.08832836151123047
step:  0
bucketing time:  0.0006911754608154297
degree: tensor(10) # of output: 48153 ratio: 0.2449649236153858 bucket_loss : tensor(1.0481)

---------- degree  tensor(10)
----------- core.py torch.sort() replace to OrderedDict time:  0.08675575256347656
step:  1
bucketing time:  0.0006792545318603516
degree: tensor(10) # of output: 48153 ratio: 0.2449649236153858 bucket_loss : tensor(1.0514)

---------- degree  tensor(10)
----------- core.py torch.sort() replace to OrderedDict time:  0.0871739387512207
step:  2
bucketing time:  0.0006725788116455078
degree: tensor(10) # of output: 48153 ratio: 0.2449649236153858 bucket_loss : tensor(1.0393)

---------- degree  tensor(10)
----------- core.py torch.sort() replace to OrderedDict time:  0.08768963813781738
step:  3
bucketing time:  0.0006973743438720703
degree: tensor(10) # of output: 48150 ratio: 0.24494966195420484 bucket_loss : tensor(1.0459)
split  buckets total input  1441113
preparing time:  0.0856325626373291
model forward time :  0.3748035430908203
model forward time + loss calculation time:  0.3752329349517822
loss backward time:  0.01666426658630371
-------------------------------------------------------------------------------loss_sum  :  tensor(4.2706)

pure train time 0.5032243728637695
full batch graph loading time:  0.06787514686584473
group buckets input  18164

---------- degree  tensor([1, 2, 3, 4, 5, 6, 7, 8, 9], device='cuda:0', dtype=torch.int32)
----------- core.py torch.sort() replace to OrderedDict time:  0.0813589096069336
bucketing time:  0.0011949539184570312
degree: tensor([1, 2, 3, 4, 5, 6, 7, 8, 9], dtype=torch.int32) # of output: 3962 ratio: 0.02015556719963779 bucket_loss : tensor(0.0848)
preparing time:  0.020938634872436523
model forward time:  0.09702706336975098
loss calculation time:  6.699562072753906e-05
loss backward time:  0.011424541473388672

---------- degree  tensor(10)
----------- core.py torch.sort() replace to OrderedDict time:  0.08693623542785645
step:  0
bucketing time:  0.0006771087646484375
degree: tensor(10) # of output: 48153 ratio: 0.2449649236153858 bucket_loss : tensor(1.0279)

---------- degree  tensor(10)
----------- core.py torch.sort() replace to OrderedDict time:  0.0872035026550293
step:  1
bucketing time:  0.0006833076477050781
degree: tensor(10) # of output: 48153 ratio: 0.2449649236153858 bucket_loss : tensor(1.0308)

---------- degree  tensor(10)
----------- core.py torch.sort() replace to OrderedDict time:  0.08668971061706543
step:  2
bucketing time:  0.0006780624389648438
degree: tensor(10) # of output: 48153 ratio: 0.2449649236153858 bucket_loss : tensor(1.0284)

---------- degree  tensor(10)
----------- core.py torch.sort() replace to OrderedDict time:  0.08692216873168945
step:  3
bucketing time:  0.0006976127624511719
degree: tensor(10) # of output: 48150 ratio: 0.24494966195420484 bucket_loss : tensor(1.0271)
split  buckets total input  1441544
preparing time:  0.08212637901306152
model forward time :  0.3725466728210449
model forward time + loss calculation time:  0.37299227714538574
loss backward time:  0.022500276565551758
-------------------------------------------------------------------------------loss_sum  :  tensor(4.1990)

pure train time 0.5040111541748047

avg epoch time:  2.2892359665461948
avg pure train time:  0.4961066927228655
avg block subtensor loading time:  0.13370636531284877
avg preparing time:  0.1871504783630371
avg block to device time:  0.016617434365408763
avg grouping time:  0.12925846236092703
avg splitting time:  1.7542401722499303
avg optimizing time:  0.0012054102761404856

avg input nodes number :  1459849.857142857
avg input nodes number/pure train time :  2942612.7052036296
avg input nodes number/avg epoch time :  637701.7828115617
