main start at this time 1672977381.1706054
-----------------------------------------before load data 
 Nvidia-smi: 0.166015625 GB
    Memory Allocated: 0.0  GigaBytes
Max Memory Allocated: 0.0  GigaBytes

#nodes: 2449029
#edges: 123718024
#classes: 47
success----------------------------------------
196571
39255
2164782
# Nodes: 2400608
# Edges: 123718024
# Train: 196571
# Val: 39255
# Test: 2164782
# Classes: 47

----------------------------------------start of run function 
 Nvidia-smi: 0.166015625 GB
    Memory Allocated: 0.0  GigaBytes
Max Memory Allocated: 0.0  GigaBytes

in feats:  100
group buckets input  18164

---------- degree  tensor([1, 2, 3, 4, 5, 6, 7, 8, 9], device='cuda:0', dtype=torch.int32)
----------- core.py torch.sort() replace to OrderedDict time:  0.08590102195739746
bucketing time:  0.001310110092163086
degree: tensor([1, 2, 3, 4, 5, 6, 7, 8, 9], dtype=torch.int32) # of output: 3962 ratio: 0.02015556719963779 bucket_loss : tensor(0.0948)
preparing time:  0.23999285697937012
model forward time:  0.11668848991394043
loss calculation time:  0.0001633167266845703
loss backward time:  0.02360820770263672

---------- degree  tensor(10)
----------- core.py torch.sort() replace to OrderedDict time:  0.08891510963439941
step:  0
bucketing time:  0.0006825923919677734
degree: tensor(10) # of output: 12039 ratio: 0.06124504631914168 bucket_loss : tensor(0.2913)

---------- degree  tensor(10)
----------- core.py torch.sort() replace to OrderedDict time:  0.08096742630004883
step:  1
bucketing time:  0.0006670951843261719
degree: tensor(10) # of output: 12039 ratio: 0.06124504631914168 bucket_loss : tensor(0.2948)

---------- degree  tensor(10)
----------- core.py torch.sort() replace to OrderedDict time:  0.08144736289978027
step:  2
bucketing time:  0.0006511211395263672
degree: tensor(10) # of output: 12039 ratio: 0.06124504631914168 bucket_loss : tensor(0.2929)

---------- degree  tensor(10)
----------- core.py torch.sort() replace to OrderedDict time:  0.08141851425170898
step:  3
bucketing time:  0.0006666183471679688
degree: tensor(10) # of output: 12039 ratio: 0.06124504631914168 bucket_loss : tensor(0.2960)

---------- degree  tensor(10)
----------- core.py torch.sort() replace to OrderedDict time:  0.08143973350524902
step:  4
bucketing time:  0.0006618499755859375
degree: tensor(10) # of output: 12039 ratio: 0.06124504631914168 bucket_loss : tensor(0.2968)

---------- degree  tensor(10)
----------- core.py torch.sort() replace to OrderedDict time:  0.08195066452026367
step:  5
bucketing time:  0.0006606578826904297
degree: tensor(10) # of output: 12039 ratio: 0.06124504631914168 bucket_loss : tensor(0.2930)

---------- degree  tensor(10)
----------- core.py torch.sort() replace to OrderedDict time:  0.08131885528564453
step:  6
bucketing time:  0.0006914138793945312
degree: tensor(10) # of output: 12039 ratio: 0.06124504631914168 bucket_loss : tensor(0.2916)

---------- degree  tensor(10)
----------- core.py torch.sort() replace to OrderedDict time:  0.08140301704406738
step:  7
bucketing time:  0.0006608963012695312
degree: tensor(10) # of output: 12039 ratio: 0.06124504631914168 bucket_loss : tensor(0.2948)

---------- degree  tensor(10)
----------- core.py torch.sort() replace to OrderedDict time:  0.08171558380126953
step:  8
bucketing time:  0.0006568431854248047
degree: tensor(10) # of output: 12039 ratio: 0.06124504631914168 bucket_loss : tensor(0.2958)

---------- degree  tensor(10)
----------- core.py torch.sort() replace to OrderedDict time:  0.0816946029663086
step:  9
bucketing time:  0.0006632804870605469
degree: tensor(10) # of output: 12039 ratio: 0.06124504631914168 bucket_loss : tensor(0.2915)

---------- degree  tensor(10)
----------- core.py torch.sort() replace to OrderedDict time:  0.08232402801513672
step:  10
bucketing time:  0.0006799697875976562
degree: tensor(10) # of output: 12039 ratio: 0.06124504631914168 bucket_loss : tensor(0.2909)

---------- degree  tensor(10)
----------- core.py torch.sort() replace to OrderedDict time:  0.0816805362701416
step:  11
bucketing time:  0.0006697177886962891
degree: tensor(10) # of output: 12039 ratio: 0.06124504631914168 bucket_loss : tensor(0.2926)

---------- degree  tensor(10)
----------- core.py torch.sort() replace to OrderedDict time:  0.08289337158203125
step:  12
bucketing time:  0.0006649494171142578
degree: tensor(10) # of output: 12039 ratio: 0.06124504631914168 bucket_loss : tensor(0.2922)

---------- degree  tensor(10)
----------- core.py torch.sort() replace to OrderedDict time:  0.09104371070861816
step:  13
bucketing time:  0.0006887912750244141
degree: tensor(10) # of output: 12039 ratio: 0.06124504631914168 bucket_loss : tensor(0.2950)

---------- degree  tensor(10)
----------- core.py torch.sort() replace to OrderedDict time:  0.08185029029846191
step:  14
bucketing time:  0.0006504058837890625
degree: tensor(10) # of output: 12039 ratio: 0.06124504631914168 bucket_loss : tensor(0.2942)

---------- degree  tensor(10)
----------- core.py torch.sort() replace to OrderedDict time:  0.08181238174438477
step:  15
bucketing time:  0.0006551742553710938
degree: tensor(10) # of output: 12024 ratio: 0.06116873801323695 bucket_loss : tensor(0.2934)
split  buckets total input  1850863
preparing time:  0.10678386688232422
model forward time :  1.4000422954559326
model forward time + loss calculation time:  1.402146577835083
loss backward time:  0.10979723930358887
-------------------------------------------------------------------------------loss_sum  :  tensor(4.7917)

group buckets input  18164

---------- degree  tensor([1, 2, 3, 4, 5, 6, 7, 8, 9], device='cuda:0', dtype=torch.int32)
----------- core.py torch.sort() replace to OrderedDict time:  0.08241057395935059
bucketing time:  0.001165151596069336
degree: tensor([1, 2, 3, 4, 5, 6, 7, 8, 9], dtype=torch.int32) # of output: 3962 ratio: 0.02015556719963779 bucket_loss : tensor(0.0937)
preparing time:  0.020841121673583984
model forward time:  0.0992732048034668
loss calculation time:  6.29425048828125e-05
loss backward time:  0.01723504066467285

---------- degree  tensor(10)
----------- core.py torch.sort() replace to OrderedDict time:  0.08882880210876465
step:  0
bucketing time:  0.0006589889526367188
degree: tensor(10) # of output: 12039 ratio: 0.06124504631914168 bucket_loss : tensor(0.2919)

---------- degree  tensor(10)
----------- core.py torch.sort() replace to OrderedDict time:  0.0878591537475586
step:  1
bucketing time:  0.0006706714630126953
degree: tensor(10) # of output: 12039 ratio: 0.06124504631914168 bucket_loss : tensor(0.2885)

---------- degree  tensor(10)
----------- core.py torch.sort() replace to OrderedDict time:  0.08395004272460938
step:  2
bucketing time:  0.0006585121154785156
degree: tensor(10) # of output: 12039 ratio: 0.06124504631914168 bucket_loss : tensor(0.2898)

---------- degree  tensor(10)
----------- core.py torch.sort() replace to OrderedDict time:  0.08276963233947754
step:  3
bucketing time:  0.0006580352783203125
degree: tensor(10) # of output: 12039 ratio: 0.06124504631914168 bucket_loss : tensor(0.2909)

---------- degree  tensor(10)
----------- core.py torch.sort() replace to OrderedDict time:  0.09787416458129883
step:  4
bucketing time:  0.0006601810455322266
degree: tensor(10) # of output: 12039 ratio: 0.06124504631914168 bucket_loss : tensor(0.2881)

---------- degree  tensor(10)
----------- core.py torch.sort() replace to OrderedDict time:  0.08299493789672852
step:  5
bucketing time:  0.0006594657897949219
degree: tensor(10) # of output: 12039 ratio: 0.06124504631914168 bucket_loss : tensor(0.2903)

---------- degree  tensor(10)
----------- core.py torch.sort() replace to OrderedDict time:  0.08270502090454102
step:  6
bucketing time:  0.0006566047668457031
degree: tensor(10) # of output: 12039 ratio: 0.06124504631914168 bucket_loss : tensor(0.2880)

---------- degree  tensor(10)
----------- core.py torch.sort() replace to OrderedDict time:  0.08308982849121094
step:  7
bucketing time:  0.0006587505340576172
degree: tensor(10) # of output: 12039 ratio: 0.06124504631914168 bucket_loss : tensor(0.2905)

---------- degree  tensor(10)
----------- core.py torch.sort() replace to OrderedDict time:  0.08270764350891113
step:  8
bucketing time:  0.0006682872772216797
degree: tensor(10) # of output: 12039 ratio: 0.06124504631914168 bucket_loss : tensor(0.2911)

---------- degree  tensor(10)
----------- core.py torch.sort() replace to OrderedDict time:  0.0828557014465332
step:  9
bucketing time:  0.0006604194641113281
degree: tensor(10) # of output: 12039 ratio: 0.06124504631914168 bucket_loss : tensor(0.2911)

---------- degree  tensor(10)
----------- core.py torch.sort() replace to OrderedDict time:  0.0827794075012207
step:  10
bucketing time:  0.0006597042083740234
degree: tensor(10) # of output: 12039 ratio: 0.06124504631914168 bucket_loss : tensor(0.2893)

---------- degree  tensor(10)
----------- core.py torch.sort() replace to OrderedDict time:  0.0830376148223877
step:  11
bucketing time:  0.0006625652313232422
degree: tensor(10) # of output: 12039 ratio: 0.06124504631914168 bucket_loss : tensor(0.2871)

---------- degree  tensor(10)
----------- core.py torch.sort() replace to OrderedDict time:  0.08360433578491211
step:  12
bucketing time:  0.0006670951843261719
degree: tensor(10) # of output: 12039 ratio: 0.06124504631914168 bucket_loss : tensor(0.2896)

---------- degree  tensor(10)
----------- core.py torch.sort() replace to OrderedDict time:  0.08482718467712402
step:  13
bucketing time:  0.0006756782531738281
degree: tensor(10) # of output: 12039 ratio: 0.06124504631914168 bucket_loss : tensor(0.2902)

---------- degree  tensor(10)
----------- core.py torch.sort() replace to OrderedDict time:  0.0838613510131836
step:  14
bucketing time:  0.0006601810455322266
degree: tensor(10) # of output: 12039 ratio: 0.06124504631914168 bucket_loss : tensor(0.2876)

---------- degree  tensor(10)
----------- core.py torch.sort() replace to OrderedDict time:  0.08347797393798828
step:  15
bucketing time:  0.0006620883941650391
degree: tensor(10) # of output: 12024 ratio: 0.06116873801323695 bucket_loss : tensor(0.2896)
split  buckets total input  1851145
preparing time:  0.10597109794616699
model forward time :  1.4283695220947266
model forward time + loss calculation time:  1.430438756942749
loss backward time:  0.10694551467895508
-------------------------------------------------------------------------------loss_sum  :  tensor(4.7273)

group buckets input  18164

---------- degree  tensor([1, 2, 3, 4, 5, 6, 7, 8, 9], device='cuda:0', dtype=torch.int32)
----------- core.py torch.sort() replace to OrderedDict time:  0.07670903205871582
bucketing time:  0.0012340545654296875
degree: tensor([1, 2, 3, 4, 5, 6, 7, 8, 9], dtype=torch.int32) # of output: 3962 ratio: 0.02015556719963779 bucket_loss : tensor(0.0926)
preparing time:  0.026180505752563477
model forward time:  0.09373593330383301
loss calculation time:  0.00010228157043457031
loss backward time:  0.019999265670776367

---------- degree  tensor(10)
----------- core.py torch.sort() replace to OrderedDict time:  0.09194302558898926
step:  0
bucketing time:  0.0007417201995849609
degree: tensor(10) # of output: 12039 ratio: 0.06124504631914168 bucket_loss : tensor(0.2860)

---------- degree  tensor(10)
----------- core.py torch.sort() replace to OrderedDict time:  0.08249068260192871
step:  1
bucketing time:  0.0006744861602783203
degree: tensor(10) # of output: 12039 ratio: 0.06124504631914168 bucket_loss : tensor(0.2859)

---------- degree  tensor(10)
----------- core.py torch.sort() replace to OrderedDict time:  0.08248424530029297
step:  2
bucketing time:  0.0006766319274902344
degree: tensor(10) # of output: 12039 ratio: 0.06124504631914168 bucket_loss : tensor(0.2860)

---------- degree  tensor(10)
----------- core.py torch.sort() replace to OrderedDict time:  0.08319091796875
step:  3
bucketing time:  0.0006525516510009766
degree: tensor(10) # of output: 12039 ratio: 0.06124504631914168 bucket_loss : tensor(0.2847)

---------- degree  tensor(10)
----------- core.py torch.sort() replace to OrderedDict time:  0.0833597183227539
step:  4
bucketing time:  0.0006732940673828125
degree: tensor(10) # of output: 12039 ratio: 0.06124504631914168 bucket_loss : tensor(0.2833)

---------- degree  tensor(10)
----------- core.py torch.sort() replace to OrderedDict time:  0.08290386199951172
step:  5
bucketing time:  0.0006549358367919922
degree: tensor(10) # of output: 12039 ratio: 0.06124504631914168 bucket_loss : tensor(0.2855)

---------- degree  tensor(10)
----------- core.py torch.sort() replace to OrderedDict time:  0.08280372619628906
step:  6
bucketing time:  0.000659942626953125
degree: tensor(10) # of output: 12039 ratio: 0.06124504631914168 bucket_loss : tensor(0.2909)

---------- degree  tensor(10)
----------- core.py torch.sort() replace to OrderedDict time:  0.08525848388671875
step:  7
bucketing time:  0.0007832050323486328
degree: tensor(10) # of output: 12039 ratio: 0.06124504631914168 bucket_loss : tensor(0.2847)

---------- degree  tensor(10)
----------- core.py torch.sort() replace to OrderedDict time:  0.08304691314697266
step:  8
bucketing time:  0.0006577968597412109
degree: tensor(10) # of output: 12039 ratio: 0.06124504631914168 bucket_loss : tensor(0.2866)

---------- degree  tensor(10)
----------- core.py torch.sort() replace to OrderedDict time:  0.08372974395751953
step:  9
bucketing time:  0.0006601810455322266
degree: tensor(10) # of output: 12039 ratio: 0.06124504631914168 bucket_loss : tensor(0.2842)

---------- degree  tensor(10)
----------- core.py torch.sort() replace to OrderedDict time:  0.08456039428710938
step:  10
bucketing time:  0.0006594657897949219
degree: tensor(10) # of output: 12039 ratio: 0.06124504631914168 bucket_loss : tensor(0.2871)

---------- degree  tensor(10)
----------- core.py torch.sort() replace to OrderedDict time:  0.08299827575683594
step:  11
bucketing time:  0.0006682872772216797
degree: tensor(10) # of output: 12039 ratio: 0.06124504631914168 bucket_loss : tensor(0.2845)

---------- degree  tensor(10)
----------- core.py torch.sort() replace to OrderedDict time:  0.08436012268066406
step:  12
bucketing time:  0.0006651878356933594
degree: tensor(10) # of output: 12039 ratio: 0.06124504631914168 bucket_loss : tensor(0.2840)

---------- degree  tensor(10)
----------- core.py torch.sort() replace to OrderedDict time:  0.0829627513885498
step:  13
bucketing time:  0.0006756782531738281
degree: tensor(10) # of output: 12039 ratio: 0.06124504631914168 bucket_loss : tensor(0.2869)

---------- degree  tensor(10)
----------- core.py torch.sort() replace to OrderedDict time:  0.08315634727478027
step:  14
bucketing time:  0.0006701946258544922
degree: tensor(10) # of output: 12039 ratio: 0.06124504631914168 bucket_loss : tensor(0.2871)

---------- degree  tensor(10)
----------- core.py torch.sort() replace to OrderedDict time:  0.08313536643981934
step:  15
bucketing time:  0.0006606578826904297
degree: tensor(10) # of output: 12024 ratio: 0.06116873801323695 bucket_loss : tensor(0.2835)
split  buckets total input  1850019
preparing time:  0.10829710960388184
model forward time :  1.4140071868896484
model forward time + loss calculation time:  1.4157965183258057
loss backward time:  0.06002974510192871
-------------------------------------------------------------------------------loss_sum  :  tensor(4.6635)

full batch graph loading time:  0.04829907417297363
group buckets input  18164

---------- degree  tensor([1, 2, 3, 4, 5, 6, 7, 8, 9], device='cuda:0', dtype=torch.int32)
----------- core.py torch.sort() replace to OrderedDict time:  0.07826352119445801
bucketing time:  0.0011835098266601562
degree: tensor([1, 2, 3, 4, 5, 6, 7, 8, 9], dtype=torch.int32) # of output: 3962 ratio: 0.02015556719963779 bucket_loss : tensor(0.0915)
preparing time:  0.02074909210205078
model forward time:  0.09399294853210449
loss calculation time:  6.413459777832031e-05
loss backward time:  0.00890207290649414

---------- degree  tensor(10)
----------- core.py torch.sort() replace to OrderedDict time:  0.08340120315551758
step:  0
bucketing time:  0.0006654262542724609
degree: tensor(10) # of output: 12039 ratio: 0.06124504631914168 bucket_loss : tensor(0.2800)

---------- degree  tensor(10)
----------- core.py torch.sort() replace to OrderedDict time:  0.08354496955871582
step:  1
bucketing time:  0.0007140636444091797
degree: tensor(10) # of output: 12039 ratio: 0.06124504631914168 bucket_loss : tensor(0.2820)

---------- degree  tensor(10)
----------- core.py torch.sort() replace to OrderedDict time:  0.08359336853027344
step:  2
bucketing time:  0.0007171630859375
degree: tensor(10) # of output: 12039 ratio: 0.06124504631914168 bucket_loss : tensor(0.2813)

---------- degree  tensor(10)
----------- core.py torch.sort() replace to OrderedDict time:  0.08429670333862305
step:  3
bucketing time:  0.0006883144378662109
degree: tensor(10) # of output: 12039 ratio: 0.06124504631914168 bucket_loss : tensor(0.2805)

---------- degree  tensor(10)
----------- core.py torch.sort() replace to OrderedDict time:  0.08433413505554199
step:  4
bucketing time:  0.0007102489471435547
degree: tensor(10) # of output: 12039 ratio: 0.06124504631914168 bucket_loss : tensor(0.2821)

---------- degree  tensor(10)
----------- core.py torch.sort() replace to OrderedDict time:  0.08467316627502441
step:  5
bucketing time:  0.0007066726684570312
degree: tensor(10) # of output: 12039 ratio: 0.06124504631914168 bucket_loss : tensor(0.2817)

---------- degree  tensor(10)
----------- core.py torch.sort() replace to OrderedDict time:  0.08506345748901367
step:  6
bucketing time:  0.0006728172302246094
degree: tensor(10) # of output: 12039 ratio: 0.06124504631914168 bucket_loss : tensor(0.2823)

---------- degree  tensor(10)
----------- core.py torch.sort() replace to OrderedDict time:  0.08495068550109863
step:  7
bucketing time:  0.0006868839263916016
degree: tensor(10) # of output: 12039 ratio: 0.06124504631914168 bucket_loss : tensor(0.2821)

---------- degree  tensor(10)
----------- core.py torch.sort() replace to OrderedDict time:  0.08434677124023438
step:  8
bucketing time:  0.0006823539733886719
degree: tensor(10) # of output: 12039 ratio: 0.06124504631914168 bucket_loss : tensor(0.2802)

---------- degree  tensor(10)
----------- core.py torch.sort() replace to OrderedDict time:  0.0843048095703125
step:  9
bucketing time:  0.0006797313690185547
degree: tensor(10) # of output: 12039 ratio: 0.06124504631914168 bucket_loss : tensor(0.2795)

---------- degree  tensor(10)
----------- core.py torch.sort() replace to OrderedDict time:  0.08445572853088379
step:  10
bucketing time:  0.0006780624389648438
degree: tensor(10) # of output: 12039 ratio: 0.06124504631914168 bucket_loss : tensor(0.2795)

---------- degree  tensor(10)
----------- core.py torch.sort() replace to OrderedDict time:  0.08443260192871094
step:  11
bucketing time:  0.0006787776947021484
degree: tensor(10) # of output: 12039 ratio: 0.06124504631914168 bucket_loss : tensor(0.2824)

---------- degree  tensor(10)
----------- core.py torch.sort() replace to OrderedDict time:  0.0849916934967041
step:  12
bucketing time:  0.0006783008575439453
degree: tensor(10) # of output: 12039 ratio: 0.06124504631914168 bucket_loss : tensor(0.2803)

---------- degree  tensor(10)
----------- core.py torch.sort() replace to OrderedDict time:  0.08735060691833496
step:  13
bucketing time:  0.0006856918334960938
degree: tensor(10) # of output: 12039 ratio: 0.06124504631914168 bucket_loss : tensor(0.2848)

---------- degree  tensor(10)
----------- core.py torch.sort() replace to OrderedDict time:  0.08634400367736816
step:  14
bucketing time:  0.0006666183471679688
degree: tensor(10) # of output: 12039 ratio: 0.06124504631914168 bucket_loss : tensor(0.2871)

---------- degree  tensor(10)
----------- core.py torch.sort() replace to OrderedDict time:  0.08415508270263672
step:  15
bucketing time:  0.0006821155548095703
degree: tensor(10) # of output: 12024 ratio: 0.06116873801323695 bucket_loss : tensor(0.2817)
split  buckets total input  1850892
preparing time:  0.1069493293762207
model forward time :  1.4247431755065918
model forward time + loss calculation time:  1.4265468120574951
loss backward time:  0.056591033935546875
-------------------------------------------------------------------------------loss_sum  :  tensor(4.5988)

pure train time 1.586097002029419
full batch graph loading time:  0.0415186882019043
group buckets input  18164

---------- degree  tensor([1, 2, 3, 4, 5, 6, 7, 8, 9], device='cuda:0', dtype=torch.int32)
----------- core.py torch.sort() replace to OrderedDict time:  0.08117866516113281
bucketing time:  0.0011696815490722656
degree: tensor([1, 2, 3, 4, 5, 6, 7, 8, 9], dtype=torch.int32) # of output: 3962 ratio: 0.02015556719963779 bucket_loss : tensor(0.0904)
preparing time:  0.02060985565185547
model forward time:  0.09680414199829102
loss calculation time:  6.437301635742188e-05
loss backward time:  0.013128280639648438

---------- degree  tensor(10)
----------- core.py torch.sort() replace to OrderedDict time:  0.08552336692810059
step:  0
bucketing time:  0.0006742477416992188
degree: tensor(10) # of output: 12039 ratio: 0.06124504631914168 bucket_loss : tensor(0.2780)

---------- degree  tensor(10)
----------- core.py torch.sort() replace to OrderedDict time:  0.08685827255249023
step:  1
bucketing time:  0.0006933212280273438
degree: tensor(10) # of output: 12039 ratio: 0.06124504631914168 bucket_loss : tensor(0.2754)

---------- degree  tensor(10)
----------- core.py torch.sort() replace to OrderedDict time:  0.0837242603302002
step:  2
bucketing time:  0.0006809234619140625
degree: tensor(10) # of output: 12039 ratio: 0.06124504631914168 bucket_loss : tensor(0.2788)

---------- degree  tensor(10)
----------- core.py torch.sort() replace to OrderedDict time:  0.08424592018127441
step:  3
bucketing time:  0.0006718635559082031
degree: tensor(10) # of output: 12039 ratio: 0.06124504631914168 bucket_loss : tensor(0.2773)

---------- degree  tensor(10)
----------- core.py torch.sort() replace to OrderedDict time:  0.08510804176330566
step:  4
bucketing time:  0.0006952285766601562
degree: tensor(10) # of output: 12039 ratio: 0.06124504631914168 bucket_loss : tensor(0.2760)

---------- degree  tensor(10)
----------- core.py torch.sort() replace to OrderedDict time:  0.08441519737243652
step:  5
bucketing time:  0.0006723403930664062
degree: tensor(10) # of output: 12039 ratio: 0.06124504631914168 bucket_loss : tensor(0.2797)

---------- degree  tensor(10)
----------- core.py torch.sort() replace to OrderedDict time:  0.08428668975830078
step:  6
bucketing time:  0.0006794929504394531
degree: tensor(10) # of output: 12039 ratio: 0.06124504631914168 bucket_loss : tensor(0.2827)

---------- degree  tensor(10)
----------- core.py torch.sort() replace to OrderedDict time:  0.08436965942382812
step:  7
bucketing time:  0.0006742477416992188
degree: tensor(10) # of output: 12039 ratio: 0.06124504631914168 bucket_loss : tensor(0.2765)

---------- degree  tensor(10)
----------- core.py torch.sort() replace to OrderedDict time:  0.0846564769744873
step:  8
bucketing time:  0.0006837844848632812
degree: tensor(10) # of output: 12039 ratio: 0.06124504631914168 bucket_loss : tensor(0.2751)

---------- degree  tensor(10)
----------- core.py torch.sort() replace to OrderedDict time:  0.08522343635559082
step:  9
bucketing time:  0.0006759166717529297
degree: tensor(10) # of output: 12039 ratio: 0.06124504631914168 bucket_loss : tensor(0.2775)

---------- degree  tensor(10)
----------- core.py torch.sort() replace to OrderedDict time:  0.08498501777648926
step:  10
bucketing time:  0.0006766319274902344
degree: tensor(10) # of output: 12039 ratio: 0.06124504631914168 bucket_loss : tensor(0.2764)

---------- degree  tensor(10)
----------- core.py torch.sort() replace to OrderedDict time:  0.08463668823242188
step:  11
bucketing time:  0.0006747245788574219
degree: tensor(10) # of output: 12039 ratio: 0.06124504631914168 bucket_loss : tensor(0.2785)

---------- degree  tensor(10)
----------- core.py torch.sort() replace to OrderedDict time:  0.08484625816345215
step:  12
bucketing time:  0.0006687641143798828
degree: tensor(10) # of output: 12039 ratio: 0.06124504631914168 bucket_loss : tensor(0.2777)

---------- degree  tensor(10)
----------- core.py torch.sort() replace to OrderedDict time:  0.08430266380310059
step:  13
bucketing time:  0.0006680488586425781
degree: tensor(10) # of output: 12039 ratio: 0.06124504631914168 bucket_loss : tensor(0.2822)

---------- degree  tensor(10)
----------- core.py torch.sort() replace to OrderedDict time:  0.0841217041015625
step:  14
bucketing time:  0.0006761550903320312
degree: tensor(10) # of output: 12039 ratio: 0.06124504631914168 bucket_loss : tensor(0.2760)

---------- degree  tensor(10)
----------- core.py torch.sort() replace to OrderedDict time:  0.08623313903808594
step:  15
bucketing time:  0.0006861686706542969
degree: tensor(10) # of output: 12024 ratio: 0.06116873801323695 bucket_loss : tensor(0.2773)
split  buckets total input  1850687
preparing time:  0.10586094856262207
model forward time :  1.427544355392456
model forward time + loss calculation time:  1.4293882846832275
loss backward time:  0.05755305290222168
-------------------------------------------------------------------------------loss_sum  :  tensor(4.5354)

pure train time 1.596938133239746
full batch graph loading time:  0.06544065475463867
group buckets input  18164

---------- degree  tensor([1, 2, 3, 4, 5, 6, 7, 8, 9], device='cuda:0', dtype=torch.int32)
----------- core.py torch.sort() replace to OrderedDict time:  0.08532190322875977
bucketing time:  0.001186370849609375
degree: tensor([1, 2, 3, 4, 5, 6, 7, 8, 9], dtype=torch.int32) # of output: 3962 ratio: 0.02015556719963779 bucket_loss : tensor(0.0893)
preparing time:  0.020804882049560547
model forward time:  0.10109972953796387
loss calculation time:  6.365776062011719e-05
loss backward time:  0.009713411331176758

---------- degree  tensor(10)
----------- core.py torch.sort() replace to OrderedDict time:  0.0847330093383789
step:  0
bucketing time:  0.0006773471832275391
degree: tensor(10) # of output: 12039 ratio: 0.06124504631914168 bucket_loss : tensor(0.2753)

---------- degree  tensor(10)
----------- core.py torch.sort() replace to OrderedDict time:  0.08429217338562012
step:  1
bucketing time:  0.0006749629974365234
degree: tensor(10) # of output: 12039 ratio: 0.06124504631914168 bucket_loss : tensor(0.2754)

---------- degree  tensor(10)
----------- core.py torch.sort() replace to OrderedDict time:  0.08437275886535645
step:  2
bucketing time:  0.0006799697875976562
degree: tensor(10) # of output: 12039 ratio: 0.06124504631914168 bucket_loss : tensor(0.2729)

---------- degree  tensor(10)
----------- core.py torch.sort() replace to OrderedDict time:  0.08455109596252441
step:  3
bucketing time:  0.0006814002990722656
degree: tensor(10) # of output: 12039 ratio: 0.06124504631914168 bucket_loss : tensor(0.2749)

---------- degree  tensor(10)
----------- core.py torch.sort() replace to OrderedDict time:  0.08508634567260742
step:  4
bucketing time:  0.0006756782531738281
degree: tensor(10) # of output: 12039 ratio: 0.06124504631914168 bucket_loss : tensor(0.2750)

---------- degree  tensor(10)
----------- core.py torch.sort() replace to OrderedDict time:  0.08473324775695801
step:  5
bucketing time:  0.0006737709045410156
degree: tensor(10) # of output: 12039 ratio: 0.06124504631914168 bucket_loss : tensor(0.2711)

---------- degree  tensor(10)
----------- core.py torch.sort() replace to OrderedDict time:  0.08512139320373535
step:  6
bucketing time:  0.0006818771362304688
degree: tensor(10) # of output: 12039 ratio: 0.06124504631914168 bucket_loss : tensor(0.2754)

---------- degree  tensor(10)
----------- core.py torch.sort() replace to OrderedDict time:  0.08522343635559082
step:  7
bucketing time:  0.0006709098815917969
degree: tensor(10) # of output: 12039 ratio: 0.06124504631914168 bucket_loss : tensor(0.2740)

---------- degree  tensor(10)
----------- core.py torch.sort() replace to OrderedDict time:  0.08505129814147949
step:  8
bucketing time:  0.0006768703460693359
degree: tensor(10) # of output: 12039 ratio: 0.06124504631914168 bucket_loss : tensor(0.2712)

---------- degree  tensor(10)
----------- core.py torch.sort() replace to OrderedDict time:  0.08495712280273438
step:  9
bucketing time:  0.0008087158203125
degree: tensor(10) # of output: 12039 ratio: 0.06124504631914168 bucket_loss : tensor(0.2747)

---------- degree  tensor(10)
----------- core.py torch.sort() replace to OrderedDict time:  0.08547663688659668
step:  10
bucketing time:  0.0007340908050537109
degree: tensor(10) # of output: 12039 ratio: 0.06124504631914168 bucket_loss : tensor(0.2746)

---------- degree  tensor(10)
----------- core.py torch.sort() replace to OrderedDict time:  0.08531570434570312
step:  11
bucketing time:  0.0006763935089111328
degree: tensor(10) # of output: 12039 ratio: 0.06124504631914168 bucket_loss : tensor(0.2730)

---------- degree  tensor(10)
----------- core.py torch.sort() replace to OrderedDict time:  0.08558416366577148
step:  12
bucketing time:  0.0006756782531738281
degree: tensor(10) # of output: 12039 ratio: 0.06124504631914168 bucket_loss : tensor(0.2756)

---------- degree  tensor(10)
----------- core.py torch.sort() replace to OrderedDict time:  0.08533382415771484
step:  13
bucketing time:  0.0006792545318603516
degree: tensor(10) # of output: 12039 ratio: 0.06124504631914168 bucket_loss : tensor(0.2722)

---------- degree  tensor(10)
----------- core.py torch.sort() replace to OrderedDict time:  0.08514165878295898
step:  14
bucketing time:  0.0006871223449707031
degree: tensor(10) # of output: 12039 ratio: 0.06124504631914168 bucket_loss : tensor(0.2722)

---------- degree  tensor(10)
----------- core.py torch.sort() replace to OrderedDict time:  0.08487367630004883
step:  15
bucketing time:  0.0006778240203857422
degree: tensor(10) # of output: 12024 ratio: 0.06116873801323695 bucket_loss : tensor(0.2738)
split  buckets total input  1850400
preparing time:  0.10497808456420898
model forward time :  1.430999517440796
model forward time + loss calculation time:  1.4328434467315674
loss backward time:  0.05718731880187988
-------------------------------------------------------------------------------loss_sum  :  tensor(4.4706)

pure train time 1.600907564163208
full batch graph loading time:  0.043535709381103516
group buckets input  18164

---------- degree  tensor([1, 2, 3, 4, 5, 6, 7, 8, 9], device='cuda:0', dtype=torch.int32)
----------- core.py torch.sort() replace to OrderedDict time:  0.08020472526550293
bucketing time:  0.0011739730834960938
degree: tensor([1, 2, 3, 4, 5, 6, 7, 8, 9], dtype=torch.int32) # of output: 3962 ratio: 0.02015556719963779 bucket_loss : tensor(0.0882)
preparing time:  0.020845651626586914
model forward time:  0.09594345092773438
loss calculation time:  6.532669067382812e-05
loss backward time:  0.00734257698059082

---------- degree  tensor(10)
----------- core.py torch.sort() replace to OrderedDict time:  0.08581066131591797
step:  0
bucketing time:  0.0006818771362304688
degree: tensor(10) # of output: 12039 ratio: 0.06124504631914168 bucket_loss : tensor(0.2701)

---------- degree  tensor(10)
----------- core.py torch.sort() replace to OrderedDict time:  0.08472824096679688
step:  1
bucketing time:  0.0006811618804931641
degree: tensor(10) # of output: 12039 ratio: 0.06124504631914168 bucket_loss : tensor(0.2675)

---------- degree  tensor(10)
----------- core.py torch.sort() replace to OrderedDict time:  0.08509016036987305
step:  2
bucketing time:  0.0006761550903320312
degree: tensor(10) # of output: 12039 ratio: 0.06124504631914168 bucket_loss : tensor(0.2710)

---------- degree  tensor(10)
----------- core.py torch.sort() replace to OrderedDict time:  0.08689117431640625
step:  3
bucketing time:  0.0007879734039306641
degree: tensor(10) # of output: 12039 ratio: 0.06124504631914168 bucket_loss : tensor(0.2696)

---------- degree  tensor(10)
----------- core.py torch.sort() replace to OrderedDict time:  0.0864872932434082
step:  4
bucketing time:  0.0006854534149169922
degree: tensor(10) # of output: 12039 ratio: 0.06124504631914168 bucket_loss : tensor(0.2696)

---------- degree  tensor(10)
----------- core.py torch.sort() replace to OrderedDict time:  0.08746981620788574
step:  5
bucketing time:  0.0006749629974365234
degree: tensor(10) # of output: 12039 ratio: 0.06124504631914168 bucket_loss : tensor(0.2687)

---------- degree  tensor(10)
----------- core.py torch.sort() replace to OrderedDict time:  0.08756732940673828
step:  6
bucketing time:  0.0006852149963378906
degree: tensor(10) # of output: 12039 ratio: 0.06124504631914168 bucket_loss : tensor(0.2687)

---------- degree  tensor(10)
----------- core.py torch.sort() replace to OrderedDict time:  0.08750510215759277
step:  7
bucketing time:  0.0006749629974365234
degree: tensor(10) # of output: 12039 ratio: 0.06124504631914168 bucket_loss : tensor(0.2696)

---------- degree  tensor(10)
----------- core.py torch.sort() replace to OrderedDict time:  0.0876014232635498
step:  8
bucketing time:  0.0006728172302246094
degree: tensor(10) # of output: 12039 ratio: 0.06124504631914168 bucket_loss : tensor(0.2695)

---------- degree  tensor(10)
----------- core.py torch.sort() replace to OrderedDict time:  0.08784699440002441
step:  9
bucketing time:  0.0006685256958007812
degree: tensor(10) # of output: 12039 ratio: 0.06124504631914168 bucket_loss : tensor(0.2726)

---------- degree  tensor(10)
----------- core.py torch.sort() replace to OrderedDict time:  0.08771443367004395
step:  10
bucketing time:  0.0006809234619140625
degree: tensor(10) # of output: 12039 ratio: 0.06124504631914168 bucket_loss : tensor(0.2703)

---------- degree  tensor(10)
----------- core.py torch.sort() replace to OrderedDict time:  0.08794569969177246
step:  11
bucketing time:  0.0006778240203857422
degree: tensor(10) # of output: 12039 ratio: 0.06124504631914168 bucket_loss : tensor(0.2690)

---------- degree  tensor(10)
----------- core.py torch.sort() replace to OrderedDict time:  0.08777046203613281
step:  12
bucketing time:  0.0006749629974365234
degree: tensor(10) # of output: 12039 ratio: 0.06124504631914168 bucket_loss : tensor(0.2730)

---------- degree  tensor(10)
----------- core.py torch.sort() replace to OrderedDict time:  0.08761477470397949
step:  13
bucketing time:  0.0006773471832275391
degree: tensor(10) # of output: 12039 ratio: 0.06124504631914168 bucket_loss : tensor(0.2664)

---------- degree  tensor(10)
----------- core.py torch.sort() replace to OrderedDict time:  0.08809423446655273
step:  14
bucketing time:  0.0006780624389648438
degree: tensor(10) # of output: 12039 ratio: 0.06124504631914168 bucket_loss : tensor(0.2707)

---------- degree  tensor(10)
----------- core.py torch.sort() replace to OrderedDict time:  0.08832883834838867
step:  15
bucketing time:  0.0006735324859619141
degree: tensor(10) # of output: 12024 ratio: 0.06116873801323695 bucket_loss : tensor(0.2702)
split  buckets total input  1850448
preparing time:  0.1083674430847168
model forward time :  1.4660155773162842
model forward time + loss calculation time:  1.4678394794464111
loss backward time:  0.05976462364196777
-------------------------------------------------------------------------------loss_sum  :  tensor(4.4048)

pure train time 1.630955457687378
full batch graph loading time:  0.0675044059753418
group buckets input  18164

---------- degree  tensor([1, 2, 3, 4, 5, 6, 7, 8, 9], device='cuda:0', dtype=torch.int32)
----------- core.py torch.sort() replace to OrderedDict time:  0.07963728904724121
bucketing time:  0.0012018680572509766
degree: tensor([1, 2, 3, 4, 5, 6, 7, 8, 9], dtype=torch.int32) # of output: 3962 ratio: 0.02015556719963779 bucket_loss : tensor(0.0871)
preparing time:  0.023743867874145508
model forward time:  0.0953226089477539
loss calculation time:  6.437301635742188e-05
loss backward time:  0.008665084838867188

---------- degree  tensor(10)
----------- core.py torch.sort() replace to OrderedDict time:  0.08856511116027832
step:  0
bucketing time:  0.000698089599609375
degree: tensor(10) # of output: 12039 ratio: 0.06124504631914168 bucket_loss : tensor(0.2664)

---------- degree  tensor(10)
----------- core.py torch.sort() replace to OrderedDict time:  0.08687233924865723
step:  1
bucketing time:  0.0006768703460693359
degree: tensor(10) # of output: 12039 ratio: 0.06124504631914168 bucket_loss : tensor(0.2657)

---------- degree  tensor(10)
----------- core.py torch.sort() replace to OrderedDict time:  0.08746838569641113
step:  2
bucketing time:  0.0006804466247558594
degree: tensor(10) # of output: 12039 ratio: 0.06124504631914168 bucket_loss : tensor(0.2650)

---------- degree  tensor(10)
----------- core.py torch.sort() replace to OrderedDict time:  0.08791399002075195
step:  3
bucketing time:  0.0006744861602783203
degree: tensor(10) # of output: 12039 ratio: 0.06124504631914168 bucket_loss : tensor(0.2655)

---------- degree  tensor(10)
----------- core.py torch.sort() replace to OrderedDict time:  0.08793067932128906
step:  4
bucketing time:  0.0006754398345947266
degree: tensor(10) # of output: 12039 ratio: 0.06124504631914168 bucket_loss : tensor(0.2679)

---------- degree  tensor(10)
----------- core.py torch.sort() replace to OrderedDict time:  0.08786654472351074
step:  5
bucketing time:  0.0006768703460693359
degree: tensor(10) # of output: 12039 ratio: 0.06124504631914168 bucket_loss : tensor(0.2668)

---------- degree  tensor(10)
----------- core.py torch.sort() replace to OrderedDict time:  0.08777880668640137
step:  6
bucketing time:  0.0006744861602783203
degree: tensor(10) # of output: 12039 ratio: 0.06124504631914168 bucket_loss : tensor(0.2632)

---------- degree  tensor(10)
----------- core.py torch.sort() replace to OrderedDict time:  0.0885930061340332
step:  7
bucketing time:  0.0006730556488037109
degree: tensor(10) # of output: 12039 ratio: 0.06124504631914168 bucket_loss : tensor(0.2633)

---------- degree  tensor(10)
----------- core.py torch.sort() replace to OrderedDict time:  0.08879852294921875
step:  8
bucketing time:  0.0006792545318603516
degree: tensor(10) # of output: 12039 ratio: 0.06124504631914168 bucket_loss : tensor(0.2647)

---------- degree  tensor(10)
----------- core.py torch.sort() replace to OrderedDict time:  0.08929586410522461
step:  9
bucketing time:  0.0006744861602783203
degree: tensor(10) # of output: 12039 ratio: 0.06124504631914168 bucket_loss : tensor(0.2656)

---------- degree  tensor(10)
----------- core.py torch.sort() replace to OrderedDict time:  0.08833551406860352
step:  10
bucketing time:  0.0006842613220214844
degree: tensor(10) # of output: 12039 ratio: 0.06124504631914168 bucket_loss : tensor(0.2664)

---------- degree  tensor(10)
----------- core.py torch.sort() replace to OrderedDict time:  0.088531494140625
step:  11
bucketing time:  0.0006732940673828125
degree: tensor(10) # of output: 12039 ratio: 0.06124504631914168 bucket_loss : tensor(0.2644)

---------- degree  tensor(10)
----------- core.py torch.sort() replace to OrderedDict time:  0.08839774131774902
step:  12
bucketing time:  0.0006775856018066406
degree: tensor(10) # of output: 12039 ratio: 0.06124504631914168 bucket_loss : tensor(0.2660)

---------- degree  tensor(10)
----------- core.py torch.sort() replace to OrderedDict time:  0.0882575511932373
step:  13
bucketing time:  0.0006721019744873047
degree: tensor(10) # of output: 12039 ratio: 0.06124504631914168 bucket_loss : tensor(0.2641)

---------- degree  tensor(10)
----------- core.py torch.sort() replace to OrderedDict time:  0.0884561538696289
step:  14
bucketing time:  0.0006759166717529297
degree: tensor(10) # of output: 12039 ratio: 0.06124504631914168 bucket_loss : tensor(0.2677)

---------- degree  tensor(10)
----------- core.py torch.sort() replace to OrderedDict time:  0.0879507064819336
step:  15
bucketing time:  0.0006856918334960938
degree: tensor(10) # of output: 12024 ratio: 0.06116873801323695 bucket_loss : tensor(0.2683)
split  buckets total input  1850069
preparing time:  0.10885381698608398
model forward time :  1.4832432270050049
model forward time + loss calculation time:  1.4850633144378662
loss backward time:  0.06009101867675781
-------------------------------------------------------------------------------loss_sum  :  tensor(4.3381)

pure train time 1.6492063999176025
full batch graph loading time:  0.03943371772766113
group buckets input  18164

---------- degree  tensor([1, 2, 3, 4, 5, 6, 7, 8, 9], device='cuda:0', dtype=torch.int32)
----------- core.py torch.sort() replace to OrderedDict time:  0.08032989501953125
bucketing time:  0.0011703968048095703
degree: tensor([1, 2, 3, 4, 5, 6, 7, 8, 9], dtype=torch.int32) # of output: 3962 ratio: 0.02015556719963779 bucket_loss : tensor(0.0859)
preparing time:  0.0239412784576416
model forward time:  0.0959618091583252
loss calculation time:  6.365776062011719e-05
loss backward time:  0.008818864822387695

---------- degree  tensor(10)
----------- core.py torch.sort() replace to OrderedDict time:  0.08714580535888672
step:  0
bucketing time:  0.0006742477416992188
degree: tensor(10) # of output: 12039 ratio: 0.06124504631914168 bucket_loss : tensor(0.2624)

---------- degree  tensor(10)
----------- core.py torch.sort() replace to OrderedDict time:  0.0864715576171875
step:  1
bucketing time:  0.0006783008575439453
degree: tensor(10) # of output: 12039 ratio: 0.06124504631914168 bucket_loss : tensor(0.2637)

---------- degree  tensor(10)
----------- core.py torch.sort() replace to OrderedDict time:  0.08701205253601074
step:  2
bucketing time:  0.0006709098815917969
degree: tensor(10) # of output: 12039 ratio: 0.06124504631914168 bucket_loss : tensor(0.2612)

---------- degree  tensor(10)
----------- core.py torch.sort() replace to OrderedDict time:  0.08729028701782227
step:  3
bucketing time:  0.0006732940673828125
degree: tensor(10) # of output: 12039 ratio: 0.06124504631914168 bucket_loss : tensor(0.2609)

---------- degree  tensor(10)
----------- core.py torch.sort() replace to OrderedDict time:  0.08795571327209473
step:  4
bucketing time:  0.0006718635559082031
degree: tensor(10) # of output: 12039 ratio: 0.06124504631914168 bucket_loss : tensor(0.2635)

---------- degree  tensor(10)
----------- core.py torch.sort() replace to OrderedDict time:  0.08755779266357422
step:  5
bucketing time:  0.000667572021484375
degree: tensor(10) # of output: 12039 ratio: 0.06124504631914168 bucket_loss : tensor(0.2666)

---------- degree  tensor(10)
----------- core.py torch.sort() replace to OrderedDict time:  0.08750557899475098
step:  6
bucketing time:  0.0006754398345947266
degree: tensor(10) # of output: 12039 ratio: 0.06124504631914168 bucket_loss : tensor(0.2602)

---------- degree  tensor(10)
----------- core.py torch.sort() replace to OrderedDict time:  0.08758068084716797
step:  7
bucketing time:  0.0006744861602783203
degree: tensor(10) # of output: 12039 ratio: 0.06124504631914168 bucket_loss : tensor(0.2611)

---------- degree  tensor(10)
----------- core.py torch.sort() replace to OrderedDict time:  0.0875236988067627
step:  8
bucketing time:  0.0006873607635498047
degree: tensor(10) # of output: 12039 ratio: 0.06124504631914168 bucket_loss : tensor(0.2605)

---------- degree  tensor(10)
----------- core.py torch.sort() replace to OrderedDict time:  0.08789992332458496
step:  9
bucketing time:  0.0006833076477050781
degree: tensor(10) # of output: 12039 ratio: 0.06124504631914168 bucket_loss : tensor(0.2602)

---------- degree  tensor(10)
----------- core.py torch.sort() replace to OrderedDict time:  0.08794474601745605
step:  10
bucketing time:  0.0006763935089111328
degree: tensor(10) # of output: 12039 ratio: 0.06124504631914168 bucket_loss : tensor(0.2599)

---------- degree  tensor(10)
----------- core.py torch.sort() replace to OrderedDict time:  0.08775711059570312
step:  11
bucketing time:  0.0006766319274902344
degree: tensor(10) # of output: 12039 ratio: 0.06124504631914168 bucket_loss : tensor(0.2588)

---------- degree  tensor(10)
----------- core.py torch.sort() replace to OrderedDict time:  0.08769583702087402
step:  12
bucketing time:  0.0006887912750244141
degree: tensor(10) # of output: 12039 ratio: 0.06124504631914168 bucket_loss : tensor(0.2628)

---------- degree  tensor(10)
----------- core.py torch.sort() replace to OrderedDict time:  0.08763766288757324
step:  13
bucketing time:  0.0006754398345947266
degree: tensor(10) # of output: 12039 ratio: 0.06124504631914168 bucket_loss : tensor(0.2605)

---------- degree  tensor(10)
----------- core.py torch.sort() replace to OrderedDict time:  0.08788347244262695
step:  14
bucketing time:  0.0006921291351318359
degree: tensor(10) # of output: 12039 ratio: 0.06124504631914168 bucket_loss : tensor(0.2592)

---------- degree  tensor(10)
----------- core.py torch.sort() replace to OrderedDict time:  0.08779096603393555
step:  15
bucketing time:  0.0006926059722900391
degree: tensor(10) # of output: 12024 ratio: 0.06116873801323695 bucket_loss : tensor(0.2634)
split  buckets total input  1849899
preparing time:  0.10975813865661621
model forward time :  1.4729034900665283
model forward time + loss calculation time:  1.4747068881988525
loss backward time:  0.0567777156829834
-------------------------------------------------------------------------------loss_sum  :  tensor(4.2706)

pure train time 1.636328935623169
full batch graph loading time:  0.040487051010131836
group buckets input  18164

---------- degree  tensor([1, 2, 3, 4, 5, 6, 7, 8, 9], device='cuda:0', dtype=torch.int32)
----------- core.py torch.sort() replace to OrderedDict time:  0.08172369003295898
bucketing time:  0.0012042522430419922
degree: tensor([1, 2, 3, 4, 5, 6, 7, 8, 9], dtype=torch.int32) # of output: 3962 ratio: 0.02015556719963779 bucket_loss : tensor(0.0848)
preparing time:  0.02376842498779297
model forward time:  0.09743094444274902
loss calculation time:  6.246566772460938e-05
loss backward time:  0.012173652648925781

---------- degree  tensor(10)
----------- core.py torch.sort() replace to OrderedDict time:  0.08907914161682129
step:  0
bucketing time:  0.000675201416015625
degree: tensor(10) # of output: 12039 ratio: 0.06124504631914168 bucket_loss : tensor(0.2573)

---------- degree  tensor(10)
----------- core.py torch.sort() replace to OrderedDict time:  0.08765053749084473
step:  1
bucketing time:  0.0006883144378662109
degree: tensor(10) # of output: 12039 ratio: 0.06124504631914168 bucket_loss : tensor(0.2543)

---------- degree  tensor(10)
----------- core.py torch.sort() replace to OrderedDict time:  0.08772110939025879
step:  2
bucketing time:  0.000675201416015625
degree: tensor(10) # of output: 12039 ratio: 0.06124504631914168 bucket_loss : tensor(0.2580)

---------- degree  tensor(10)
----------- core.py torch.sort() replace to OrderedDict time:  0.08745741844177246
step:  3
bucketing time:  0.0006744861602783203
degree: tensor(10) # of output: 12039 ratio: 0.06124504631914168 bucket_loss : tensor(0.2584)

---------- degree  tensor(10)
----------- core.py torch.sort() replace to OrderedDict time:  0.08714413642883301
step:  4
bucketing time:  0.0006735324859619141
degree: tensor(10) # of output: 12039 ratio: 0.06124504631914168 bucket_loss : tensor(0.2588)

---------- degree  tensor(10)
----------- core.py torch.sort() replace to OrderedDict time:  0.08714628219604492
step:  5
bucketing time:  0.0006744861602783203
degree: tensor(10) # of output: 12039 ratio: 0.06124504631914168 bucket_loss : tensor(0.2574)

---------- degree  tensor(10)
----------- core.py torch.sort() replace to OrderedDict time:  0.08762717247009277
step:  6
bucketing time:  0.0006756782531738281
degree: tensor(10) # of output: 12039 ratio: 0.06124504631914168 bucket_loss : tensor(0.2558)

---------- degree  tensor(10)
----------- core.py torch.sort() replace to OrderedDict time:  0.08696842193603516
step:  7
bucketing time:  0.0006701946258544922
degree: tensor(10) # of output: 12039 ratio: 0.06124504631914168 bucket_loss : tensor(0.2589)

---------- degree  tensor(10)
----------- core.py torch.sort() replace to OrderedDict time:  0.0868673324584961
step:  8
bucketing time:  0.0006756782531738281
degree: tensor(10) # of output: 12039 ratio: 0.06124504631914168 bucket_loss : tensor(0.2582)

---------- degree  tensor(10)
----------- core.py torch.sort() replace to OrderedDict time:  0.08720874786376953
step:  9
bucketing time:  0.0006754398345947266
degree: tensor(10) # of output: 12039 ratio: 0.06124504631914168 bucket_loss : tensor(0.2585)

---------- degree  tensor(10)
----------- core.py torch.sort() replace to OrderedDict time:  0.08732748031616211
step:  10
bucketing time:  0.0006968975067138672
degree: tensor(10) # of output: 12039 ratio: 0.06124504631914168 bucket_loss : tensor(0.2561)

---------- degree  tensor(10)
----------- core.py torch.sort() replace to OrderedDict time:  0.08727097511291504
step:  11
bucketing time:  0.0006792545318603516
degree: tensor(10) # of output: 12039 ratio: 0.06124504631914168 bucket_loss : tensor(0.2557)

---------- degree  tensor(10)
----------- core.py torch.sort() replace to OrderedDict time:  0.08846664428710938
step:  12
bucketing time:  0.0006759166717529297
degree: tensor(10) # of output: 12039 ratio: 0.06124504631914168 bucket_loss : tensor(0.2555)

---------- degree  tensor(10)
----------- core.py torch.sort() replace to OrderedDict time:  0.08754992485046387
step:  13
bucketing time:  0.0006692409515380859
degree: tensor(10) # of output: 12039 ratio: 0.06124504631914168 bucket_loss : tensor(0.2553)

---------- degree  tensor(10)
----------- core.py torch.sort() replace to OrderedDict time:  0.08730125427246094
step:  14
bucketing time:  0.0006735324859619141
degree: tensor(10) # of output: 12039 ratio: 0.06124504631914168 bucket_loss : tensor(0.2581)

---------- degree  tensor(10)
----------- core.py torch.sort() replace to OrderedDict time:  0.08771514892578125
step:  15
bucketing time:  0.0006778240203857422
degree: tensor(10) # of output: 12024 ratio: 0.06116873801323695 bucket_loss : tensor(0.2580)
split  buckets total input  1849877
preparing time:  0.1092383861541748
model forward time :  1.4735560417175293
model forward time + loss calculation time:  1.475374460220337
loss backward time:  0.05865120887756348
-------------------------------------------------------------------------------loss_sum  :  tensor(4.1990)

pure train time 1.6436927318572998

avg epoch time:  3.4875930718013217
avg pure train time:  1.6205894606454032
avg block subtensor loading time:  0.1305478640965053
avg preparing time:  0.1864722796848842
avg block to device time:  0.016659906932285855
avg grouping time:  0.1296395914895194
avg splitting time:  2.960207326071603
avg optimizing time:  0.0011176041194370814

avg input nodes number :  1868488.5714285714
avg input nodes number/pure train time :  1152968.482643619
avg input nodes number/avg epoch time :  535753.0345314936
