main start at this time 1672974047.6849484
-----------------------------------------before load data 
 Nvidia-smi: 0.166015625 GB
    Memory Allocated: 0.0  GigaBytes
Max Memory Allocated: 0.0  GigaBytes

#nodes: 2449029
#edges: 123718024
#classes: 47
success----------------------------------------
196571
39255
2164782
# Nodes: 2400608
# Edges: 123718024
# Train: 196571
# Val: 39255
# Test: 2164782
# Classes: 47

----------------------------------------start of run function 
 Nvidia-smi: 0.166015625 GB
    Memory Allocated: 0.0  GigaBytes
Max Memory Allocated: 0.0  GigaBytes

in feats:  100
group buckets input  18164

---------- degree  tensor([1, 2, 3, 4, 5, 6, 7, 8, 9], device='cuda:0', dtype=torch.int32)
----------- core.py torch.sort() replace to OrderedDict time:  0.08258414268493652
bucketing time:  0.0013699531555175781
degree: tensor([1, 2, 3, 4, 5, 6, 7, 8, 9], dtype=torch.int32) # of output: 3962 ratio: 0.02015556719963779 bucket_loss : tensor(0.0948)
preparing time:  0.24918270111083984
model forward time:  0.11410999298095703
loss calculation time:  0.0002067089080810547
loss backward time:  0.019524097442626953

---------- degree  tensor(10)
----------- core.py torch.sort() replace to OrderedDict time:  0.08263635635375977
step:  0
bucketing time:  0.0007071495056152344
degree: tensor(10) # of output: 96305 ratio: 0.48992476001037794 bucket_loss : tensor(2.3511)

---------- degree  tensor(10)
----------- core.py torch.sort() replace to OrderedDict time:  0.08249711990356445
step:  1
bucketing time:  0.0006935596466064453
degree: tensor(10) # of output: 96304 ratio: 0.4899196727899843 bucket_loss : tensor(2.3458)
split  buckets total input  1150811
preparing time:  0.0643153190612793
model forward time :  0.19548654556274414
model forward time + loss calculation time:  0.19567060470581055
loss backward time:  0.01004934310913086
-------------------------------------------------------------------------------loss_sum  :  tensor(4.7917)

group buckets input  18164

---------- degree  tensor([1, 2, 3, 4, 5, 6, 7, 8, 9], device='cuda:0', dtype=torch.int32)
----------- core.py torch.sort() replace to OrderedDict time:  0.07630777359008789
bucketing time:  0.0011806488037109375
degree: tensor([1, 2, 3, 4, 5, 6, 7, 8, 9], dtype=torch.int32) # of output: 3962 ratio: 0.02015556719963779 bucket_loss : tensor(0.0937)
preparing time:  0.020677804946899414
model forward time:  0.09202837944030762
loss calculation time:  6.961822509765625e-05
loss backward time:  0.008891105651855469

---------- degree  tensor(10)
----------- core.py torch.sort() replace to OrderedDict time:  0.08248329162597656
step:  0
bucketing time:  0.0006835460662841797
degree: tensor(10) # of output: 96305 ratio: 0.48992476001037794 bucket_loss : tensor(2.3178)

---------- degree  tensor(10)
----------- core.py torch.sort() replace to OrderedDict time:  0.08338475227355957
step:  1
bucketing time:  0.0006895065307617188
degree: tensor(10) # of output: 96304 ratio: 0.4899196727899843 bucket_loss : tensor(2.3158)
split  buckets total input  1149322
preparing time:  0.07678532600402832
model forward time :  0.1830127239227295
model forward time + loss calculation time:  0.18320393562316895
loss backward time:  0.005894899368286133
-------------------------------------------------------------------------------loss_sum  :  tensor(4.7273)

group buckets input  18164

---------- degree  tensor([1, 2, 3, 4, 5, 6, 7, 8, 9], device='cuda:0', dtype=torch.int32)
----------- core.py torch.sort() replace to OrderedDict time:  0.07613039016723633
bucketing time:  0.0011761188507080078
degree: tensor([1, 2, 3, 4, 5, 6, 7, 8, 9], dtype=torch.int32) # of output: 3962 ratio: 0.02015556719963779 bucket_loss : tensor(0.0926)
preparing time:  0.020445585250854492
model forward time:  0.0921776294708252
loss calculation time:  6.604194641113281e-05
loss backward time:  0.009337902069091797

---------- degree  tensor(10)
----------- core.py torch.sort() replace to OrderedDict time:  0.08310842514038086
step:  0
bucketing time:  0.0006849765777587891
degree: tensor(10) # of output: 96305 ratio: 0.48992476001037794 bucket_loss : tensor(2.2868)

---------- degree  tensor(10)
----------- core.py torch.sort() replace to OrderedDict time:  0.0832216739654541
step:  1
bucketing time:  0.0006818771362304688
degree: tensor(10) # of output: 96304 ratio: 0.4899196727899843 bucket_loss : tensor(2.2842)
split  buckets total input  1149761
preparing time:  0.07670235633850098
model forward time :  0.1833171844482422
model forward time + loss calculation time:  0.18351078033447266
loss backward time:  0.00777745246887207
-------------------------------------------------------------------------------loss_sum  :  tensor(4.6635)

full batch graph loading time:  0.042742252349853516
group buckets input  18164

---------- degree  tensor([1, 2, 3, 4, 5, 6, 7, 8, 9], device='cuda:0', dtype=torch.int32)
----------- core.py torch.sort() replace to OrderedDict time:  0.07662653923034668
bucketing time:  0.0011551380157470703
degree: tensor([1, 2, 3, 4, 5, 6, 7, 8, 9], dtype=torch.int32) # of output: 3962 ratio: 0.02015556719963779 bucket_loss : tensor(0.0915)
preparing time:  0.020888090133666992
model forward time:  0.09225678443908691
loss calculation time:  7.534027099609375e-05
loss backward time:  0.013334035873413086

---------- degree  tensor(10)
----------- core.py torch.sort() replace to OrderedDict time:  0.08678960800170898
step:  0
bucketing time:  0.0006701946258544922
degree: tensor(10) # of output: 96305 ratio: 0.48992476001037794 bucket_loss : tensor(2.2517)

---------- degree  tensor(10)
----------- core.py torch.sort() replace to OrderedDict time:  0.08344125747680664
step:  1
bucketing time:  0.0006563663482666016
degree: tensor(10) # of output: 96304 ratio: 0.4899196727899843 bucket_loss : tensor(2.2556)
split  buckets total input  1150192
preparing time:  0.08019089698791504
model forward time :  0.1876389980316162
model forward time + loss calculation time:  0.187852144241333
loss backward time:  0.007525205612182617
-------------------------------------------------------------------------------loss_sum  :  tensor(4.5988)

pure train time 0.3010435104370117
full batch graph loading time:  0.06372666358947754
group buckets input  18164

---------- degree  tensor([1, 2, 3, 4, 5, 6, 7, 8, 9], device='cuda:0', dtype=torch.int32)
----------- core.py torch.sort() replace to OrderedDict time:  0.08064842224121094
bucketing time:  0.0012047290802001953
degree: tensor([1, 2, 3, 4, 5, 6, 7, 8, 9], dtype=torch.int32) # of output: 3962 ratio: 0.02015556719963779 bucket_loss : tensor(0.0904)
preparing time:  0.02096271514892578
model forward time:  0.09625458717346191
loss calculation time:  6.437301635742188e-05
loss backward time:  0.010575056076049805

---------- degree  tensor(10)
----------- core.py torch.sort() replace to OrderedDict time:  0.08390998840332031
step:  0
bucketing time:  0.0006899833679199219
degree: tensor(10) # of output: 96305 ratio: 0.48992476001037794 bucket_loss : tensor(2.2241)

---------- degree  tensor(10)
----------- core.py torch.sort() replace to OrderedDict time:  0.08414864540100098
step:  1
bucketing time:  0.0006535053253173828
degree: tensor(10) # of output: 96304 ratio: 0.4899196727899843 bucket_loss : tensor(2.2208)
split  buckets total input  1149730
preparing time:  0.07566571235656738
model forward time :  0.18556904792785645
model forward time + loss calculation time:  0.1857602596282959
loss backward time:  0.007810831069946289
-------------------------------------------------------------------------------loss_sum  :  tensor(4.5354)

pure train time 0.30046510696411133
full batch graph loading time:  0.05102396011352539
group buckets input  18164

---------- degree  tensor([1, 2, 3, 4, 5, 6, 7, 8, 9], device='cuda:0', dtype=torch.int32)
----------- core.py torch.sort() replace to OrderedDict time:  0.07823705673217773
bucketing time:  0.001127004623413086
degree: tensor([1, 2, 3, 4, 5, 6, 7, 8, 9], dtype=torch.int32) # of output: 3962 ratio: 0.02015556719963779 bucket_loss : tensor(0.0893)
preparing time:  0.020750999450683594
model forward time:  0.09373092651367188
loss calculation time:  6.604194641113281e-05
loss backward time:  0.01137995719909668

---------- degree  tensor(10)
----------- core.py torch.sort() replace to OrderedDict time:  0.08347582817077637
step:  0
bucketing time:  0.0006949901580810547
degree: tensor(10) # of output: 96305 ratio: 0.48992476001037794 bucket_loss : tensor(2.1937)

---------- degree  tensor(10)
----------- core.py torch.sort() replace to OrderedDict time:  0.08495521545410156
step:  1
bucketing time:  0.0006878376007080078
degree: tensor(10) # of output: 96304 ratio: 0.4899196727899843 bucket_loss : tensor(2.1875)
split  buckets total input  1150505
preparing time:  0.07680964469909668
model forward time :  0.1861402988433838
model forward time + loss calculation time:  0.18632817268371582
loss backward time:  0.009645938873291016
-------------------------------------------------------------------------------loss_sum  :  tensor(4.4706)

pure train time 0.3011510372161865
full batch graph loading time:  0.04354715347290039
group buckets input  18164

---------- degree  tensor([1, 2, 3, 4, 5, 6, 7, 8, 9], device='cuda:0', dtype=torch.int32)
----------- core.py torch.sort() replace to OrderedDict time:  0.07848024368286133
bucketing time:  0.0011637210845947266
degree: tensor([1, 2, 3, 4, 5, 6, 7, 8, 9], dtype=torch.int32) # of output: 3962 ratio: 0.02015556719963779 bucket_loss : tensor(0.0882)
preparing time:  0.02060723304748535
model forward time:  0.09430336952209473
loss calculation time:  6.651878356933594e-05
loss backward time:  0.010921478271484375

---------- degree  tensor(10)
----------- core.py torch.sort() replace to OrderedDict time:  0.08504176139831543
step:  0
bucketing time:  0.0006825923919677734
degree: tensor(10) # of output: 96305 ratio: 0.48992476001037794 bucket_loss : tensor(2.1547)

---------- degree  tensor(10)
----------- core.py torch.sort() replace to OrderedDict time:  0.08520865440368652
step:  1
bucketing time:  0.0006785392761230469
degree: tensor(10) # of output: 96304 ratio: 0.4899196727899843 bucket_loss : tensor(2.1619)
split  buckets total input  1149194
preparing time:  0.07685184478759766
model forward time :  0.1874537467956543
model forward time + loss calculation time:  0.18764829635620117
loss backward time:  0.008018732070922852
-------------------------------------------------------------------------------loss_sum  :  tensor(4.4048)

pure train time 0.30095839500427246
full batch graph loading time:  0.039997100830078125
group buckets input  18164

---------- degree  tensor([1, 2, 3, 4, 5, 6, 7, 8, 9], device='cuda:0', dtype=torch.int32)
----------- core.py torch.sort() replace to OrderedDict time:  0.08103489875793457
bucketing time:  0.001142263412475586
degree: tensor([1, 2, 3, 4, 5, 6, 7, 8, 9], dtype=torch.int32) # of output: 3962 ratio: 0.02015556719963779 bucket_loss : tensor(0.0871)
preparing time:  0.020797014236450195
model forward time:  0.09659457206726074
loss calculation time:  6.651878356933594e-05
loss backward time:  0.011730432510375977

---------- degree  tensor(10)
----------- core.py torch.sort() replace to OrderedDict time:  0.0846259593963623
step:  0
bucketing time:  0.0006666183471679688
degree: tensor(10) # of output: 96305 ratio: 0.48992476001037794 bucket_loss : tensor(2.1237)

---------- degree  tensor(10)
----------- core.py torch.sort() replace to OrderedDict time:  0.08941817283630371
step:  1
bucketing time:  0.0006844997406005859
degree: tensor(10) # of output: 96304 ratio: 0.4899196727899843 bucket_loss : tensor(2.1273)
split  buckets total input  1150100
preparing time:  0.07577705383300781
model forward time :  0.19136977195739746
model forward time + loss calculation time:  0.19156193733215332
loss backward time:  0.008619308471679688
-------------------------------------------------------------------------------loss_sum  :  tensor(4.3381)

pure train time 0.30857276916503906
full batch graph loading time:  0.04055023193359375
group buckets input  18164

---------- degree  tensor([1, 2, 3, 4, 5, 6, 7, 8, 9], device='cuda:0', dtype=torch.int32)
----------- core.py torch.sort() replace to OrderedDict time:  0.09776186943054199
bucketing time:  0.0012011528015136719
degree: tensor([1, 2, 3, 4, 5, 6, 7, 8, 9], dtype=torch.int32) # of output: 3962 ratio: 0.02015556719963779 bucket_loss : tensor(0.0859)
preparing time:  0.04740095138549805
model forward time:  0.11401534080505371
loss calculation time:  6.747245788574219e-05
loss backward time:  0.005886077880859375

---------- degree  tensor(10)
----------- core.py torch.sort() replace to OrderedDict time:  0.08677339553833008
step:  0
bucketing time:  0.0006551742553710938
degree: tensor(10) # of output: 96305 ratio: 0.48992476001037794 bucket_loss : tensor(2.0994)

---------- degree  tensor(10)
----------- core.py torch.sort() replace to OrderedDict time:  0.08821558952331543
step:  1
bucketing time:  0.0007166862487792969
degree: tensor(10) # of output: 96304 ratio: 0.4899196727899843 bucket_loss : tensor(2.0852)
split  buckets total input  1149574
preparing time:  0.07624268531799316
model forward time :  0.1935434341430664
model forward time + loss calculation time:  0.1937723159790039
loss backward time:  0.003812074661254883
-------------------------------------------------------------------------------loss_sum  :  tensor(4.2706)

pure train time 0.3175532817840576
full batch graph loading time:  0.04163837432861328
group buckets input  18164

---------- degree  tensor([1, 2, 3, 4, 5, 6, 7, 8, 9], device='cuda:0', dtype=torch.int32)
----------- core.py torch.sort() replace to OrderedDict time:  0.08573484420776367
bucketing time:  0.0012009143829345703
degree: tensor([1, 2, 3, 4, 5, 6, 7, 8, 9], dtype=torch.int32) # of output: 3962 ratio: 0.02015556719963779 bucket_loss : tensor(0.0848)
preparing time:  0.02236175537109375
model forward time:  0.10164499282836914
loss calculation time:  6.914138793945312e-05
loss backward time:  0.0059468746185302734

---------- degree  tensor(10)
----------- core.py torch.sort() replace to OrderedDict time:  0.0895235538482666
step:  0
bucketing time:  0.0006954669952392578
degree: tensor(10) # of output: 96305 ratio: 0.48992476001037794 bucket_loss : tensor(2.0587)

---------- degree  tensor(10)
----------- core.py torch.sort() replace to OrderedDict time:  0.09377288818359375
step:  1
bucketing time:  0.0007014274597167969
degree: tensor(10) # of output: 96304 ratio: 0.4899196727899843 bucket_loss : tensor(2.0555)
split  buckets total input  1149666
preparing time:  0.07685542106628418
model forward time :  0.20049333572387695
model forward time + loss calculation time:  0.2006998062133789
loss backward time:  0.003790616989135742
-------------------------------------------------------------------------------loss_sum  :  tensor(4.1990)

pure train time 0.3121514320373535

avg epoch time:  2.0264391558510915
avg pure train time:  0.30598507608686176
avg block subtensor loading time:  0.139084986277989
avg preparing time:  0.18675780296325684
avg block to device time:  0.017073801585606167
avg grouping time:  0.13445871216910227
avg splitting time:  1.4890563828604562
avg optimizing time:  0.001163210187639509

avg input nodes number :  1168015.5714285714
avg input nodes number/pure train time :  3817230.52106306
avg input nodes number/avg epoch time :  576388.1772892472
