main start at this time 1672992681.5281153
-----------------------------------------before load data 
 Nvidia-smi: 0.166015625 GB
    Memory Allocated: 0.0  GigaBytes
Max Memory Allocated: 0.0  GigaBytes

#nodes: 2449029
#edges: 123718024
#classes: 47
success----------------------------------------
196571
39255
2164782
# Nodes: 2400608
# Edges: 123718024
# Train: 196571
# Val: 39255
# Test: 2164782
# Classes: 47

----------------------------------------start of run function 
 Nvidia-smi: 0.166015625 GB
    Memory Allocated: 0.0  GigaBytes
Max Memory Allocated: 0.0  GigaBytes

in feats:  100
group buckets input  18164

---------- degree  tensor([1, 2, 3, 4, 5, 6, 7, 8, 9], device='cuda:0', dtype=torch.int32)
----------- core.py torch.sort() replace to OrderedDict time:  0.08575892448425293
bucketing time:  0.0012788772583007812
preparing time:  0.23559880256652832
model forward time:  0.11699414253234863
loss calculation time:  0.0001392364501953125
partial loss calculation time:  0.0006797313690185547
loss backward time:  0.018575429916381836

---------- degree  tensor(10)
----------- core.py torch.sort() replace to OrderedDict time:  0.09515571594238281
step:  0
bucketing time:  0.0006585121154785156

---------- degree  tensor(10)
----------- core.py torch.sort() replace to OrderedDict time:  0.0854496955871582
step:  1
bucketing time:  0.0006451606750488281

---------- degree  tensor(10)
----------- core.py torch.sort() replace to OrderedDict time:  0.08418631553649902
step:  2
bucketing time:  0.0006449222564697266

---------- degree  tensor(10)
----------- core.py torch.sort() replace to OrderedDict time:  0.08392715454101562
step:  3
bucketing time:  0.0006518363952636719

---------- degree  tensor(10)
----------- core.py torch.sort() replace to OrderedDict time:  0.08439087867736816
step:  4
bucketing time:  0.0006506443023681641

---------- degree  tensor(10)
----------- core.py torch.sort() replace to OrderedDict time:  0.0840911865234375
step:  5
bucketing time:  0.0006463527679443359

---------- degree  tensor(10)
----------- core.py torch.sort() replace to OrderedDict time:  0.08421611785888672
step:  6
bucketing time:  0.0006577968597412109

---------- degree  tensor(10)
----------- core.py torch.sort() replace to OrderedDict time:  0.08365297317504883
step:  7
bucketing time:  0.0006334781646728516

---------- degree  tensor(10)
----------- core.py torch.sort() replace to OrderedDict time:  0.08388328552246094
step:  8
bucketing time:  0.0006453990936279297

---------- degree  tensor(10)
----------- core.py torch.sort() replace to OrderedDict time:  0.08382511138916016
step:  9
bucketing time:  0.0006434917449951172

---------- degree  tensor(10)
----------- core.py torch.sort() replace to OrderedDict time:  0.08371376991271973
step:  10
bucketing time:  0.0006444454193115234

---------- degree  tensor(10)
----------- core.py torch.sort() replace to OrderedDict time:  0.0837702751159668
step:  11
bucketing time:  0.0006504058837890625

---------- degree  tensor(10)
----------- core.py torch.sort() replace to OrderedDict time:  0.0839693546295166
step:  12
bucketing time:  0.0006422996520996094

---------- degree  tensor(10)
----------- core.py torch.sort() replace to OrderedDict time:  0.08378815650939941
step:  13
bucketing time:  0.0006396770477294922

---------- degree  tensor(10)
----------- core.py torch.sort() replace to OrderedDict time:  0.08361983299255371
step:  14
bucketing time:  0.0006511211395263672

---------- degree  tensor(10)
----------- core.py torch.sort() replace to OrderedDict time:  0.08409810066223145
step:  15
bucketing time:  0.0006489753723144531
split  buckets total input  1850863
preparing time:  0.10134649276733398
model forward time :  1.4325482845306396
model forward time + loss calculation time:  1.4345316886901855
loss backward time:  0.07942509651184082
-------------------------------------------------------------------------------loss_sum  :  tensor(4.7917)

group buckets input  18164

---------- degree  tensor([1, 2, 3, 4, 5, 6, 7, 8, 9], device='cuda:0', dtype=torch.int32)
----------- core.py torch.sort() replace to OrderedDict time:  0.08310699462890625
bucketing time:  0.0011570453643798828
preparing time:  0.020282745361328125
model forward time:  0.10006999969482422
loss calculation time:  6.198883056640625e-05
partial loss calculation time:  0.0010271072387695312
loss backward time:  0.017301559448242188

---------- degree  tensor(10)
----------- core.py torch.sort() replace to OrderedDict time:  0.08459973335266113
step:  0
bucketing time:  0.0006465911865234375

---------- degree  tensor(10)
----------- core.py torch.sort() replace to OrderedDict time:  0.08313679695129395
step:  1
bucketing time:  0.0006666183471679688

---------- degree  tensor(10)
----------- core.py torch.sort() replace to OrderedDict time:  0.08266258239746094
step:  2
bucketing time:  0.0006425380706787109

---------- degree  tensor(10)
----------- core.py torch.sort() replace to OrderedDict time:  0.0827333927154541
step:  3
bucketing time:  0.0006392002105712891

---------- degree  tensor(10)
----------- core.py torch.sort() replace to OrderedDict time:  0.08263254165649414
step:  4
bucketing time:  0.0006384849548339844

---------- degree  tensor(10)
----------- core.py torch.sort() replace to OrderedDict time:  0.0829007625579834
step:  5
bucketing time:  0.0006461143493652344

---------- degree  tensor(10)
----------- core.py torch.sort() replace to OrderedDict time:  0.08269143104553223
step:  6
bucketing time:  0.000637054443359375

---------- degree  tensor(10)
----------- core.py torch.sort() replace to OrderedDict time:  0.08313226699829102
step:  7
bucketing time:  0.0006353855133056641

---------- degree  tensor(10)
----------- core.py torch.sort() replace to OrderedDict time:  0.08296084403991699
step:  8
bucketing time:  0.00063323974609375

---------- degree  tensor(10)
----------- core.py torch.sort() replace to OrderedDict time:  0.08257007598876953
step:  9
bucketing time:  0.0006377696990966797

---------- degree  tensor(10)
----------- core.py torch.sort() replace to OrderedDict time:  0.0830070972442627
step:  10
bucketing time:  0.0006401538848876953

---------- degree  tensor(10)
----------- core.py torch.sort() replace to OrderedDict time:  0.08312439918518066
step:  11
bucketing time:  0.0006375312805175781

---------- degree  tensor(10)
----------- core.py torch.sort() replace to OrderedDict time:  0.0861515998840332
step:  12
bucketing time:  0.0006382465362548828

---------- degree  tensor(10)
----------- core.py torch.sort() replace to OrderedDict time:  0.0827174186706543
step:  13
bucketing time:  0.0006546974182128906

---------- degree  tensor(10)
----------- core.py torch.sort() replace to OrderedDict time:  0.0856626033782959
step:  14
bucketing time:  0.0006351470947265625

---------- degree  tensor(10)
----------- core.py torch.sort() replace to OrderedDict time:  0.0831747055053711
step:  15
bucketing time:  0.0006401538848876953
split  buckets total input  1851145
preparing time:  0.10423469543457031
model forward time :  1.403290033340454
model forward time + loss calculation time:  1.40531587600708
loss backward time:  0.08093643188476562
-------------------------------------------------------------------------------loss_sum  :  tensor(4.7273)

group buckets input  18164

---------- degree  tensor([1, 2, 3, 4, 5, 6, 7, 8, 9], device='cuda:0', dtype=torch.int32)
----------- core.py torch.sort() replace to OrderedDict time:  0.0816793441772461
bucketing time:  0.0011413097381591797
preparing time:  0.021142005920410156
model forward time:  0.0974729061126709
loss calculation time:  5.936622619628906e-05
partial loss calculation time:  0.0010395050048828125
loss backward time:  0.016888141632080078

---------- degree  tensor(10)
----------- core.py torch.sort() replace to OrderedDict time:  0.09242439270019531
step:  0
bucketing time:  0.0006337165832519531

---------- degree  tensor(10)
----------- core.py torch.sort() replace to OrderedDict time:  0.0868387222290039
step:  1
bucketing time:  0.0006444454193115234

---------- degree  tensor(10)
----------- core.py torch.sort() replace to OrderedDict time:  0.08297133445739746
step:  2
bucketing time:  0.0006415843963623047

---------- degree  tensor(10)
----------- core.py torch.sort() replace to OrderedDict time:  0.08883547782897949
step:  3
bucketing time:  0.0006413459777832031

---------- degree  tensor(10)
----------- core.py torch.sort() replace to OrderedDict time:  0.08282876014709473
step:  4
bucketing time:  0.0006439685821533203

---------- degree  tensor(10)
----------- core.py torch.sort() replace to OrderedDict time:  0.08578681945800781
step:  5
bucketing time:  0.0006411075592041016

---------- degree  tensor(10)
----------- core.py torch.sort() replace to OrderedDict time:  0.08295989036560059
step:  6
bucketing time:  0.0006413459777832031

---------- degree  tensor(10)
----------- core.py torch.sort() replace to OrderedDict time:  0.08351755142211914
step:  7
bucketing time:  0.0006482601165771484

---------- degree  tensor(10)
----------- core.py torch.sort() replace to OrderedDict time:  0.08346223831176758
step:  8
bucketing time:  0.0006494522094726562

---------- degree  tensor(10)
----------- core.py torch.sort() replace to OrderedDict time:  0.08327841758728027
step:  9
bucketing time:  0.0006647109985351562

---------- degree  tensor(10)
----------- core.py torch.sort() replace to OrderedDict time:  0.08363628387451172
step:  10
bucketing time:  0.0006318092346191406

---------- degree  tensor(10)
----------- core.py torch.sort() replace to OrderedDict time:  0.08327126502990723
step:  11
bucketing time:  0.0007009506225585938

---------- degree  tensor(10)
----------- core.py torch.sort() replace to OrderedDict time:  0.0834348201751709
step:  12
bucketing time:  0.0006444454193115234

---------- degree  tensor(10)
----------- core.py torch.sort() replace to OrderedDict time:  0.0831758975982666
step:  13
bucketing time:  0.0006678104400634766

---------- degree  tensor(10)
----------- core.py torch.sort() replace to OrderedDict time:  0.08338403701782227
step:  14
bucketing time:  0.0006372928619384766

---------- degree  tensor(10)
----------- core.py torch.sort() replace to OrderedDict time:  0.08341097831726074
step:  15
bucketing time:  0.0006520748138427734
split  buckets total input  1850019
preparing time:  0.10066437721252441
model forward time :  1.4248058795928955
model forward time + loss calculation time:  1.4268693923950195
loss backward time:  0.07759523391723633
-------------------------------------------------------------------------------loss_sum  :  tensor(4.6635)

full batch graph loading time:  0.057724714279174805
group buckets input  18164

---------- degree  tensor([1, 2, 3, 4, 5, 6, 7, 8, 9], device='cuda:0', dtype=torch.int32)
----------- core.py torch.sort() replace to OrderedDict time:  0.0782160758972168
bucketing time:  0.0011467933654785156
preparing time:  0.023612499237060547
model forward time:  0.09401822090148926
loss calculation time:  5.8650970458984375e-05
partial loss calculation time:  0.001039266586303711
loss backward time:  0.014039754867553711

---------- degree  tensor(10)
----------- core.py torch.sort() replace to OrderedDict time:  0.08766055107116699
step:  0
bucketing time:  0.0006527900695800781

---------- degree  tensor(10)
----------- core.py torch.sort() replace to OrderedDict time:  0.08546209335327148
step:  1
bucketing time:  0.0007119178771972656

---------- degree  tensor(10)
----------- core.py torch.sort() replace to OrderedDict time:  0.0859830379486084
step:  2
bucketing time:  0.0006473064422607422

---------- degree  tensor(10)
----------- core.py torch.sort() replace to OrderedDict time:  0.08613967895507812
step:  3
bucketing time:  0.0006384849548339844

---------- degree  tensor(10)
----------- core.py torch.sort() replace to OrderedDict time:  0.08638119697570801
step:  4
bucketing time:  0.0006492137908935547

---------- degree  tensor(10)
----------- core.py torch.sort() replace to OrderedDict time:  0.08624577522277832
step:  5
bucketing time:  0.0006411075592041016

---------- degree  tensor(10)
----------- core.py torch.sort() replace to OrderedDict time:  0.08637261390686035
step:  6
bucketing time:  0.0006489753723144531

---------- degree  tensor(10)
----------- core.py torch.sort() replace to OrderedDict time:  0.08683443069458008
step:  7
bucketing time:  0.0006463527679443359

---------- degree  tensor(10)
----------- core.py torch.sort() replace to OrderedDict time:  0.08654236793518066
step:  8
bucketing time:  0.000644683837890625

---------- degree  tensor(10)
----------- core.py torch.sort() replace to OrderedDict time:  0.08602666854858398
step:  9
bucketing time:  0.000644683837890625

---------- degree  tensor(10)
----------- core.py torch.sort() replace to OrderedDict time:  0.08645009994506836
step:  10
bucketing time:  0.000644683837890625

---------- degree  tensor(10)
----------- core.py torch.sort() replace to OrderedDict time:  0.08618855476379395
step:  11
bucketing time:  0.0006575584411621094

---------- degree  tensor(10)
----------- core.py torch.sort() replace to OrderedDict time:  0.08669447898864746
step:  12
bucketing time:  0.0006608963012695312

---------- degree  tensor(10)
----------- core.py torch.sort() replace to OrderedDict time:  0.08650612831115723
step:  13
bucketing time:  0.0006413459777832031

---------- degree  tensor(10)
----------- core.py torch.sort() replace to OrderedDict time:  0.08652353286743164
step:  14
bucketing time:  0.0006451606750488281

---------- degree  tensor(10)
----------- core.py torch.sort() replace to OrderedDict time:  0.08650636672973633
step:  15
bucketing time:  0.00064849853515625
split  buckets total input  1850892
preparing time:  0.10717225074768066
model forward time :  1.4541189670562744
model forward time + loss calculation time:  1.455873966217041
loss backward time:  0.06922364234924316
-------------------------------------------------------------------------------loss_sum  :  tensor(4.5988)

pure train time 1.6332142353057861
full batch graph loading time:  0.039231300354003906
group buckets input  18164

---------- degree  tensor([1, 2, 3, 4, 5, 6, 7, 8, 9], device='cuda:0', dtype=torch.int32)
----------- core.py torch.sort() replace to OrderedDict time:  0.07887697219848633
bucketing time:  0.0011472702026367188
preparing time:  0.02321600914001465
model forward time:  0.0946197509765625
loss calculation time:  5.9604644775390625e-05
partial loss calculation time:  0.0010364055633544922
loss backward time:  0.009897470474243164

---------- degree  tensor(10)
----------- core.py torch.sort() replace to OrderedDict time:  0.0858917236328125
step:  0
bucketing time:  0.0006613731384277344

---------- degree  tensor(10)
----------- core.py torch.sort() replace to OrderedDict time:  0.08584427833557129
step:  1
bucketing time:  0.0006489753723144531

---------- degree  tensor(10)
----------- core.py torch.sort() replace to OrderedDict time:  0.08645248413085938
step:  2
bucketing time:  0.0006711483001708984

---------- degree  tensor(10)
----------- core.py torch.sort() replace to OrderedDict time:  0.08663630485534668
step:  3
bucketing time:  0.0006566047668457031

---------- degree  tensor(10)
----------- core.py torch.sort() replace to OrderedDict time:  0.08686971664428711
step:  4
bucketing time:  0.0006692409515380859

---------- degree  tensor(10)
----------- core.py torch.sort() replace to OrderedDict time:  0.08685111999511719
step:  5
bucketing time:  0.0006616115570068359

---------- degree  tensor(10)
----------- core.py torch.sort() replace to OrderedDict time:  0.08710813522338867
step:  6
bucketing time:  0.0006568431854248047

---------- degree  tensor(10)
----------- core.py torch.sort() replace to OrderedDict time:  0.08743572235107422
step:  7
bucketing time:  0.0006978511810302734

---------- degree  tensor(10)
----------- core.py torch.sort() replace to OrderedDict time:  0.08797454833984375
step:  8
bucketing time:  0.00064849853515625

---------- degree  tensor(10)
----------- core.py torch.sort() replace to OrderedDict time:  0.09317374229431152
step:  9
bucketing time:  0.0006515979766845703

---------- degree  tensor(10)
----------- core.py torch.sort() replace to OrderedDict time:  0.08804631233215332
step:  10
bucketing time:  0.0006701946258544922

---------- degree  tensor(10)
----------- core.py torch.sort() replace to OrderedDict time:  0.09183764457702637
step:  11
bucketing time:  0.0006501674652099609

---------- degree  tensor(10)
----------- core.py torch.sort() replace to OrderedDict time:  0.08810615539550781
step:  12
bucketing time:  0.0006630420684814453

---------- degree  tensor(10)
----------- core.py torch.sort() replace to OrderedDict time:  0.08719992637634277
step:  13
bucketing time:  0.0006499290466308594

---------- degree  tensor(10)
----------- core.py torch.sort() replace to OrderedDict time:  0.08768653869628906
step:  14
bucketing time:  0.0006544589996337891

---------- degree  tensor(10)
----------- core.py torch.sort() replace to OrderedDict time:  0.08782768249511719
step:  15
bucketing time:  0.0006539821624755859
split  buckets total input  1850687
preparing time:  0.12191200256347656
model forward time :  1.477198600769043
model forward time + loss calculation time:  1.4789917469024658
loss backward time:  0.06793475151062012
-------------------------------------------------------------------------------loss_sum  :  tensor(4.5354)

pure train time 1.651503324508667
full batch graph loading time:  0.06887364387512207
group buckets input  18164

---------- degree  tensor([1, 2, 3, 4, 5, 6, 7, 8, 9], device='cuda:0', dtype=torch.int32)
----------- core.py torch.sort() replace to OrderedDict time:  0.08185243606567383
bucketing time:  0.0011415481567382812
preparing time:  0.02358531951904297
model forward time:  0.09766817092895508
loss calculation time:  5.745887756347656e-05
partial loss calculation time:  0.0010371208190917969
loss backward time:  0.01530003547668457

---------- degree  tensor(10)
----------- core.py torch.sort() replace to OrderedDict time:  0.09101557731628418
step:  0
bucketing time:  0.0006561279296875

---------- degree  tensor(10)
----------- core.py torch.sort() replace to OrderedDict time:  0.08714699745178223
step:  1
bucketing time:  0.0006568431854248047

---------- degree  tensor(10)
----------- core.py torch.sort() replace to OrderedDict time:  0.08749198913574219
step:  2
bucketing time:  0.0006520748138427734

---------- degree  tensor(10)
----------- core.py torch.sort() replace to OrderedDict time:  0.0880427360534668
step:  3
bucketing time:  0.0006551742553710938

---------- degree  tensor(10)
----------- core.py torch.sort() replace to OrderedDict time:  0.08772587776184082
step:  4
bucketing time:  0.0006530284881591797

---------- degree  tensor(10)
----------- core.py torch.sort() replace to OrderedDict time:  0.08788657188415527
step:  5
bucketing time:  0.0006465911865234375

---------- degree  tensor(10)
----------- core.py torch.sort() replace to OrderedDict time:  0.08769083023071289
step:  6
bucketing time:  0.0007200241088867188

---------- degree  tensor(10)
----------- core.py torch.sort() replace to OrderedDict time:  0.08789587020874023
step:  7
bucketing time:  0.0006489753723144531

---------- degree  tensor(10)
----------- core.py torch.sort() replace to OrderedDict time:  0.08810019493103027
step:  8
bucketing time:  0.0006568431854248047

---------- degree  tensor(10)
----------- core.py torch.sort() replace to OrderedDict time:  0.08939647674560547
step:  9
bucketing time:  0.0007452964782714844

---------- degree  tensor(10)
----------- core.py torch.sort() replace to OrderedDict time:  0.08824825286865234
step:  10
bucketing time:  0.0006501674652099609

---------- degree  tensor(10)
----------- core.py torch.sort() replace to OrderedDict time:  0.08819746971130371
step:  11
bucketing time:  0.0006489753723144531

---------- degree  tensor(10)
----------- core.py torch.sort() replace to OrderedDict time:  0.0877842903137207
step:  12
bucketing time:  0.0006520748138427734

---------- degree  tensor(10)
----------- core.py torch.sort() replace to OrderedDict time:  0.08813643455505371
step:  13
bucketing time:  0.0006542205810546875

---------- degree  tensor(10)
----------- core.py torch.sort() replace to OrderedDict time:  0.08795952796936035
step:  14
bucketing time:  0.0006563663482666016

---------- degree  tensor(10)
----------- core.py torch.sort() replace to OrderedDict time:  0.08813357353210449
step:  15
bucketing time:  0.0006520748138427734
split  buckets total input  1850400
preparing time:  0.10371756553649902
model forward time :  1.4836134910583496
model forward time + loss calculation time:  1.4853718280792236
loss backward time:  0.06533956527709961
-------------------------------------------------------------------------------loss_sum  :  tensor(4.4706)

pure train time 1.6637370586395264
full batch graph loading time:  0.05231499671936035
group buckets input  18164

---------- degree  tensor([1, 2, 3, 4, 5, 6, 7, 8, 9], device='cuda:0', dtype=torch.int32)
----------- core.py torch.sort() replace to OrderedDict time:  0.08011770248413086
bucketing time:  0.0011401176452636719
preparing time:  0.023677349090576172
model forward time:  0.09588456153869629
loss calculation time:  5.9604644775390625e-05
partial loss calculation time:  0.0010437965393066406
loss backward time:  0.012423276901245117

---------- degree  tensor(10)
----------- core.py torch.sort() replace to OrderedDict time:  0.08846712112426758
step:  0
bucketing time:  0.0006601810455322266

---------- degree  tensor(10)
----------- core.py torch.sort() replace to OrderedDict time:  0.08767056465148926
step:  1
bucketing time:  0.0006573200225830078

---------- degree  tensor(10)
----------- core.py torch.sort() replace to OrderedDict time:  0.08786606788635254
step:  2
bucketing time:  0.0006623268127441406

---------- degree  tensor(10)
----------- core.py torch.sort() replace to OrderedDict time:  0.08813142776489258
step:  3
bucketing time:  0.0006592273712158203

---------- degree  tensor(10)
----------- core.py torch.sort() replace to OrderedDict time:  0.08836627006530762
step:  4
bucketing time:  0.0006611347198486328

---------- degree  tensor(10)
----------- core.py torch.sort() replace to OrderedDict time:  0.0882103443145752
step:  5
bucketing time:  0.0006561279296875

---------- degree  tensor(10)
----------- core.py torch.sort() replace to OrderedDict time:  0.08835530281066895
step:  6
bucketing time:  0.0006608963012695312

---------- degree  tensor(10)
----------- core.py torch.sort() replace to OrderedDict time:  0.08869433403015137
step:  7
bucketing time:  0.0007967948913574219

---------- degree  tensor(10)
----------- core.py torch.sort() replace to OrderedDict time:  0.08884358406066895
step:  8
bucketing time:  0.0006594657897949219

---------- degree  tensor(10)
----------- core.py torch.sort() replace to OrderedDict time:  0.08861422538757324
step:  9
bucketing time:  0.0006546974182128906

---------- degree  tensor(10)
----------- core.py torch.sort() replace to OrderedDict time:  0.08858704566955566
step:  10
bucketing time:  0.0006532669067382812

---------- degree  tensor(10)
----------- core.py torch.sort() replace to OrderedDict time:  0.08919930458068848
step:  11
bucketing time:  0.0006511211395263672

---------- degree  tensor(10)
----------- core.py torch.sort() replace to OrderedDict time:  0.08903193473815918
step:  12
bucketing time:  0.0006630420684814453

---------- degree  tensor(10)
----------- core.py torch.sort() replace to OrderedDict time:  0.08887124061584473
step:  13
bucketing time:  0.0006539821624755859

---------- degree  tensor(10)
----------- core.py torch.sort() replace to OrderedDict time:  0.0890352725982666
step:  14
bucketing time:  0.0006549358367919922

---------- degree  tensor(10)
----------- core.py torch.sort() replace to OrderedDict time:  0.08837246894836426
step:  15
bucketing time:  0.0006530284881591797
split  buckets total input  1850448
preparing time:  0.1038670539855957
model forward time :  1.4880475997924805
model forward time + loss calculation time:  1.4898219108581543
loss backward time:  0.10269713401794434
-------------------------------------------------------------------------------loss_sum  :  tensor(4.4048)

pure train time 1.7008864879608154
full batch graph loading time:  0.043587684631347656
group buckets input  18164

---------- degree  tensor([1, 2, 3, 4, 5, 6, 7, 8, 9], device='cuda:0', dtype=torch.int32)
----------- core.py torch.sort() replace to OrderedDict time:  0.08063936233520508
bucketing time:  0.0011327266693115234
preparing time:  0.023482084274291992
model forward time:  0.09634780883789062
loss calculation time:  5.6743621826171875e-05
partial loss calculation time:  0.0010421276092529297
loss backward time:  0.01030278205871582

---------- degree  tensor(10)
----------- core.py torch.sort() replace to OrderedDict time:  0.08943605422973633
step:  0
bucketing time:  0.0006496906280517578

---------- degree  tensor(10)
----------- core.py torch.sort() replace to OrderedDict time:  0.08840751647949219
step:  1
bucketing time:  0.0006513595581054688

---------- degree  tensor(10)
----------- core.py torch.sort() replace to OrderedDict time:  0.0891110897064209
step:  2
bucketing time:  0.0006542205810546875

---------- degree  tensor(10)
----------- core.py torch.sort() replace to OrderedDict time:  0.08928585052490234
step:  3
bucketing time:  0.0006453990936279297

---------- degree  tensor(10)
----------- core.py torch.sort() replace to OrderedDict time:  0.08963227272033691
step:  4
bucketing time:  0.0006525516510009766

---------- degree  tensor(10)
----------- core.py torch.sort() replace to OrderedDict time:  0.08903336524963379
step:  5
bucketing time:  0.0006477832794189453

---------- degree  tensor(10)
----------- core.py torch.sort() replace to OrderedDict time:  0.08946967124938965
step:  6
bucketing time:  0.0006470680236816406

---------- degree  tensor(10)
----------- core.py torch.sort() replace to OrderedDict time:  0.08900165557861328
step:  7
bucketing time:  0.0006616115570068359

---------- degree  tensor(10)
----------- core.py torch.sort() replace to OrderedDict time:  0.09039306640625
step:  8
bucketing time:  0.0006656646728515625

---------- degree  tensor(10)
----------- core.py torch.sort() replace to OrderedDict time:  0.08896780014038086
step:  9
bucketing time:  0.0006499290466308594

---------- degree  tensor(10)
----------- core.py torch.sort() replace to OrderedDict time:  0.08965587615966797
step:  10
bucketing time:  0.0006604194641113281

---------- degree  tensor(10)
----------- core.py torch.sort() replace to OrderedDict time:  0.08928871154785156
step:  11
bucketing time:  0.0006468296051025391

---------- degree  tensor(10)
----------- core.py torch.sort() replace to OrderedDict time:  0.0897057056427002
step:  12
bucketing time:  0.0006682872772216797

---------- degree  tensor(10)
----------- core.py torch.sort() replace to OrderedDict time:  0.0900115966796875
step:  13
bucketing time:  0.0006415843963623047

---------- degree  tensor(10)
----------- core.py torch.sort() replace to OrderedDict time:  0.08945846557617188
step:  14
bucketing time:  0.0006706714630126953

---------- degree  tensor(10)
----------- core.py torch.sort() replace to OrderedDict time:  0.08988451957702637
step:  15
bucketing time:  0.0006453990936279297
split  buckets total input  1850069
preparing time:  0.10367298126220703
model forward time :  1.5022668838500977
model forward time + loss calculation time:  1.5040316581726074
loss backward time:  0.07210922241210938
-------------------------------------------------------------------------------loss_sum  :  tensor(4.3381)

pure train time 1.6828482151031494
full batch graph loading time:  0.03961467742919922
group buckets input  18164

---------- degree  tensor([1, 2, 3, 4, 5, 6, 7, 8, 9], device='cuda:0', dtype=torch.int32)
----------- core.py torch.sort() replace to OrderedDict time:  0.0821533203125
bucketing time:  0.001138448715209961
preparing time:  0.023540019989013672
model forward time:  0.09790301322937012
loss calculation time:  5.936622619628906e-05
partial loss calculation time:  0.0010404586791992188
loss backward time:  0.013095617294311523

---------- degree  tensor(10)
----------- core.py torch.sort() replace to OrderedDict time:  0.0904228687286377
step:  0
bucketing time:  0.0006635189056396484

---------- degree  tensor(10)
----------- core.py torch.sort() replace to OrderedDict time:  0.08834362030029297
step:  1
bucketing time:  0.0006449222564697266

---------- degree  tensor(10)
----------- core.py torch.sort() replace to OrderedDict time:  0.08840584754943848
step:  2
bucketing time:  0.000652313232421875

---------- degree  tensor(10)
----------- core.py torch.sort() replace to OrderedDict time:  0.0888664722442627
step:  3
bucketing time:  0.0006492137908935547

---------- degree  tensor(10)
----------- core.py torch.sort() replace to OrderedDict time:  0.0882108211517334
step:  4
bucketing time:  0.0006482601165771484

---------- degree  tensor(10)
----------- core.py torch.sort() replace to OrderedDict time:  0.08891797065734863
step:  5
bucketing time:  0.0006439685821533203

---------- degree  tensor(10)
----------- core.py torch.sort() replace to OrderedDict time:  0.08829116821289062
step:  6
bucketing time:  0.0006403923034667969

---------- degree  tensor(10)
----------- core.py torch.sort() replace to OrderedDict time:  0.08883261680603027
step:  7
bucketing time:  0.00064849853515625

---------- degree  tensor(10)
----------- core.py torch.sort() replace to OrderedDict time:  0.08836841583251953
step:  8
bucketing time:  0.0006444454193115234

---------- degree  tensor(10)
----------- core.py torch.sort() replace to OrderedDict time:  0.08795046806335449
step:  9
bucketing time:  0.0006654262542724609

---------- degree  tensor(10)
----------- core.py torch.sort() replace to OrderedDict time:  0.08836078643798828
step:  10
bucketing time:  0.0006561279296875

---------- degree  tensor(10)
----------- core.py torch.sort() replace to OrderedDict time:  0.09900760650634766
step:  11
bucketing time:  0.0006451606750488281

---------- degree  tensor(10)
----------- core.py torch.sort() replace to OrderedDict time:  0.08921384811401367
step:  12
bucketing time:  0.0006794929504394531

---------- degree  tensor(10)
----------- core.py torch.sort() replace to OrderedDict time:  0.09654474258422852
step:  13
bucketing time:  0.0006473064422607422

---------- degree  tensor(10)
----------- core.py torch.sort() replace to OrderedDict time:  0.0939171314239502
step:  14
bucketing time:  0.0006566047668457031

---------- degree  tensor(10)
----------- core.py torch.sort() replace to OrderedDict time:  0.08841586112976074
step:  15
bucketing time:  0.0006575584411621094
split  buckets total input  1849899
preparing time:  0.1157538890838623
model forward time :  1.5140655040740967
model forward time + loss calculation time:  1.5158720016479492
loss backward time:  0.07284021377563477
-------------------------------------------------------------------------------loss_sum  :  tensor(4.2706)

pure train time 1.699770212173462
full batch graph loading time:  0.07483077049255371
group buckets input  18164

---------- degree  tensor([1, 2, 3, 4, 5, 6, 7, 8, 9], device='cuda:0', dtype=torch.int32)
----------- core.py torch.sort() replace to OrderedDict time:  0.08399224281311035
bucketing time:  0.0011281967163085938
preparing time:  0.020686626434326172
model forward time:  0.09975361824035645
loss calculation time:  5.698204040527344e-05
partial loss calculation time:  0.0010385513305664062
loss backward time:  0.010292530059814453

---------- degree  tensor(10)
----------- core.py torch.sort() replace to OrderedDict time:  0.08723640441894531
step:  0
bucketing time:  0.0006458759307861328

---------- degree  tensor(10)
----------- core.py torch.sort() replace to OrderedDict time:  0.08620381355285645
step:  1
bucketing time:  0.0006492137908935547

---------- degree  tensor(10)
----------- core.py torch.sort() replace to OrderedDict time:  0.08623695373535156
step:  2
bucketing time:  0.0006482601165771484

---------- degree  tensor(10)
----------- core.py torch.sort() replace to OrderedDict time:  0.08812069892883301
step:  3
bucketing time:  0.0006592273712158203

---------- degree  tensor(10)
----------- core.py torch.sort() replace to OrderedDict time:  0.0866706371307373
step:  4
bucketing time:  0.0006475448608398438

---------- degree  tensor(10)
----------- core.py torch.sort() replace to OrderedDict time:  0.08621954917907715
step:  5
bucketing time:  0.0006518363952636719

---------- degree  tensor(10)
----------- core.py torch.sort() replace to OrderedDict time:  0.0858304500579834
step:  6
bucketing time:  0.0006494522094726562

---------- degree  tensor(10)
----------- core.py torch.sort() replace to OrderedDict time:  0.08650636672973633
step:  7
bucketing time:  0.0006654262542724609

---------- degree  tensor(10)
----------- core.py torch.sort() replace to OrderedDict time:  0.08651256561279297
step:  8
bucketing time:  0.0006494522094726562

---------- degree  tensor(10)
----------- core.py torch.sort() replace to OrderedDict time:  0.08612227439880371
step:  9
bucketing time:  0.0006492137908935547

---------- degree  tensor(10)
----------- core.py torch.sort() replace to OrderedDict time:  0.08665347099304199
step:  10
bucketing time:  0.0007979869842529297

---------- degree  tensor(10)
----------- core.py torch.sort() replace to OrderedDict time:  0.08608484268188477
step:  11
bucketing time:  0.0006437301635742188

---------- degree  tensor(10)
----------- core.py torch.sort() replace to OrderedDict time:  0.08646821975708008
step:  12
bucketing time:  0.0007121562957763672

---------- degree  tensor(10)
----------- core.py torch.sort() replace to OrderedDict time:  0.08597350120544434
step:  13
bucketing time:  0.0006530284881591797

---------- degree  tensor(10)
----------- core.py torch.sort() replace to OrderedDict time:  0.08598184585571289
step:  14
bucketing time:  0.0006434917449951172

---------- degree  tensor(10)
----------- core.py torch.sort() replace to OrderedDict time:  0.08594059944152832
step:  15
bucketing time:  0.0006442070007324219
split  buckets total input  1849877
preparing time:  0.0988152027130127
model forward time :  1.453376054763794
model forward time + loss calculation time:  1.455151081085205
loss backward time:  0.0657660961151123
-------------------------------------------------------------------------------loss_sum  :  tensor(4.1990)

pure train time 1.6310203075408936

avg epoch time:  3.5544282708849226
avg pure train time:  1.6661399773189
avg block subtensor loading time:  0.15474040167672293
avg preparing time:  0.19586821964808873
avg block to device time:  0.01649345670427595
avg grouping time:  0.13302019664219447
avg splitting time:  2.985500233513968
avg optimizing time:  0.001127140862601144

avg input nodes number :  1868488.5714285714
avg input nodes number/pure train time :  1121447.5355397717
avg input nodes number/avg epoch time :  525679.0766418775
