main start at this time 1674088343.5000012
-----------------------------------------before load data 
 Nvidia-smi: 0.166015625 GB
    Memory Allocated: 0.0  GigaBytes
Max Memory Allocated: 0.0  GigaBytes

#nodes: 2449029
#edges: 123718024
#classes: 47
success----------------------------------------
196571
39255
2164782
# Nodes: 2400608
# Edges: 123718024
# Train: 196571
# Val: 39255
# Test: 2164782
# Classes: 47

----------------------------------------start of run function 
 Nvidia-smi: 0.166015625 GB
    Memory Allocated: 0.0  GigaBytes
Max Memory Allocated: 0.0  GigaBytes

in feats:  100
EPOCH:  0
group buckets input  18164

current graph nodes  848910
current graph dst nodes  196571
current graph edges  1949041
---------- degree  tensor([1, 2, 3, 4, 5, 6, 7, 8, 9], device='cuda:0', dtype=torch.int32)

degs = graph.in_degrees() time :  0.0003573894500732422
nodes = graph.dstnodes() time :  4.482269287109375e-05
ntid = graph.get_ntype_id_from_dst(ntype) time :  4.0531158447265625e-06
msgdata = Frame(msgdata) time :  4.76837158203125e-07
get ready time :  0.0004372596740722656
len val:  196571
----------- core.py torch.sort() replace to OrderedDict time:  0.08499979972839355
eqidx = F.nonzero_1d(F.equal(sorted_val, v))  0.0008001327514648438
bucketing time:  0.08640074729919434
len node_bkt:  173
len eid_bkt:  173
ndata_bkt = dstdata.subframe(node_bkt):  0.0005233287811279297
msgdata_bkt generation:  0.0005233287811279297
msgdata_bkt for loop:  0.0001881122589111328
NodeBatch generation:  8.821487426757812e-06
len node_bkt:  221
len eid_bkt:  442
ndata_bkt = dstdata.subframe(node_bkt):  0.00037169456481933594
msgdata_bkt generation:  0.00037169456481933594
msgdata_bkt for loop:  0.00010895729064941406
NodeBatch generation:  5.9604644775390625e-06
len node_bkt:  374
len eid_bkt:  1122
ndata_bkt = dstdata.subframe(node_bkt):  0.00029730796813964844
msgdata_bkt generation:  0.00029730796813964844
msgdata_bkt for loop:  9.512901306152344e-05
NodeBatch generation:  4.5299530029296875e-06
len node_bkt:  456
len eid_bkt:  1824
ndata_bkt = dstdata.subframe(node_bkt):  0.00027441978454589844
msgdata_bkt generation:  0.00027441978454589844
msgdata_bkt for loop:  9.083747863769531e-05
NodeBatch generation:  3.814697265625e-06
len node_bkt:  445
len eid_bkt:  2225
ndata_bkt = dstdata.subframe(node_bkt):  0.0002734661102294922
msgdata_bkt generation:  0.0002734661102294922
msgdata_bkt for loop:  9.131431579589844e-05
NodeBatch generation:  3.814697265625e-06
len node_bkt:  550
len eid_bkt:  3300
ndata_bkt = dstdata.subframe(node_bkt):  0.0002799034118652344
msgdata_bkt generation:  0.0002799034118652344
msgdata_bkt for loop:  9.274482727050781e-05
NodeBatch generation:  3.814697265625e-06
len node_bkt:  655
len eid_bkt:  4585
ndata_bkt = dstdata.subframe(node_bkt):  0.00028443336486816406
msgdata_bkt generation:  0.00028443336486816406
msgdata_bkt for loop:  9.560585021972656e-05
NodeBatch generation:  1.3113021850585938e-05
len node_bkt:  512
len eid_bkt:  4096
ndata_bkt = dstdata.subframe(node_bkt):  0.0002918243408203125
msgdata_bkt generation:  0.0002918243408203125
msgdata_bkt for loop:  9.059906005859375e-05
NodeBatch generation:  3.814697265625e-06
len node_bkt:  576
len eid_bkt:  5184
ndata_bkt = dstdata.subframe(node_bkt):  0.0002872943878173828
msgdata_bkt generation:  0.0002872943878173828
msgdata_bkt for loop:  0.00010609626770019531
NodeBatch generation:  3.5762786865234375e-06
----NodeBatch generation time:  0.020946502685546875
----Frame generation time:  1.1205673217773438e-05
---- merge nodes time:  0.0006406307220458984
invoke_udf_reduce time:  0.11401247978210449
preparing time:  0.24381303787231445
model forward time:  0.11680173873901367
loss calculation time:  0.00019049644470214844
partial loss calculation time:  0.0006148815155029297
loss backward time:  0.01454615592956543

current graph nodes  848910
current graph dst nodes  196571
current graph edges  1949041
---------- degree  tensor(10)

degs = graph.in_degrees() time :  0.00033211708068847656
nodes = graph.dstnodes() time :  8.630752563476562e-05
ntid = graph.get_ntype_id_from_dst(ntype) time :  1.0251998901367188e-05
msgdata = Frame(msgdata) time :  7.152557373046875e-07
get ready time :  0.0004792213439941406
len val:  196571
----------- core.py torch.sort() replace to OrderedDict time:  0.08908796310424805
bucketing time:  0.08977246284484863
len node_bkt:  192609
len eid_bkt:  1926090
ndata_bkt = dstdata.subframe(node_bkt):  0.008162975311279297
msgdata_bkt generation:  0.008162975311279297
msgdata_bkt for loop:  0.0028121471405029297
NodeBatch generation:  5.9604644775390625e-06
----NodeBatch generation time:  0.02962970733642578
----Frame generation time:  1.5020370483398438e-05
---- merge nodes time:  0.0001766681671142578
invoke_udf_reduce time:  0.12044858932495117
partial loss calculation time:  0.05420374870300293
current  bucket  input  841339
-------------------------------------------------------------------------------loss_sum  :  tensor(4.7917)

EPOCH:  1
group buckets input  18164

current graph nodes  848027
current graph dst nodes  196571
current graph edges  1949041
---------- degree  tensor([1, 2, 3, 4, 5, 6, 7, 8, 9], device='cuda:0', dtype=torch.int32)

degs = graph.in_degrees() time :  0.0001678466796875
nodes = graph.dstnodes() time :  2.9325485229492188e-05
ntid = graph.get_ntype_id_from_dst(ntype) time :  4.76837158203125e-06
msgdata = Frame(msgdata) time :  2.384185791015625e-07
get ready time :  0.0002262592315673828
len val:  196571
----------- core.py torch.sort() replace to OrderedDict time:  0.07714724540710449
eqidx = F.nonzero_1d(F.equal(sorted_val, v))  0.0006389617919921875
bucketing time:  0.07822966575622559
len node_bkt:  173
len eid_bkt:  173
ndata_bkt = dstdata.subframe(node_bkt):  0.00045371055603027344
msgdata_bkt generation:  0.00045371055603027344
msgdata_bkt for loop:  0.00012826919555664062
NodeBatch generation:  4.5299530029296875e-06
len node_bkt:  221
len eid_bkt:  442
ndata_bkt = dstdata.subframe(node_bkt):  0.0003237724304199219
msgdata_bkt generation:  0.0003237724304199219
msgdata_bkt for loop:  0.00010228157043457031
NodeBatch generation:  5.9604644775390625e-06
len node_bkt:  374
len eid_bkt:  1122
ndata_bkt = dstdata.subframe(node_bkt):  0.000270843505859375
msgdata_bkt generation:  0.000270843505859375
msgdata_bkt for loop:  8.988380432128906e-05
NodeBatch generation:  4.5299530029296875e-06
len node_bkt:  456
len eid_bkt:  1824
ndata_bkt = dstdata.subframe(node_bkt):  0.00027441978454589844
msgdata_bkt generation:  0.00027441978454589844
msgdata_bkt for loop:  8.96453857421875e-05
NodeBatch generation:  3.814697265625e-06
len node_bkt:  445
len eid_bkt:  2225
ndata_bkt = dstdata.subframe(node_bkt):  0.0002727508544921875
msgdata_bkt generation:  0.0002727508544921875
msgdata_bkt for loop:  8.940696716308594e-05
NodeBatch generation:  4.5299530029296875e-06
len node_bkt:  550
len eid_bkt:  3300
ndata_bkt = dstdata.subframe(node_bkt):  0.0002815723419189453
msgdata_bkt generation:  0.0002815723419189453
msgdata_bkt for loop:  9.322166442871094e-05
NodeBatch generation:  4.0531158447265625e-06
len node_bkt:  655
len eid_bkt:  4585
ndata_bkt = dstdata.subframe(node_bkt):  0.00027751922607421875
msgdata_bkt generation:  0.00027751922607421875
msgdata_bkt for loop:  9.393692016601562e-05
NodeBatch generation:  3.814697265625e-06
len node_bkt:  512
len eid_bkt:  4096
ndata_bkt = dstdata.subframe(node_bkt):  0.0002753734588623047
msgdata_bkt generation:  0.0002753734588623047
msgdata_bkt for loop:  9.465217590332031e-05
NodeBatch generation:  4.0531158447265625e-06
len node_bkt:  576
len eid_bkt:  5184
ndata_bkt = dstdata.subframe(node_bkt):  0.0002796649932861328
msgdata_bkt generation:  0.0002796649932861328
msgdata_bkt for loop:  9.441375732421875e-05
NodeBatch generation:  4.0531158447265625e-06
----NodeBatch generation time:  0.007839202880859375
----Frame generation time:  1.0728836059570312e-05
---- merge nodes time:  0.0001666545867919922
invoke_udf_reduce time:  0.09149169921875
preparing time:  0.02012467384338379
model forward time:  0.09243631362915039
loss calculation time:  6.580352783203125e-05
partial loss calculation time:  0.0009472370147705078
loss backward time:  0.01784968376159668

current graph nodes  848027
current graph dst nodes  196571
current graph edges  1949041
---------- degree  tensor(10)

degs = graph.in_degrees() time :  0.0003261566162109375
nodes = graph.dstnodes() time :  8.344650268554688e-05
ntid = graph.get_ntype_id_from_dst(ntype) time :  9.5367431640625e-06
msgdata = Frame(msgdata) time :  9.5367431640625e-07
get ready time :  0.00046944618225097656
len val:  196571
----------- core.py torch.sort() replace to OrderedDict time:  0.08965635299682617
bucketing time:  0.09024214744567871
len node_bkt:  192609
len eid_bkt:  1926090
ndata_bkt = dstdata.subframe(node_bkt):  0.008410930633544922
msgdata_bkt generation:  0.008410930633544922
msgdata_bkt for loop:  0.0017855167388916016
NodeBatch generation:  5.9604644775390625e-06
----NodeBatch generation time:  0.012320518493652344
----Frame generation time:  1.3589859008789062e-05
---- merge nodes time:  0.00018167495727539062
invoke_udf_reduce time:  0.10355567932128906
partial loss calculation time:  0.0671544075012207
current  bucket  input  840466
-------------------------------------------------------------------------------loss_sum  :  tensor(4.7273)

EPOCH:  2
group buckets input  18164

current graph nodes  848038
current graph dst nodes  196571
current graph edges  1949041
---------- degree  tensor([1, 2, 3, 4, 5, 6, 7, 8, 9], device='cuda:0', dtype=torch.int32)

degs = graph.in_degrees() time :  0.00015854835510253906
nodes = graph.dstnodes() time :  2.7418136596679688e-05
ntid = graph.get_ntype_id_from_dst(ntype) time :  4.0531158447265625e-06
msgdata = Frame(msgdata) time :  4.76837158203125e-07
get ready time :  0.00021314620971679688
len val:  196571
----------- core.py torch.sort() replace to OrderedDict time:  0.07673263549804688
eqidx = F.nonzero_1d(F.equal(sorted_val, v))  0.0006492137908935547
bucketing time:  0.07784414291381836
len node_bkt:  173
len eid_bkt:  173
ndata_bkt = dstdata.subframe(node_bkt):  0.0004444122314453125
msgdata_bkt generation:  0.0004444122314453125
msgdata_bkt for loop:  0.0001342296600341797
NodeBatch generation:  5.4836273193359375e-06
len node_bkt:  221
len eid_bkt:  442
ndata_bkt = dstdata.subframe(node_bkt):  0.0003323554992675781
msgdata_bkt generation:  0.0003323554992675781
msgdata_bkt for loop:  0.00010561943054199219
NodeBatch generation:  1.5974044799804688e-05
len node_bkt:  374
len eid_bkt:  1122
ndata_bkt = dstdata.subframe(node_bkt):  0.00027179718017578125
msgdata_bkt generation:  0.00027179718017578125
msgdata_bkt for loop:  8.845329284667969e-05
NodeBatch generation:  4.0531158447265625e-06
len node_bkt:  456
len eid_bkt:  1824
ndata_bkt = dstdata.subframe(node_bkt):  0.000270843505859375
msgdata_bkt generation:  0.000270843505859375
msgdata_bkt for loop:  0.00010609626770019531
NodeBatch generation:  4.5299530029296875e-06
len node_bkt:  445
len eid_bkt:  2225
ndata_bkt = dstdata.subframe(node_bkt):  0.00026917457580566406
msgdata_bkt generation:  0.00026917457580566406
msgdata_bkt for loop:  8.988380432128906e-05
NodeBatch generation:  4.0531158447265625e-06
len node_bkt:  550
len eid_bkt:  3300
ndata_bkt = dstdata.subframe(node_bkt):  0.0002751350402832031
msgdata_bkt generation:  0.0002751350402832031
msgdata_bkt for loop:  9.202957153320312e-05
NodeBatch generation:  4.0531158447265625e-06
len node_bkt:  655
len eid_bkt:  4585
ndata_bkt = dstdata.subframe(node_bkt):  0.00028014183044433594
msgdata_bkt generation:  0.00028014183044433594
msgdata_bkt for loop:  9.393692016601562e-05
NodeBatch generation:  3.814697265625e-06
len node_bkt:  512
len eid_bkt:  4096
ndata_bkt = dstdata.subframe(node_bkt):  0.00027632713317871094
msgdata_bkt generation:  0.00027632713317871094
msgdata_bkt for loop:  9.298324584960938e-05
NodeBatch generation:  4.291534423828125e-06
len node_bkt:  576
len eid_bkt:  5184
ndata_bkt = dstdata.subframe(node_bkt):  0.0002918243408203125
msgdata_bkt generation:  0.0002918243408203125
msgdata_bkt for loop:  9.655952453613281e-05
NodeBatch generation:  3.814697265625e-06
----NodeBatch generation time:  0.007983207702636719
----Frame generation time:  9.775161743164062e-06
---- merge nodes time:  0.00016379356384277344
invoke_udf_reduce time:  0.09127545356750488
preparing time:  0.019929170608520508
model forward time:  0.09222793579101562
loss calculation time:  6.413459777832031e-05
partial loss calculation time:  0.0009453296661376953
loss backward time:  0.00947880744934082

current graph nodes  848038
current graph dst nodes  196571
current graph edges  1949041
---------- degree  tensor(10)

degs = graph.in_degrees() time :  0.00029468536376953125
nodes = graph.dstnodes() time :  7.62939453125e-05
ntid = graph.get_ntype_id_from_dst(ntype) time :  8.344650268554688e-06
msgdata = Frame(msgdata) time :  7.152557373046875e-07
get ready time :  0.0004253387451171875
len val:  196571
----------- core.py torch.sort() replace to OrderedDict time:  0.08907437324523926
bucketing time:  0.08966994285583496
len node_bkt:  192609
len eid_bkt:  1926090
ndata_bkt = dstdata.subframe(node_bkt):  0.008280277252197266
msgdata_bkt generation:  0.008280277252197266
msgdata_bkt for loop:  0.0018444061279296875
NodeBatch generation:  5.7220458984375e-06
----NodeBatch generation time:  0.011185169219970703
----Frame generation time:  1.4543533325195312e-05
---- merge nodes time:  0.00017404556274414062
invoke_udf_reduce time:  0.10178065299987793
partial loss calculation time:  0.06864237785339355
current  bucket  input  840444
-------------------------------------------------------------------------------loss_sum  :  tensor(4.6635)

EPOCH:  3
full batch graph loading time:  0.06042313575744629
group buckets input  18164

current graph nodes  848349
current graph dst nodes  196571
current graph edges  1949041
---------- degree  tensor([1, 2, 3, 4, 5, 6, 7, 8, 9], device='cuda:0', dtype=torch.int32)

degs = graph.in_degrees() time :  0.00016427040100097656
nodes = graph.dstnodes() time :  2.9087066650390625e-05
ntid = graph.get_ntype_id_from_dst(ntype) time :  4.5299530029296875e-06
msgdata = Frame(msgdata) time :  4.76837158203125e-07
get ready time :  0.0002224445343017578
len val:  196571
----------- core.py torch.sort() replace to OrderedDict time:  0.07890200614929199
eqidx = F.nonzero_1d(F.equal(sorted_val, v))  0.0006430149078369141
bucketing time:  0.08000588417053223
len node_bkt:  173
len eid_bkt:  173
ndata_bkt = dstdata.subframe(node_bkt):  0.0004482269287109375
msgdata_bkt generation:  0.0004482269287109375
msgdata_bkt for loop:  0.00013780593872070312
NodeBatch generation:  4.5299530029296875e-06
len node_bkt:  221
len eid_bkt:  442
ndata_bkt = dstdata.subframe(node_bkt):  0.0003447532653808594
msgdata_bkt generation:  0.0003447532653808594
msgdata_bkt for loop:  0.00011706352233886719
NodeBatch generation:  5.4836273193359375e-06
len node_bkt:  374
len eid_bkt:  1122
ndata_bkt = dstdata.subframe(node_bkt):  0.0002930164337158203
msgdata_bkt generation:  0.0002930164337158203
msgdata_bkt for loop:  8.916854858398438e-05
NodeBatch generation:  4.0531158447265625e-06
len node_bkt:  456
len eid_bkt:  1824
ndata_bkt = dstdata.subframe(node_bkt):  0.000270843505859375
msgdata_bkt generation:  0.000270843505859375
msgdata_bkt for loop:  9.059906005859375e-05
NodeBatch generation:  4.0531158447265625e-06
len node_bkt:  445
len eid_bkt:  2225
ndata_bkt = dstdata.subframe(node_bkt):  0.0002701282501220703
msgdata_bkt generation:  0.0002701282501220703
msgdata_bkt for loop:  9.131431579589844e-05
NodeBatch generation:  4.0531158447265625e-06
len node_bkt:  550
len eid_bkt:  3300
ndata_bkt = dstdata.subframe(node_bkt):  0.0002760887145996094
msgdata_bkt generation:  0.0002760887145996094
msgdata_bkt for loop:  9.202957153320312e-05
NodeBatch generation:  4.291534423828125e-06
len node_bkt:  655
len eid_bkt:  4585
ndata_bkt = dstdata.subframe(node_bkt):  0.00028204917907714844
msgdata_bkt generation:  0.00028204917907714844
msgdata_bkt for loop:  9.465217590332031e-05
NodeBatch generation:  3.814697265625e-06
len node_bkt:  512
len eid_bkt:  4096
ndata_bkt = dstdata.subframe(node_bkt):  0.00028324127197265625
msgdata_bkt generation:  0.00028324127197265625
msgdata_bkt for loop:  9.417533874511719e-05
NodeBatch generation:  3.814697265625e-06
len node_bkt:  576
len eid_bkt:  5184
ndata_bkt = dstdata.subframe(node_bkt):  0.00029206275939941406
msgdata_bkt generation:  0.00029206275939941406
msgdata_bkt for loop:  9.584426879882812e-05
NodeBatch generation:  3.814697265625e-06
----NodeBatch generation time:  0.008161067962646484
----Frame generation time:  1.1205673217773438e-05
---- merge nodes time:  0.00016450881958007812
invoke_udf_reduce time:  0.09360480308532715
preparing time:  0.020436763763427734
model forward time:  0.09456753730773926
loss calculation time:  6.461143493652344e-05
partial loss calculation time:  0.0009412765502929688
loss backward time:  0.009235143661499023

current graph nodes  848349
current graph dst nodes  196571
current graph edges  1949041
---------- degree  tensor(10)

degs = graph.in_degrees() time :  0.00015115737915039062
nodes = graph.dstnodes() time :  3.719329833984375e-05
ntid = graph.get_ntype_id_from_dst(ntype) time :  4.5299530029296875e-06
msgdata = Frame(msgdata) time :  2.384185791015625e-07
get ready time :  0.00021839141845703125
len val:  196571
----------- core.py torch.sort() replace to OrderedDict time:  0.08367443084716797
bucketing time:  0.08426570892333984
len node_bkt:  192609
len eid_bkt:  1926090
ndata_bkt = dstdata.subframe(node_bkt):  0.007988691329956055
msgdata_bkt generation:  0.007988691329956055
msgdata_bkt for loop:  0.0017957687377929688
NodeBatch generation:  6.4373016357421875e-06
----NodeBatch generation time:  0.010874748229980469
----Frame generation time:  1.8358230590820312e-05
---- merge nodes time:  0.00018405914306640625
invoke_udf_reduce time:  0.09575152397155762
partial loss calculation time:  0.06856536865234375
current  bucket  input  840777
-------------------------------------------------------------------------------loss_sum  :  tensor(4.5988)

pure train time 0.2721529006958008
EPOCH:  4
full batch graph loading time:  0.06518268585205078
group buckets input  18164

current graph nodes  848190
current graph dst nodes  196571
current graph edges  1949041
---------- degree  tensor([1, 2, 3, 4, 5, 6, 7, 8, 9], device='cuda:0', dtype=torch.int32)

degs = graph.in_degrees() time :  0.00015974044799804688
nodes = graph.dstnodes() time :  2.9325485229492188e-05
ntid = graph.get_ntype_id_from_dst(ntype) time :  4.5299530029296875e-06
msgdata = Frame(msgdata) time :  2.384185791015625e-07
get ready time :  0.00021839141845703125
len val:  196571
----------- core.py torch.sort() replace to OrderedDict time:  0.07961773872375488
eqidx = F.nonzero_1d(F.equal(sorted_val, v))  0.0006434917449951172
bucketing time:  0.08070158958435059
len node_bkt:  173
len eid_bkt:  173
ndata_bkt = dstdata.subframe(node_bkt):  0.00044608116149902344
msgdata_bkt generation:  0.00044608116149902344
msgdata_bkt for loop:  0.0001304149627685547
NodeBatch generation:  5.0067901611328125e-06
len node_bkt:  221
len eid_bkt:  442
ndata_bkt = dstdata.subframe(node_bkt):  0.00033020973205566406
msgdata_bkt generation:  0.00033020973205566406
msgdata_bkt for loop:  0.00010395050048828125
NodeBatch generation:  6.67572021484375e-06
len node_bkt:  374
len eid_bkt:  1122
ndata_bkt = dstdata.subframe(node_bkt):  0.0002815723419189453
msgdata_bkt generation:  0.0002815723419189453
msgdata_bkt for loop:  9.107589721679688e-05
NodeBatch generation:  4.5299530029296875e-06
len node_bkt:  456
len eid_bkt:  1824
ndata_bkt = dstdata.subframe(node_bkt):  0.0002834796905517578
msgdata_bkt generation:  0.0002834796905517578
msgdata_bkt for loop:  8.96453857421875e-05
NodeBatch generation:  4.0531158447265625e-06
len node_bkt:  445
len eid_bkt:  2225
ndata_bkt = dstdata.subframe(node_bkt):  0.0002751350402832031
msgdata_bkt generation:  0.0002751350402832031
msgdata_bkt for loop:  9.036064147949219e-05
NodeBatch generation:  4.291534423828125e-06
len node_bkt:  550
len eid_bkt:  3300
ndata_bkt = dstdata.subframe(node_bkt):  0.0002741813659667969
msgdata_bkt generation:  0.0002741813659667969
msgdata_bkt for loop:  9.202957153320312e-05
NodeBatch generation:  3.814697265625e-06
len node_bkt:  655
len eid_bkt:  4585
ndata_bkt = dstdata.subframe(node_bkt):  0.0002808570861816406
msgdata_bkt generation:  0.0002808570861816406
msgdata_bkt for loop:  9.417533874511719e-05
NodeBatch generation:  3.814697265625e-06
len node_bkt:  512
len eid_bkt:  4096
ndata_bkt = dstdata.subframe(node_bkt):  0.0002772808074951172
msgdata_bkt generation:  0.0002772808074951172
msgdata_bkt for loop:  9.250640869140625e-05
NodeBatch generation:  4.0531158447265625e-06
len node_bkt:  576
len eid_bkt:  5184
ndata_bkt = dstdata.subframe(node_bkt):  0.0002810955047607422
msgdata_bkt generation:  0.0002810955047607422
msgdata_bkt for loop:  9.322166442871094e-05
NodeBatch generation:  4.0531158447265625e-06
----NodeBatch generation time:  0.007974863052368164
----Frame generation time:  1.2159347534179688e-05
---- merge nodes time:  0.00015854835510253906
invoke_udf_reduce time:  0.09409594535827637
preparing time:  0.02089524269104004
model forward time:  0.09505271911621094
loss calculation time:  6.4849853515625e-05
partial loss calculation time:  0.0009620189666748047
loss backward time:  0.015777111053466797

current graph nodes  848190
current graph dst nodes  196571
current graph edges  1949041
---------- degree  tensor(10)

degs = graph.in_degrees() time :  0.0002751350402832031
nodes = graph.dstnodes() time :  7.128715515136719e-05
ntid = graph.get_ntype_id_from_dst(ntype) time :  7.867813110351562e-06
msgdata = Frame(msgdata) time :  9.5367431640625e-07
get ready time :  0.00041294097900390625
len val:  196571
----------- core.py torch.sort() replace to OrderedDict time:  0.08980011940002441
bucketing time:  0.09039115905761719
len node_bkt:  192609
len eid_bkt:  1926090
ndata_bkt = dstdata.subframe(node_bkt):  0.008613824844360352
msgdata_bkt generation:  0.008613824844360352
msgdata_bkt for loop:  0.001798391342163086
NodeBatch generation:  5.4836273193359375e-06
----NodeBatch generation time:  0.011466741561889648
----Frame generation time:  1.4066696166992188e-05
---- merge nodes time:  0.00017213821411132812
invoke_udf_reduce time:  0.10274863243103027
partial loss calculation time:  0.06868624687194824
current  bucket  input  840606
-------------------------------------------------------------------------------loss_sum  :  tensor(4.5354)

pure train time 0.28641557693481445
EPOCH:  5
full batch graph loading time:  0.052015066146850586
group buckets input  18164

current graph nodes  848325
current graph dst nodes  196571
current graph edges  1949041
---------- degree  tensor([1, 2, 3, 4, 5, 6, 7, 8, 9], device='cuda:0', dtype=torch.int32)

degs = graph.in_degrees() time :  0.00016260147094726562
nodes = graph.dstnodes() time :  2.9087066650390625e-05
ntid = graph.get_ntype_id_from_dst(ntype) time :  4.76837158203125e-06
msgdata = Frame(msgdata) time :  4.76837158203125e-07
get ready time :  0.00022220611572265625
len val:  196571
----------- core.py torch.sort() replace to OrderedDict time:  0.0783545970916748
eqidx = F.nonzero_1d(F.equal(sorted_val, v))  0.0006754398345947266
bucketing time:  0.07947635650634766
len node_bkt:  173
len eid_bkt:  173
ndata_bkt = dstdata.subframe(node_bkt):  0.0004487037658691406
msgdata_bkt generation:  0.0004487037658691406
msgdata_bkt for loop:  0.0001323223114013672
NodeBatch generation:  5.245208740234375e-06
len node_bkt:  221
len eid_bkt:  442
ndata_bkt = dstdata.subframe(node_bkt):  0.000339508056640625
msgdata_bkt generation:  0.000339508056640625
msgdata_bkt for loop:  0.0001068115234375
NodeBatch generation:  1.5735626220703125e-05
len node_bkt:  374
len eid_bkt:  1122
ndata_bkt = dstdata.subframe(node_bkt):  0.0002760887145996094
msgdata_bkt generation:  0.0002760887145996094
msgdata_bkt for loop:  8.893013000488281e-05
NodeBatch generation:  4.291534423828125e-06
len node_bkt:  456
len eid_bkt:  1824
ndata_bkt = dstdata.subframe(node_bkt):  0.0002732276916503906
msgdata_bkt generation:  0.0002732276916503906
msgdata_bkt for loop:  8.893013000488281e-05
NodeBatch generation:  3.814697265625e-06
len node_bkt:  445
len eid_bkt:  2225
ndata_bkt = dstdata.subframe(node_bkt):  0.0002887248992919922
msgdata_bkt generation:  0.0002887248992919922
msgdata_bkt for loop:  9.918212890625e-05
NodeBatch generation:  4.0531158447265625e-06
len node_bkt:  550
len eid_bkt:  3300
ndata_bkt = dstdata.subframe(node_bkt):  0.0002791881561279297
msgdata_bkt generation:  0.0002791881561279297
msgdata_bkt for loop:  9.202957153320312e-05
NodeBatch generation:  4.0531158447265625e-06
len node_bkt:  655
len eid_bkt:  4585
ndata_bkt = dstdata.subframe(node_bkt):  0.00027942657470703125
msgdata_bkt generation:  0.00027942657470703125
msgdata_bkt for loop:  9.5367431640625e-05
NodeBatch generation:  4.291534423828125e-06
len node_bkt:  512
len eid_bkt:  4096
ndata_bkt = dstdata.subframe(node_bkt):  0.0002777576446533203
msgdata_bkt generation:  0.0002777576446533203
msgdata_bkt for loop:  9.465217590332031e-05
NodeBatch generation:  3.814697265625e-06
len node_bkt:  576
len eid_bkt:  5184
ndata_bkt = dstdata.subframe(node_bkt):  0.0002796649932861328
msgdata_bkt generation:  0.0002796649932861328
msgdata_bkt for loop:  9.5367431640625e-05
NodeBatch generation:  4.0531158447265625e-06
----NodeBatch generation time:  0.008136749267578125
----Frame generation time:  1.0967254638671875e-05
---- merge nodes time:  0.00016760826110839844
invoke_udf_reduce time:  0.09305763244628906
preparing time:  0.02025890350341797
model forward time:  0.09400677680969238
loss calculation time:  6.389617919921875e-05
partial loss calculation time:  0.0009579658508300781
loss backward time:  0.015681028366088867

current graph nodes  848325
current graph dst nodes  196571
current graph edges  1949041
---------- degree  tensor(10)

degs = graph.in_degrees() time :  0.00014209747314453125
nodes = graph.dstnodes() time :  4.7206878662109375e-05
ntid = graph.get_ntype_id_from_dst(ntype) time :  5.0067901611328125e-06
msgdata = Frame(msgdata) time :  4.76837158203125e-07
get ready time :  0.00022745132446289062
len val:  196571
----------- core.py torch.sort() replace to OrderedDict time:  0.08800220489501953
bucketing time:  0.08859467506408691
len node_bkt:  192609
len eid_bkt:  1926090
ndata_bkt = dstdata.subframe(node_bkt):  0.008628368377685547
msgdata_bkt generation:  0.008628368377685547
msgdata_bkt for loop:  0.0018231868743896484
NodeBatch generation:  5.7220458984375e-06
----NodeBatch generation time:  0.011525392532348633
----Frame generation time:  1.6689300537109375e-05
---- merge nodes time:  0.0001888275146484375
invoke_udf_reduce time:  0.1007378101348877
partial loss calculation time:  0.06835556030273438
current  bucket  input  840723
-------------------------------------------------------------------------------loss_sum  :  tensor(4.4706)

pure train time 0.28289341926574707
EPOCH:  6
full batch graph loading time:  0.03974151611328125
group buckets input  18164

current graph nodes  847553
current graph dst nodes  196571
current graph edges  1949041
---------- degree  tensor([1, 2, 3, 4, 5, 6, 7, 8, 9], device='cuda:0', dtype=torch.int32)

degs = graph.in_degrees() time :  0.00015854835510253906
nodes = graph.dstnodes() time :  2.9802322387695312e-05
ntid = graph.get_ntype_id_from_dst(ntype) time :  4.291534423828125e-06
msgdata = Frame(msgdata) time :  4.76837158203125e-07
get ready time :  0.00021600723266601562
len val:  196571
----------- core.py torch.sort() replace to OrderedDict time:  0.0785062313079834
eqidx = F.nonzero_1d(F.equal(sorted_val, v))  0.0006449222564697266
bucketing time:  0.0795907974243164
len node_bkt:  173
len eid_bkt:  173
ndata_bkt = dstdata.subframe(node_bkt):  0.0004475116729736328
msgdata_bkt generation:  0.0004475116729736328
msgdata_bkt for loop:  0.0001423358917236328
NodeBatch generation:  4.5299530029296875e-06
len node_bkt:  221
len eid_bkt:  442
ndata_bkt = dstdata.subframe(node_bkt):  0.00032806396484375
msgdata_bkt generation:  0.00032806396484375
msgdata_bkt for loop:  0.0001049041748046875
NodeBatch generation:  6.9141387939453125e-06
len node_bkt:  374
len eid_bkt:  1122
ndata_bkt = dstdata.subframe(node_bkt):  0.0002765655517578125
msgdata_bkt generation:  0.0002765655517578125
msgdata_bkt for loop:  9.059906005859375e-05
NodeBatch generation:  4.291534423828125e-06
len node_bkt:  456
len eid_bkt:  1824
ndata_bkt = dstdata.subframe(node_bkt):  0.0002739429473876953
msgdata_bkt generation:  0.0002739429473876953
msgdata_bkt for loop:  9.083747863769531e-05
NodeBatch generation:  4.291534423828125e-06
len node_bkt:  445
len eid_bkt:  2225
ndata_bkt = dstdata.subframe(node_bkt):  0.0002713203430175781
msgdata_bkt generation:  0.0002713203430175781
msgdata_bkt for loop:  9.083747863769531e-05
NodeBatch generation:  4.291534423828125e-06
len node_bkt:  550
len eid_bkt:  3300
ndata_bkt = dstdata.subframe(node_bkt):  0.0002796649932861328
msgdata_bkt generation:  0.0002796649932861328
msgdata_bkt for loop:  9.34600830078125e-05
NodeBatch generation:  3.814697265625e-06
len node_bkt:  655
len eid_bkt:  4585
ndata_bkt = dstdata.subframe(node_bkt):  0.0002841949462890625
msgdata_bkt generation:  0.0002841949462890625
msgdata_bkt for loop:  9.417533874511719e-05
NodeBatch generation:  3.814697265625e-06
len node_bkt:  512
len eid_bkt:  4096
ndata_bkt = dstdata.subframe(node_bkt):  0.0002777576446533203
msgdata_bkt generation:  0.0002777576446533203
msgdata_bkt for loop:  9.393692016601562e-05
NodeBatch generation:  3.814697265625e-06
len node_bkt:  576
len eid_bkt:  5184
ndata_bkt = dstdata.subframe(node_bkt):  0.00028967857360839844
msgdata_bkt generation:  0.00028967857360839844
msgdata_bkt for loop:  9.608268737792969e-05
NodeBatch generation:  3.814697265625e-06
----NodeBatch generation time:  0.007984638214111328
----Frame generation time:  1.0013580322265625e-05
---- merge nodes time:  0.00015473365783691406
invoke_udf_reduce time:  0.09299206733703613
preparing time:  0.02031254768371582
model forward time:  0.09393191337585449
loss calculation time:  6.103515625e-05
partial loss calculation time:  0.0009760856628417969
loss backward time:  0.01668095588684082

current graph nodes  847553
current graph dst nodes  196571
current graph edges  1949041
---------- degree  tensor(10)

degs = graph.in_degrees() time :  0.0003228187561035156
nodes = graph.dstnodes() time :  8.416175842285156e-05
ntid = graph.get_ntype_id_from_dst(ntype) time :  9.059906005859375e-06
msgdata = Frame(msgdata) time :  1.1920928955078125e-06
get ready time :  0.0004673004150390625
len val:  196571
----------- core.py torch.sort() replace to OrderedDict time:  0.0925910472869873
bucketing time:  0.09317612648010254
len node_bkt:  192609
len eid_bkt:  1926090
ndata_bkt = dstdata.subframe(node_bkt):  0.008460760116577148
msgdata_bkt generation:  0.008460760116577148
msgdata_bkt for loop:  0.0017795562744140625
NodeBatch generation:  5.7220458984375e-06
----NodeBatch generation time:  0.01129150390625
----Frame generation time:  1.430511474609375e-05
---- merge nodes time:  0.00017189979553222656
invoke_udf_reduce time:  0.10544562339782715
partial loss calculation time:  0.0684812068939209
current  bucket  input  839934
-------------------------------------------------------------------------------loss_sum  :  tensor(4.4048)

pure train time 0.2889416217803955
EPOCH:  7
full batch graph loading time:  0.03856945037841797
group buckets input  18164

current graph nodes  848583
current graph dst nodes  196571
current graph edges  1949041
---------- degree  tensor([1, 2, 3, 4, 5, 6, 7, 8, 9], device='cuda:0', dtype=torch.int32)

degs = graph.in_degrees() time :  0.0001800060272216797
nodes = graph.dstnodes() time :  3.0517578125e-05
ntid = graph.get_ntype_id_from_dst(ntype) time :  4.291534423828125e-06
msgdata = Frame(msgdata) time :  2.384185791015625e-07
get ready time :  0.0002384185791015625
len val:  196571
----------- core.py torch.sort() replace to OrderedDict time:  0.07824897766113281
eqidx = F.nonzero_1d(F.equal(sorted_val, v))  0.0006568431854248047
bucketing time:  0.07934975624084473
len node_bkt:  173
len eid_bkt:  173
ndata_bkt = dstdata.subframe(node_bkt):  0.0004355907440185547
msgdata_bkt generation:  0.0004355907440185547
msgdata_bkt for loop:  0.00012803077697753906
NodeBatch generation:  5.0067901611328125e-06
len node_bkt:  221
len eid_bkt:  442
ndata_bkt = dstdata.subframe(node_bkt):  0.0003447532653808594
msgdata_bkt generation:  0.0003447532653808594
msgdata_bkt for loop:  0.00011277198791503906
NodeBatch generation:  5.9604644775390625e-06
len node_bkt:  374
len eid_bkt:  1122
ndata_bkt = dstdata.subframe(node_bkt):  0.00029730796813964844
msgdata_bkt generation:  0.00029730796813964844
msgdata_bkt for loop:  8.988380432128906e-05
NodeBatch generation:  4.5299530029296875e-06
len node_bkt:  456
len eid_bkt:  1824
ndata_bkt = dstdata.subframe(node_bkt):  0.0002777576446533203
msgdata_bkt generation:  0.0002777576446533203
msgdata_bkt for loop:  8.96453857421875e-05
NodeBatch generation:  4.76837158203125e-06
len node_bkt:  445
len eid_bkt:  2225
ndata_bkt = dstdata.subframe(node_bkt):  0.00027298927307128906
msgdata_bkt generation:  0.00027298927307128906
msgdata_bkt for loop:  9.036064147949219e-05
NodeBatch generation:  4.0531158447265625e-06
len node_bkt:  550
len eid_bkt:  3300
ndata_bkt = dstdata.subframe(node_bkt):  0.0002758502960205078
msgdata_bkt generation:  0.0002758502960205078
msgdata_bkt for loop:  9.179115295410156e-05
NodeBatch generation:  4.291534423828125e-06
len node_bkt:  655
len eid_bkt:  4585
ndata_bkt = dstdata.subframe(node_bkt):  0.0002791881561279297
msgdata_bkt generation:  0.0002791881561279297
msgdata_bkt for loop:  9.369850158691406e-05
NodeBatch generation:  4.0531158447265625e-06
len node_bkt:  512
len eid_bkt:  4096
ndata_bkt = dstdata.subframe(node_bkt):  0.0002739429473876953
msgdata_bkt generation:  0.0002739429473876953
msgdata_bkt for loop:  9.393692016601562e-05
NodeBatch generation:  3.5762786865234375e-06
len node_bkt:  576
len eid_bkt:  5184
ndata_bkt = dstdata.subframe(node_bkt):  0.0002789497375488281
msgdata_bkt generation:  0.0002789497375488281
msgdata_bkt for loop:  9.584426879882812e-05
NodeBatch generation:  3.814697265625e-06
----NodeBatch generation time:  0.008077144622802734
----Frame generation time:  1.049041748046875e-05
---- merge nodes time:  0.0001595020294189453
invoke_udf_reduce time:  0.09287071228027344
preparing time:  0.020329952239990234
model forward time:  0.09381294250488281
loss calculation time:  6.318092346191406e-05
partial loss calculation time:  0.0009627342224121094
loss backward time:  0.017079591751098633

current graph nodes  848583
current graph dst nodes  196571
current graph edges  1949041
---------- degree  tensor(10)

degs = graph.in_degrees() time :  0.0003247261047363281
nodes = graph.dstnodes() time :  8.344650268554688e-05
ntid = graph.get_ntype_id_from_dst(ntype) time :  9.5367431640625e-06
msgdata = Frame(msgdata) time :  7.152557373046875e-07
get ready time :  0.0004680156707763672
len val:  196571
----------- core.py torch.sort() replace to OrderedDict time:  0.08928132057189941
bucketing time:  0.08987689018249512
len node_bkt:  192609
len eid_bkt:  1926090
ndata_bkt = dstdata.subframe(node_bkt):  0.008611440658569336
msgdata_bkt generation:  0.008611440658569336
msgdata_bkt for loop:  0.0018153190612792969
NodeBatch generation:  5.4836273193359375e-06
----NodeBatch generation time:  0.011463642120361328
----Frame generation time:  1.6927719116210938e-05
---- merge nodes time:  0.00017189979553222656
invoke_udf_reduce time:  0.10232281684875488
partial loss calculation time:  0.06844544410705566
current  bucket  input  840997
-------------------------------------------------------------------------------loss_sum  :  tensor(4.3381)

pure train time 0.28699374198913574
EPOCH:  8
full batch graph loading time:  0.04399299621582031
group buckets input  18164

current graph nodes  848110
current graph dst nodes  196571
current graph edges  1949041
---------- degree  tensor([1, 2, 3, 4, 5, 6, 7, 8, 9], device='cuda:0', dtype=torch.int32)

degs = graph.in_degrees() time :  0.0001583099365234375
nodes = graph.dstnodes() time :  2.956390380859375e-05
ntid = graph.get_ntype_id_from_dst(ntype) time :  4.291534423828125e-06
msgdata = Frame(msgdata) time :  2.384185791015625e-07
get ready time :  0.00021600723266601562
len val:  196571
----------- core.py torch.sort() replace to OrderedDict time:  0.08030939102172852
eqidx = F.nonzero_1d(F.equal(sorted_val, v))  0.0006499290466308594
bucketing time:  0.08140707015991211
len node_bkt:  173
len eid_bkt:  173
ndata_bkt = dstdata.subframe(node_bkt):  0.0004391670227050781
msgdata_bkt generation:  0.0004391670227050781
msgdata_bkt for loop:  0.00012731552124023438
NodeBatch generation:  4.0531158447265625e-06
len node_bkt:  221
len eid_bkt:  442
ndata_bkt = dstdata.subframe(node_bkt):  0.00033283233642578125
msgdata_bkt generation:  0.00033283233642578125
msgdata_bkt for loop:  0.00010418891906738281
NodeBatch generation:  6.4373016357421875e-06
len node_bkt:  374
len eid_bkt:  1122
ndata_bkt = dstdata.subframe(node_bkt):  0.0002777576446533203
msgdata_bkt generation:  0.0002777576446533203
msgdata_bkt for loop:  9.083747863769531e-05
NodeBatch generation:  4.291534423828125e-06
len node_bkt:  456
len eid_bkt:  1824
ndata_bkt = dstdata.subframe(node_bkt):  0.00027370452880859375
msgdata_bkt generation:  0.00027370452880859375
msgdata_bkt for loop:  8.96453857421875e-05
NodeBatch generation:  4.5299530029296875e-06
len node_bkt:  445
len eid_bkt:  2225
ndata_bkt = dstdata.subframe(node_bkt):  0.00027632713317871094
msgdata_bkt generation:  0.00027632713317871094
msgdata_bkt for loop:  9.012222290039062e-05
NodeBatch generation:  4.291534423828125e-06
len node_bkt:  550
len eid_bkt:  3300
ndata_bkt = dstdata.subframe(node_bkt):  0.0002796649932861328
msgdata_bkt generation:  0.0002796649932861328
msgdata_bkt for loop:  9.179115295410156e-05
NodeBatch generation:  3.814697265625e-06
len node_bkt:  655
len eid_bkt:  4585
ndata_bkt = dstdata.subframe(node_bkt):  0.0002834796905517578
msgdata_bkt generation:  0.0002834796905517578
msgdata_bkt for loop:  9.417533874511719e-05
NodeBatch generation:  3.5762786865234375e-06
len node_bkt:  512
len eid_bkt:  4096
ndata_bkt = dstdata.subframe(node_bkt):  0.0002791881561279297
msgdata_bkt generation:  0.0002791881561279297
msgdata_bkt for loop:  9.393692016601562e-05
NodeBatch generation:  3.814697265625e-06
len node_bkt:  576
len eid_bkt:  5184
ndata_bkt = dstdata.subframe(node_bkt):  0.00028705596923828125
msgdata_bkt generation:  0.00028705596923828125
msgdata_bkt for loop:  9.465217590332031e-05
NodeBatch generation:  3.814697265625e-06
----NodeBatch generation time:  0.007965803146362305
----Frame generation time:  1.049041748046875e-05
---- merge nodes time:  0.00015878677368164062
invoke_udf_reduce time:  0.09479117393493652
preparing time:  0.020335912704467773
model forward time:  0.09572982788085938
loss calculation time:  6.29425048828125e-05
partial loss calculation time:  0.0009706020355224609
loss backward time:  0.017885208129882812

current graph nodes  848110
current graph dst nodes  196571
current graph edges  1949041
---------- degree  tensor(10)

degs = graph.in_degrees() time :  0.0003216266632080078
nodes = graph.dstnodes() time :  8.463859558105469e-05
ntid = graph.get_ntype_id_from_dst(ntype) time :  9.298324584960938e-06
msgdata = Frame(msgdata) time :  7.152557373046875e-07
get ready time :  0.00046634674072265625
len val:  196571
----------- core.py torch.sort() replace to OrderedDict time:  0.09159421920776367
bucketing time:  0.09218287467956543
len node_bkt:  192609
len eid_bkt:  1926090
ndata_bkt = dstdata.subframe(node_bkt):  0.007891178131103516
msgdata_bkt generation:  0.007891178131103516
msgdata_bkt for loop:  0.0017852783203125
NodeBatch generation:  6.198883056640625e-06
----NodeBatch generation time:  0.010709762573242188
----Frame generation time:  1.3589859008789062e-05
---- merge nodes time:  0.0001838207244873047
invoke_udf_reduce time:  0.10389590263366699
partial loss calculation time:  0.0683736801147461
current  bucket  input  840584
-------------------------------------------------------------------------------loss_sum  :  tensor(4.2706)

pure train time 0.2927238941192627
EPOCH:  9
full batch graph loading time:  0.03975653648376465
group buckets input  18164

current graph nodes  848411
current graph dst nodes  196571
current graph edges  1949041
---------- degree  tensor([1, 2, 3, 4, 5, 6, 7, 8, 9], device='cuda:0', dtype=torch.int32)

degs = graph.in_degrees() time :  0.0001628398895263672
nodes = graph.dstnodes() time :  2.7894973754882812e-05
ntid = graph.get_ntype_id_from_dst(ntype) time :  4.5299530029296875e-06
msgdata = Frame(msgdata) time :  7.152557373046875e-07
get ready time :  0.00021839141845703125
len val:  196571
----------- core.py torch.sort() replace to OrderedDict time:  0.08009815216064453
eqidx = F.nonzero_1d(F.equal(sorted_val, v))  0.0006430149078369141
bucketing time:  0.08118820190429688
len node_bkt:  173
len eid_bkt:  173
ndata_bkt = dstdata.subframe(node_bkt):  0.00044226646423339844
msgdata_bkt generation:  0.00044226646423339844
msgdata_bkt for loop:  0.00013136863708496094
NodeBatch generation:  5.245208740234375e-06
len node_bkt:  221
len eid_bkt:  442
ndata_bkt = dstdata.subframe(node_bkt):  0.0003223419189453125
msgdata_bkt generation:  0.0003223419189453125
msgdata_bkt for loop:  0.00010275840759277344
NodeBatch generation:  6.67572021484375e-06
len node_bkt:  374
len eid_bkt:  1122
ndata_bkt = dstdata.subframe(node_bkt):  0.0002884864807128906
msgdata_bkt generation:  0.0002884864807128906
msgdata_bkt for loop:  9.369850158691406e-05
NodeBatch generation:  4.5299530029296875e-06
len node_bkt:  456
len eid_bkt:  1824
ndata_bkt = dstdata.subframe(node_bkt):  0.0002799034118652344
msgdata_bkt generation:  0.0002799034118652344
msgdata_bkt for loop:  9.036064147949219e-05
NodeBatch generation:  4.0531158447265625e-06
len node_bkt:  445
len eid_bkt:  2225
ndata_bkt = dstdata.subframe(node_bkt):  0.0002720355987548828
msgdata_bkt generation:  0.0002720355987548828
msgdata_bkt for loop:  8.940696716308594e-05
NodeBatch generation:  3.814697265625e-06
len node_bkt:  550
len eid_bkt:  3300
ndata_bkt = dstdata.subframe(node_bkt):  0.00027751922607421875
msgdata_bkt generation:  0.00027751922607421875
msgdata_bkt for loop:  9.202957153320312e-05
NodeBatch generation:  4.0531158447265625e-06
len node_bkt:  655
len eid_bkt:  4585
ndata_bkt = dstdata.subframe(node_bkt):  0.0002808570861816406
msgdata_bkt generation:  0.0002808570861816406
msgdata_bkt for loop:  9.393692016601562e-05
NodeBatch generation:  3.814697265625e-06
len node_bkt:  512
len eid_bkt:  4096
ndata_bkt = dstdata.subframe(node_bkt):  0.00027942657470703125
msgdata_bkt generation:  0.00027942657470703125
msgdata_bkt for loop:  9.322166442871094e-05
NodeBatch generation:  3.814697265625e-06
len node_bkt:  576
len eid_bkt:  5184
ndata_bkt = dstdata.subframe(node_bkt):  0.00028228759765625
msgdata_bkt generation:  0.00028228759765625
msgdata_bkt for loop:  9.465217590332031e-05
NodeBatch generation:  4.291534423828125e-06
----NodeBatch generation time:  0.008046388626098633
----Frame generation time:  1.2636184692382812e-05
---- merge nodes time:  0.000156402587890625
invoke_udf_reduce time:  0.09466314315795898
preparing time:  0.020586729049682617
model forward time:  0.09561467170715332
loss calculation time:  6.29425048828125e-05
partial loss calculation time:  0.0009570121765136719
loss backward time:  0.016489028930664062

current graph nodes  848411
current graph dst nodes  196571
current graph edges  1949041
---------- degree  tensor(10)

degs = graph.in_degrees() time :  0.0003247261047363281
nodes = graph.dstnodes() time :  8.344650268554688e-05
ntid = graph.get_ntype_id_from_dst(ntype) time :  8.58306884765625e-06
msgdata = Frame(msgdata) time :  9.5367431640625e-07
get ready time :  0.0004677772521972656
len val:  196571
----------- core.py torch.sort() replace to OrderedDict time:  0.09440469741821289
bucketing time:  0.09498715400695801
len node_bkt:  192609
len eid_bkt:  1926090
ndata_bkt = dstdata.subframe(node_bkt):  0.008486032485961914
msgdata_bkt generation:  0.008486032485961914
msgdata_bkt for loop:  0.0017669200897216797
NodeBatch generation:  5.245208740234375e-06
----NodeBatch generation time:  0.011293411254882812
----Frame generation time:  1.430511474609375e-05
---- merge nodes time:  0.00017261505126953125
invoke_udf_reduce time:  0.10726118087768555
partial loss calculation time:  0.06849932670593262
current  bucket  input  840877
-------------------------------------------------------------------------------loss_sum  :  tensor(4.1990)

pure train time 0.29202771186828613

avg epoch time:  1.815481764929635
avg pure train time:  0.2860212666647775
avg block subtensor loading time:  0.14199100221906388
avg preparing time:  0.18313942636762345
avg block to device time:  0.016787426812308177
avg grouping time:  0.13221934863499232
avg splitting time:  1.2800097806113107
avg optimizing time:  0.0010753699711390904

avg input nodes number :  858806.5714285715
avg real block input nodes number :  848217.2857142857
avg input nodes number/pure train time :  3002596.9098133864
avg input nodes number/avg epoch time :  473046.1016014982
