main start at this time 1673147960.9160604
-----------------------------------------before load data 
 Nvidia-smi: 0.166015625 GB
    Memory Allocated: 0.0  GigaBytes
Max Memory Allocated: 0.0  GigaBytes

#nodes: 2449029
#edges: 123718024
#classes: 47
success----------------------------------------
196571
39255
2164782
# Nodes: 2400608
# Edges: 123718024
# Train: 196571
# Val: 39255
# Test: 2164782
# Classes: 47

----------------------------------------start of run function 
 Nvidia-smi: 0.166015625 GB
    Memory Allocated: 0.0  GigaBytes
Max Memory Allocated: 0.0  GigaBytes

in feats:  100
group buckets input  848910

---------- degree  tensor([ 1,  2,  3,  4,  5,  6,  7,  8,  9, 10], device='cuda:0',
       dtype=torch.int32)
get ready time :  0.0002601146697998047
----------- core.py torch.sort() replace to OrderedDict time:  0.08978128433227539
bucketing time:  0.0912318229675293
invoke_udf_reduce time:  0.14841794967651367
preparing time:  1.3209686279296875
model forward time:  0.15161371231079102
loss calculation time:  0.00017571449279785156
partial loss calculation time:  0.05340719223022461
loss backward time:  0.02309441566467285

---------- degree  tensor(10)
get ready time :  0.0001723766326904297
----------- core.py torch.sort() replace to OrderedDict time:  0.08060622215270996
bucketing time:  0.08121228218078613
invoke_udf_reduce time:  0.09287762641906738
partial loss calculation time:  0.06842613220214844
current  bucket  input  841339
-------------------------------------------------------------------------------loss_sum  :  tensor(9.4887)

group buckets input  848027

---------- degree  tensor([ 1,  2,  3,  4,  5,  6,  7,  8,  9, 10], device='cuda:0',
       dtype=torch.int32)
get ready time :  0.00021028518676757812
----------- core.py torch.sort() replace to OrderedDict time:  0.09041714668273926
bucketing time:  0.09168553352355957
invoke_udf_reduce time:  0.11861824989318848
preparing time:  1.1224026679992676
model forward time:  0.11980700492858887
loss calculation time:  7.319450378417969e-05
partial loss calculation time:  0.07093071937561035
loss backward time:  0.01951289176940918

---------- degree  tensor(10)
get ready time :  0.00016379356384277344
----------- core.py torch.sort() replace to OrderedDict time:  0.0814812183380127
bucketing time:  0.08205103874206543
invoke_udf_reduce time:  0.09389042854309082
partial loss calculation time:  0.06847310066223145
current  bucket  input  840466
-------------------------------------------------------------------------------loss_sum  :  tensor(9.3609)

group buckets input  848038

---------- degree  tensor([ 1,  2,  3,  4,  5,  6,  7,  8,  9, 10], device='cuda:0',
       dtype=torch.int32)
get ready time :  0.000232696533203125
----------- core.py torch.sort() replace to OrderedDict time:  0.09041714668273926
bucketing time:  0.09169840812683105
invoke_udf_reduce time:  0.1162712574005127
preparing time:  1.122178077697754
model forward time:  0.11743903160095215
loss calculation time:  6.961822509765625e-05
partial loss calculation time:  0.07227134704589844
loss backward time:  0.019695758819580078

---------- degree  tensor(10)
get ready time :  0.00016880035400390625
----------- core.py torch.sort() replace to OrderedDict time:  0.08697104454040527
bucketing time:  0.08762049674987793
invoke_udf_reduce time:  0.09944033622741699
partial loss calculation time:  0.068695068359375
current  bucket  input  840444
-------------------------------------------------------------------------------loss_sum  :  tensor(9.2344)

full batch graph loading time:  0.06088542938232422
group buckets input  848349

---------- degree  tensor([ 1,  2,  3,  4,  5,  6,  7,  8,  9, 10], device='cuda:0',
       dtype=torch.int32)
get ready time :  0.00021195411682128906
----------- core.py torch.sort() replace to OrderedDict time:  0.09137320518493652
bucketing time:  0.09261393547058105
invoke_udf_reduce time:  0.11879396438598633
preparing time:  1.1380913257598877
model forward time:  0.11997389793395996
loss calculation time:  6.699562072753906e-05
partial loss calculation time:  0.07223081588745117
loss backward time:  0.019871234893798828

---------- degree  tensor(10)
get ready time :  0.00016617774963378906
----------- core.py torch.sort() replace to OrderedDict time:  0.08152103424072266
bucketing time:  0.08209848403930664
invoke_udf_reduce time:  0.09399819374084473
partial loss calculation time:  0.06868362426757812
current  bucket  input  840777
-------------------------------------------------------------------------------loss_sum  :  tensor(9.1061)

pure train time 0.3060781955718994
full batch graph loading time:  0.044821977615356445
group buckets input  848190

---------- degree  tensor([ 1,  2,  3,  4,  5,  6,  7,  8,  9, 10], device='cuda:0',
       dtype=torch.int32)
get ready time :  0.000217437744140625
----------- core.py torch.sort() replace to OrderedDict time:  0.09209132194519043
bucketing time:  0.09333205223083496
invoke_udf_reduce time:  0.11745357513427734
preparing time:  1.1295790672302246
model forward time:  0.11859703063964844
loss calculation time:  6.4849853515625e-05
partial loss calculation time:  0.0721278190612793
loss backward time:  0.01949310302734375

---------- degree  tensor(10)
get ready time :  0.0001678466796875
----------- core.py torch.sort() replace to OrderedDict time:  0.08118271827697754
bucketing time:  0.08178949356079102
invoke_udf_reduce time:  0.09357190132141113
partial loss calculation time:  0.06978321075439453
current  bucket  input  840606
-------------------------------------------------------------------------------loss_sum  :  tensor(8.9802)

pure train time 0.30753326416015625
full batch graph loading time:  0.047461748123168945
group buckets input  848325

---------- degree  tensor([ 1,  2,  3,  4,  5,  6,  7,  8,  9, 10], device='cuda:0',
       dtype=torch.int32)
get ready time :  0.00021982192993164062
----------- core.py torch.sort() replace to OrderedDict time:  0.09272074699401855
bucketing time:  0.09397578239440918
invoke_udf_reduce time:  0.11847114562988281
preparing time:  1.1450419425964355
model forward time:  0.11961793899536133
loss calculation time:  6.556510925292969e-05
partial loss calculation time:  0.0723414421081543
loss backward time:  0.019739866256713867

---------- degree  tensor(10)
get ready time :  0.0001659393310546875
----------- core.py torch.sort() replace to OrderedDict time:  0.08210134506225586
bucketing time:  0.0826716423034668
invoke_udf_reduce time:  0.0944068431854248
partial loss calculation time:  0.06863903999328613
current  bucket  input  840723
-------------------------------------------------------------------------------loss_sum  :  tensor(8.8516)

pure train time 0.30603551864624023
full batch graph loading time:  0.03833889961242676
group buckets input  847553

---------- degree  tensor([ 1,  2,  3,  4,  5,  6,  7,  8,  9, 10], device='cuda:0',
       dtype=torch.int32)
get ready time :  0.00022673606872558594
----------- core.py torch.sort() replace to OrderedDict time:  0.0930333137512207
bucketing time:  0.09429788589477539
invoke_udf_reduce time:  0.11836743354797363
preparing time:  1.119943618774414
model forward time:  0.11965155601501465
loss calculation time:  6.4849853515625e-05
partial loss calculation time:  0.07231926918029785
loss backward time:  0.01164555549621582

---------- degree  tensor(10)
get ready time :  0.0001614093780517578
----------- core.py torch.sort() replace to OrderedDict time:  0.08268141746520996
bucketing time:  0.08327746391296387
invoke_udf_reduce time:  0.09502458572387695
partial loss calculation time:  0.06849431991577148
current  bucket  input  839934
-------------------------------------------------------------------------------loss_sum  :  tensor(8.7211)

pure train time 0.3007941246032715
full batch graph loading time:  0.04841732978820801
group buckets input  848583

---------- degree  tensor([ 1,  2,  3,  4,  5,  6,  7,  8,  9, 10], device='cuda:0',
       dtype=torch.int32)
get ready time :  0.00021696090698242188
----------- core.py torch.sort() replace to OrderedDict time:  0.09597492218017578
bucketing time:  0.09737062454223633
invoke_udf_reduce time:  0.12237310409545898
preparing time:  1.1087214946746826
model forward time:  0.12385964393615723
loss calculation time:  0.0001010894775390625
partial loss calculation time:  0.07196474075317383
loss backward time:  0.018773555755615234

---------- degree  tensor(10)
get ready time :  0.0001723766326904297
----------- core.py torch.sort() replace to OrderedDict time:  0.084259033203125
bucketing time:  0.08485031127929688
invoke_udf_reduce time:  0.09648966789245605
partial loss calculation time:  0.0685126781463623
current  bucket  input  840997
-------------------------------------------------------------------------------loss_sum  :  tensor(8.5887)

pure train time 0.31374502182006836
full batch graph loading time:  0.03890371322631836
group buckets input  848110

---------- degree  tensor([ 1,  2,  3,  4,  5,  6,  7,  8,  9, 10], device='cuda:0',
       dtype=torch.int32)
get ready time :  0.00020956993103027344
----------- core.py torch.sort() replace to OrderedDict time:  0.09427309036254883
bucketing time:  0.0955352783203125
invoke_udf_reduce time:  0.11998701095581055
preparing time:  1.1075406074523926
model forward time:  0.12113404273986816
loss calculation time:  6.341934204101562e-05
partial loss calculation time:  0.07216715812683105
loss backward time:  0.019889116287231445

---------- degree  tensor(10)
get ready time :  0.0001723766326904297
----------- core.py torch.sort() replace to OrderedDict time:  0.08348917961120605
bucketing time:  0.08413076400756836
invoke_udf_reduce time:  0.09580445289611816
partial loss calculation time:  0.0684201717376709
current  bucket  input  840584
-------------------------------------------------------------------------------loss_sum  :  tensor(8.4548)

pure train time 0.3113417625427246
full batch graph loading time:  0.03944659233093262
group buckets input  848411

---------- degree  tensor([ 1,  2,  3,  4,  5,  6,  7,  8,  9, 10], device='cuda:0',
       dtype=torch.int32)
get ready time :  0.0002143383026123047
----------- core.py torch.sort() replace to OrderedDict time:  0.0962986946105957
bucketing time:  0.09753274917602539
invoke_udf_reduce time:  0.12190937995910645
preparing time:  1.1165142059326172
model forward time:  0.1230611801147461
loss calculation time:  8.130073547363281e-05
partial loss calculation time:  0.07207226753234863
loss backward time:  0.02077031135559082

---------- degree  tensor(10)
get ready time :  0.00016498565673828125
----------- core.py torch.sort() replace to OrderedDict time:  0.08488845825195312
bucketing time:  0.08545804023742676
invoke_udf_reduce time:  0.09699463844299316
partial loss calculation time:  0.06864595413208008
current  bucket  input  840877
-------------------------------------------------------------------------------loss_sum  :  tensor(8.3127)

pure train time 0.3154745101928711

avg epoch time:  2.975811072758266
avg pure train time:  0.3087146282196045
avg block subtensor loading time:  0.12928571019853866
avg preparing time:  0.1845205511365618
avg block to device time:  0.018205983298165456
avg grouping time:  1.26951231275286
avg splitting time:  1.3143003327505929
avg optimizing time:  0.0011327607291085379

avg input nodes number :  1688859.857142857
avg real block input nodes number :  848217.2857142857
avg input nodes number/pure train time :  5470618.178616028
avg input nodes number/avg epoch time :  567529.2603765535
