main start at this time 1673149111.8795316
-----------------------------------------before load data 
 Nvidia-smi: 0.166015625 GB
    Memory Allocated: 0.0  GigaBytes
Max Memory Allocated: 0.0  GigaBytes

#nodes: 2449029
#edges: 123718024
#classes: 47
success----------------------------------------
196571
39255
2164782
# Nodes: 2400608
# Edges: 123718024
# Train: 196571
# Val: 39255
# Test: 2164782
# Classes: 47

----------------------------------------start of run function 
 Nvidia-smi: 0.166015625 GB
    Memory Allocated: 0.0  GigaBytes
Max Memory Allocated: 0.0  GigaBytes

in feats:  100
group buckets input  848910

---------- degree  tensor([ 1,  2,  3,  4,  5,  6,  7,  8,  9, 10], device='cuda:0',
       dtype=torch.int32)
get ready time :  0.0002551078796386719
----------- core.py torch.sort() replace to OrderedDict time:  0.08923912048339844
bucketing time:  0.09058761596679688
----NodeBatch generation time:  0.05128002166748047
----Frame generation time:  2.09808349609375e-05
---- merge nodes time:  0.00022077560424804688
invoke_udf_reduce time:  0.14772510528564453
preparing time:  1.3111088275909424
model forward time:  0.1506359577178955
loss calculation time:  0.0001537799835205078
partial loss calculation time:  0.0536646842956543
loss backward time:  0.02278757095336914

---------- degree  tensor(10)
get ready time :  0.00016307830810546875
----------- core.py torch.sort() replace to OrderedDict time:  0.08233284950256348
step:  0
bucketing time:  0.08296990394592285
----NodeBatch generation time:  0.0021228790283203125
----Frame generation time:  1.7881393432617188e-05
---- merge nodes time:  0.00016427040100097656
invoke_udf_reduce time:  0.08556032180786133

---------- degree  tensor(10)
get ready time :  0.0001800060272216797
----------- core.py torch.sort() replace to OrderedDict time:  0.0818779468536377
step:  1
bucketing time:  0.08247828483581543
----NodeBatch generation time:  0.0021212100982666016
----Frame generation time:  1.8835067749023438e-05
---- merge nodes time:  0.0001704692840576172
invoke_udf_reduce time:  0.08511018753051758

---------- degree  tensor(10)
get ready time :  0.0001957416534423828
----------- core.py torch.sort() replace to OrderedDict time:  0.08168601989746094
step:  2
bucketing time:  0.08227729797363281
----NodeBatch generation time:  0.0021753311157226562
----Frame generation time:  1.8596649169921875e-05
---- merge nodes time:  0.00016069412231445312
invoke_udf_reduce time:  0.08496403694152832

---------- degree  tensor(10)
get ready time :  0.0001876354217529297
----------- core.py torch.sort() replace to OrderedDict time:  0.08124399185180664
step:  3
bucketing time:  0.08183979988098145
----NodeBatch generation time:  0.0021593570709228516
----Frame generation time:  1.9550323486328125e-05
---- merge nodes time:  0.00016760826110839844
invoke_udf_reduce time:  0.0845174789428711

---------- degree  tensor(10)
get ready time :  0.00018858909606933594
----------- core.py torch.sort() replace to OrderedDict time:  0.0814824104309082
step:  4
bucketing time:  0.08208632469177246
----NodeBatch generation time:  0.0021555423736572266
----Frame generation time:  1.7642974853515625e-05
---- merge nodes time:  0.00015807151794433594
invoke_udf_reduce time:  0.08474898338317871

---------- degree  tensor(10)
get ready time :  0.0001971721649169922
----------- core.py torch.sort() replace to OrderedDict time:  0.08191061019897461
step:  5
bucketing time:  0.08250284194946289
----NodeBatch generation time:  0.002208709716796875
----Frame generation time:  1.811981201171875e-05
---- merge nodes time:  0.0001628398895263672
invoke_udf_reduce time:  0.08523130416870117

---------- degree  tensor(10)
get ready time :  0.0001857280731201172
----------- core.py torch.sort() replace to OrderedDict time:  0.08164381980895996
step:  6
bucketing time:  0.08223104476928711
----NodeBatch generation time:  0.00215911865234375
----Frame generation time:  1.7404556274414062e-05
---- merge nodes time:  0.00016355514526367188
invoke_udf_reduce time:  0.08489656448364258

---------- degree  tensor(10)
get ready time :  0.0001983642578125
----------- core.py torch.sort() replace to OrderedDict time:  0.08751630783081055
step:  7
bucketing time:  0.0881192684173584
----NodeBatch generation time:  0.002421855926513672
----Frame generation time:  1.8596649169921875e-05
---- merge nodes time:  0.00017023086547851562
invoke_udf_reduce time:  0.09107351303100586

---------- degree  tensor(10)
get ready time :  0.00018024444580078125
----------- core.py torch.sort() replace to OrderedDict time:  0.08210325241088867
step:  8
bucketing time:  0.08269476890563965
----NodeBatch generation time:  0.002161741256713867
----Frame generation time:  1.6927719116210938e-05
---- merge nodes time:  0.00016570091247558594
invoke_udf_reduce time:  0.08535957336425781

---------- degree  tensor(10)
get ready time :  0.0001823902130126953
----------- core.py torch.sort() replace to OrderedDict time:  0.08315801620483398
step:  9
bucketing time:  0.08374500274658203
----NodeBatch generation time:  0.002199888229370117
----Frame generation time:  1.8835067749023438e-05
---- merge nodes time:  0.0001609325408935547
invoke_udf_reduce time:  0.08644866943359375

---------- degree  tensor(10)
get ready time :  0.0001857280731201172
----------- core.py torch.sort() replace to OrderedDict time:  0.0827183723449707
step:  10
bucketing time:  0.0833899974822998
----NodeBatch generation time:  0.00213623046875
----Frame generation time:  1.8835067749023438e-05
---- merge nodes time:  0.0001633167266845703
invoke_udf_reduce time:  0.08603453636169434

---------- degree  tensor(10)
get ready time :  0.00018405914306640625
----------- core.py torch.sort() replace to OrderedDict time:  0.0839846134185791
step:  11
bucketing time:  0.08463835716247559
----NodeBatch generation time:  0.002145051956176758
----Frame generation time:  1.7404556274414062e-05
---- merge nodes time:  0.00016355514526367188
invoke_udf_reduce time:  0.08730816841125488

---------- degree  tensor(10)
get ready time :  0.0001881122589111328
----------- core.py torch.sort() replace to OrderedDict time:  0.08510255813598633
step:  12
bucketing time:  0.08576226234436035
----NodeBatch generation time:  0.002177715301513672
----Frame generation time:  1.8358230590820312e-05
---- merge nodes time:  0.00016307830810546875
invoke_udf_reduce time:  0.08844590187072754

---------- degree  tensor(10)
get ready time :  0.0001914501190185547
----------- core.py torch.sort() replace to OrderedDict time:  0.08432149887084961
step:  13
bucketing time:  0.0849761962890625
----NodeBatch generation time:  0.0021843910217285156
----Frame generation time:  1.7404556274414062e-05
---- merge nodes time:  0.0001690387725830078
invoke_udf_reduce time:  0.0876772403717041

---------- degree  tensor(10)
get ready time :  0.00018596649169921875
----------- core.py torch.sort() replace to OrderedDict time:  0.08627533912658691
step:  14
bucketing time:  0.08692479133605957
----NodeBatch generation time:  0.002161741256713867
----Frame generation time:  1.7404556274414062e-05
---- merge nodes time:  0.00016117095947265625
invoke_udf_reduce time:  0.08958983421325684

---------- degree  tensor(10)
get ready time :  0.0001900196075439453
----------- core.py torch.sort() replace to OrderedDict time:  0.08425259590148926
step:  15
bucketing time:  0.08490729331970215
----NodeBatch generation time:  0.0021233558654785156
----Frame generation time:  1.9311904907226562e-05
---- merge nodes time:  0.0001621246337890625
invoke_udf_reduce time:  0.08754587173461914
split  buckets total input  1850863
preparing time:  0.1543591022491455
model forward time :  1.3995518684387207
model forward time + loss calculation time:  1.4015333652496338
loss backward time:  0.05936431884765625
-------------------------------------------------------------------------------loss_sum  :  tensor(9.4887)

group buckets input  848027

---------- degree  tensor([ 1,  2,  3,  4,  5,  6,  7,  8,  9, 10], device='cuda:0',
       dtype=torch.int32)
get ready time :  0.00020813941955566406
----------- core.py torch.sort() replace to OrderedDict time:  0.09043717384338379
bucketing time:  0.09174394607543945
----NodeBatch generation time:  0.01986980438232422
----Frame generation time:  1.9550323486328125e-05
---- merge nodes time:  0.00017189979553222656
invoke_udf_reduce time:  0.1175084114074707
preparing time:  1.1328186988830566
model forward time:  0.11862683296203613
loss calculation time:  5.91278076171875e-05
partial loss calculation time:  0.07110047340393066
loss backward time:  0.01850152015686035

---------- degree  tensor(10)
get ready time :  0.0001583099365234375
----------- core.py torch.sort() replace to OrderedDict time:  0.08185482025146484
step:  0
bucketing time:  0.08246040344238281
----NodeBatch generation time:  0.0021059513092041016
----Frame generation time:  1.8358230590820312e-05
---- merge nodes time:  0.00016117095947265625
invoke_udf_reduce time:  0.08502602577209473

---------- degree  tensor(10)
get ready time :  0.00019049644470214844
----------- core.py torch.sort() replace to OrderedDict time:  0.08410096168518066
step:  1
bucketing time:  0.08469867706298828
----NodeBatch generation time:  0.002161741256713867
----Frame generation time:  1.6927719116210938e-05
---- merge nodes time:  0.00016188621520996094
invoke_udf_reduce time:  0.08738255500793457

---------- degree  tensor(10)
get ready time :  0.0002033710479736328
----------- core.py torch.sort() replace to OrderedDict time:  0.08238720893859863
step:  2
bucketing time:  0.08297300338745117
----NodeBatch generation time:  0.002166748046875
----Frame generation time:  1.6689300537109375e-05
---- merge nodes time:  0.0001590251922607422
invoke_udf_reduce time:  0.08565878868103027

---------- degree  tensor(10)
get ready time :  0.00019025802612304688
----------- core.py torch.sort() replace to OrderedDict time:  0.08218908309936523
step:  3
bucketing time:  0.0827789306640625
----NodeBatch generation time:  0.0021796226501464844
----Frame generation time:  1.8358230590820312e-05
---- merge nodes time:  0.0001614093780517578
invoke_udf_reduce time:  0.08546972274780273

---------- degree  tensor(10)
get ready time :  0.00019240379333496094
----------- core.py torch.sort() replace to OrderedDict time:  0.08775186538696289
step:  4
bucketing time:  0.08834671974182129
----NodeBatch generation time:  0.0021660327911376953
----Frame generation time:  1.811981201171875e-05
---- merge nodes time:  0.00016379356384277344
invoke_udf_reduce time:  0.09102630615234375

---------- degree  tensor(10)
get ready time :  0.00019049644470214844
----------- core.py torch.sort() replace to OrderedDict time:  0.0833120346069336
step:  5
bucketing time:  0.08389759063720703
----NodeBatch generation time:  0.0021839141845703125
----Frame generation time:  1.8358230590820312e-05
---- merge nodes time:  0.00016355514526367188
invoke_udf_reduce time:  0.08659768104553223

---------- degree  tensor(10)
get ready time :  0.00018906593322753906
----------- core.py torch.sort() replace to OrderedDict time:  0.08314681053161621
step:  6
bucketing time:  0.08373451232910156
----NodeBatch generation time:  0.002184152603149414
----Frame generation time:  1.8596649169921875e-05
---- merge nodes time:  0.0001614093780517578
invoke_udf_reduce time:  0.08643150329589844

---------- degree  tensor(10)
get ready time :  0.00019073486328125
----------- core.py torch.sort() replace to OrderedDict time:  0.08394074440002441
step:  7
bucketing time:  0.08453249931335449
----NodeBatch generation time:  0.0021712779998779297
----Frame generation time:  1.8835067749023438e-05
---- merge nodes time:  0.0001666545867919922
invoke_udf_reduce time:  0.08722329139709473

---------- degree  tensor(10)
get ready time :  0.00018787384033203125
----------- core.py torch.sort() replace to OrderedDict time:  0.08413910865783691
step:  8
bucketing time:  0.0847480297088623
----NodeBatch generation time:  0.002148866653442383
----Frame generation time:  1.7881393432617188e-05
---- merge nodes time:  0.00016355514526367188
invoke_udf_reduce time:  0.08740592002868652

---------- degree  tensor(10)
get ready time :  0.00018787384033203125
----------- core.py torch.sort() replace to OrderedDict time:  0.0836639404296875
step:  9
bucketing time:  0.08426451683044434
----NodeBatch generation time:  0.0021369457244873047
----Frame generation time:  1.811981201171875e-05
---- merge nodes time:  0.0001666545867919922
invoke_udf_reduce time:  0.08691620826721191

---------- degree  tensor(10)
get ready time :  0.00025153160095214844
----------- core.py torch.sort() replace to OrderedDict time:  0.08410406112670898
step:  10
bucketing time:  0.0848393440246582
----NodeBatch generation time:  0.0023114681243896484
----Frame generation time:  1.811981201171875e-05
---- merge nodes time:  0.0001838207244873047
invoke_udf_reduce time:  0.08784699440002441

---------- degree  tensor(10)
get ready time :  0.00021004676818847656
----------- core.py torch.sort() replace to OrderedDict time:  0.0844569206237793
step:  11
bucketing time:  0.08515214920043945
----NodeBatch generation time:  0.0021927356719970703
----Frame generation time:  1.8358230590820312e-05
---- merge nodes time:  0.00017333030700683594
invoke_udf_reduce time:  0.08792304992675781

---------- degree  tensor(10)
get ready time :  0.0001838207244873047
----------- core.py torch.sort() replace to OrderedDict time:  0.0854344367980957
step:  12
bucketing time:  0.08609223365783691
----NodeBatch generation time:  0.0021288394927978516
----Frame generation time:  1.8358230590820312e-05
---- merge nodes time:  0.0001614093780517578
invoke_udf_reduce time:  0.08872509002685547

---------- degree  tensor(10)
get ready time :  0.00018978118896484375
----------- core.py torch.sort() replace to OrderedDict time:  0.0848698616027832
step:  13
bucketing time:  0.0855245590209961
----NodeBatch generation time:  0.0021305084228515625
----Frame generation time:  2.0742416381835938e-05
---- merge nodes time:  0.00016498565673828125
invoke_udf_reduce time:  0.08817648887634277

---------- degree  tensor(10)
get ready time :  0.0002052783966064453
----------- core.py torch.sort() replace to OrderedDict time:  0.08489799499511719
step:  14
bucketing time:  0.08555102348327637
----NodeBatch generation time:  0.0021142959594726562
----Frame generation time:  1.8596649169921875e-05
---- merge nodes time:  0.0001800060272216797
invoke_udf_reduce time:  0.08820772171020508

---------- degree  tensor(10)
get ready time :  0.0002071857452392578
----------- core.py torch.sort() replace to OrderedDict time:  0.08496642112731934
step:  15
bucketing time:  0.08567547798156738
----NodeBatch generation time:  0.002255678176879883
----Frame generation time:  1.9073486328125e-05
---- merge nodes time:  0.0001800060272216797
invoke_udf_reduce time:  0.0885155200958252
split  buckets total input  1851145
preparing time:  0.15557456016540527
model forward time :  1.4146270751953125
model forward time + loss calculation time:  1.416670799255371
loss backward time:  0.0756845474243164
-------------------------------------------------------------------------------loss_sum  :  tensor(9.3609)

group buckets input  848038

---------- degree  tensor([ 1,  2,  3,  4,  5,  6,  7,  8,  9, 10], device='cuda:0',
       dtype=torch.int32)
get ready time :  0.00021123886108398438
----------- core.py torch.sort() replace to OrderedDict time:  0.09183073043823242
bucketing time:  0.09312152862548828
----NodeBatch generation time:  0.018744230270385742
----Frame generation time:  2.0742416381835938e-05
---- merge nodes time:  0.00016570091247558594
invoke_udf_reduce time:  0.11777663230895996
preparing time:  1.1194474697113037
model forward time:  0.11888742446899414
loss calculation time:  5.984306335449219e-05
partial loss calculation time:  0.07215189933776855
loss backward time:  0.017856836318969727

---------- degree  tensor(10)
get ready time :  0.0001595020294189453
----------- core.py torch.sort() replace to OrderedDict time:  0.08184170722961426
step:  0
bucketing time:  0.08245420455932617
----NodeBatch generation time:  0.002088785171508789
----Frame generation time:  1.71661376953125e-05
---- merge nodes time:  0.000164031982421875
invoke_udf_reduce time:  0.0850071907043457

---------- degree  tensor(10)
get ready time :  0.0001933574676513672
----------- core.py torch.sort() replace to OrderedDict time:  0.08244991302490234
step:  1
bucketing time:  0.0830540657043457
----NodeBatch generation time:  0.0020771026611328125
----Frame generation time:  1.7404556274414062e-05
---- merge nodes time:  0.00016450881958007812
invoke_udf_reduce time:  0.08565425872802734

---------- degree  tensor(10)
get ready time :  0.0001888275146484375
----------- core.py torch.sort() replace to OrderedDict time:  0.08240509033203125
step:  2
bucketing time:  0.08300328254699707
----NodeBatch generation time:  0.0020766258239746094
----Frame generation time:  1.9311904907226562e-05
---- merge nodes time:  0.00016570091247558594
invoke_udf_reduce time:  0.08559608459472656

---------- degree  tensor(10)
get ready time :  0.00018858909606933594
----------- core.py torch.sort() replace to OrderedDict time:  0.08262181282043457
step:  3
bucketing time:  0.08321928977966309
----NodeBatch generation time:  0.0030679702758789062
----Frame generation time:  1.811981201171875e-05
---- merge nodes time:  0.00016570091247558594
invoke_udf_reduce time:  0.08680200576782227

---------- degree  tensor(10)
get ready time :  0.0001857280731201172
----------- core.py torch.sort() replace to OrderedDict time:  0.08326029777526855
step:  4
bucketing time:  0.0838620662689209
----NodeBatch generation time:  0.0021038055419921875
----Frame generation time:  2.1219253540039062e-05
---- merge nodes time:  0.000164031982421875
invoke_udf_reduce time:  0.08647847175598145

---------- degree  tensor(10)
get ready time :  0.00018668174743652344
----------- core.py torch.sort() replace to OrderedDict time:  0.08324265480041504
step:  5
bucketing time:  0.08384299278259277
----NodeBatch generation time:  0.002076387405395508
----Frame generation time:  2.1696090698242188e-05
---- merge nodes time:  0.00016236305236816406
invoke_udf_reduce time:  0.0864267349243164

---------- degree  tensor(10)
get ready time :  0.00018525123596191406
----------- core.py torch.sort() replace to OrderedDict time:  0.08314895629882812
step:  6
bucketing time:  0.08375763893127441
----NodeBatch generation time:  0.0020966529846191406
----Frame generation time:  1.8596649169921875e-05
---- merge nodes time:  0.00016021728515625
invoke_udf_reduce time:  0.08635640144348145

---------- degree  tensor(10)
get ready time :  0.0001876354217529297
----------- core.py torch.sort() replace to OrderedDict time:  0.08371281623840332
step:  7
bucketing time:  0.08431053161621094
----NodeBatch generation time:  0.00208282470703125
----Frame generation time:  1.811981201171875e-05
---- merge nodes time:  0.0001621246337890625
invoke_udf_reduce time:  0.08691620826721191

---------- degree  tensor(10)
get ready time :  0.00018739700317382812
----------- core.py torch.sort() replace to OrderedDict time:  0.08443975448608398
step:  8
bucketing time:  0.0850367546081543
----NodeBatch generation time:  0.002116680145263672
----Frame generation time:  1.8358230590820312e-05
---- merge nodes time:  0.0001633167266845703
invoke_udf_reduce time:  0.08766889572143555

---------- degree  tensor(10)
get ready time :  0.00019097328186035156
----------- core.py torch.sort() replace to OrderedDict time:  0.08375692367553711
step:  9
bucketing time:  0.08436203002929688
----NodeBatch generation time:  0.002107381820678711
----Frame generation time:  1.9788742065429688e-05
---- merge nodes time:  0.00016617774963378906
invoke_udf_reduce time:  0.08698916435241699

---------- degree  tensor(10)
get ready time :  0.00018715858459472656
----------- core.py torch.sort() replace to OrderedDict time:  0.08395576477050781
step:  10
bucketing time:  0.0845632553100586
----NodeBatch generation time:  0.002109527587890625
----Frame generation time:  1.9311904907226562e-05
---- merge nodes time:  0.00016427040100097656
invoke_udf_reduce time:  0.08718419075012207

---------- degree  tensor(10)
get ready time :  0.00018477439880371094
----------- core.py torch.sort() replace to OrderedDict time:  0.08485531806945801
step:  11
bucketing time:  0.08552241325378418
----NodeBatch generation time:  0.002080202102661133
----Frame generation time:  1.8358230590820312e-05
---- merge nodes time:  0.000171661376953125
invoke_udf_reduce time:  0.08811736106872559

---------- degree  tensor(10)
get ready time :  0.0001850128173828125
----------- core.py torch.sort() replace to OrderedDict time:  0.08500027656555176
step:  12
bucketing time:  0.08567428588867188
----NodeBatch generation time:  0.002084493637084961
----Frame generation time:  1.8835067749023438e-05
---- merge nodes time:  0.0001595020294189453
invoke_udf_reduce time:  0.08826422691345215

---------- degree  tensor(10)
get ready time :  0.00018358230590820312
----------- core.py torch.sort() replace to OrderedDict time:  0.08579230308532715
step:  13
bucketing time:  0.08646488189697266
----NodeBatch generation time:  0.002107858657836914
----Frame generation time:  1.7881393432617188e-05
---- merge nodes time:  0.00016260147094726562
invoke_udf_reduce time:  0.08908581733703613

---------- degree  tensor(10)
get ready time :  0.00018405914306640625
----------- core.py torch.sort() replace to OrderedDict time:  0.08658456802368164
step:  14
bucketing time:  0.08729314804077148
----NodeBatch generation time:  0.0021185874938964844
----Frame generation time:  1.9550323486328125e-05
---- merge nodes time:  0.00016427040100097656
invoke_udf_reduce time:  0.08992123603820801

---------- degree  tensor(10)
get ready time :  0.0001857280731201172
----------- core.py torch.sort() replace to OrderedDict time:  0.0865929126739502
step:  15
bucketing time:  0.08725643157958984
----NodeBatch generation time:  0.0021190643310546875
----Frame generation time:  1.9311904907226562e-05
---- merge nodes time:  0.00016546249389648438
invoke_udf_reduce time:  0.08989310264587402
split  buckets total input  1850019
preparing time:  0.15410137176513672
model forward time :  1.4115777015686035
model forward time + loss calculation time:  1.413276195526123
loss backward time:  0.06106996536254883
-------------------------------------------------------------------------------loss_sum  :  tensor(9.2344)

full batch graph loading time:  0.07164192199707031
group buckets input  848349

---------- degree  tensor([ 1,  2,  3,  4,  5,  6,  7,  8,  9, 10], device='cuda:0',
       dtype=torch.int32)
get ready time :  0.00020837783813476562
----------- core.py torch.sort() replace to OrderedDict time:  0.1011190414428711
bucketing time:  0.1023550033569336
----NodeBatch generation time:  0.01914215087890625
----Frame generation time:  2.2649765014648438e-05
---- merge nodes time:  0.00017571449279785156
invoke_udf_reduce time:  0.1273796558380127
preparing time:  1.1408486366271973
model forward time:  0.1285262107849121
loss calculation time:  5.91278076171875e-05
partial loss calculation time:  0.07210135459899902
loss backward time:  0.022920608520507812

---------- degree  tensor(10)
get ready time :  0.00016045570373535156
----------- core.py torch.sort() replace to OrderedDict time:  0.08564567565917969
step:  0
bucketing time:  0.08624267578125
----NodeBatch generation time:  0.0021059513092041016
----Frame generation time:  1.8358230590820312e-05
---- merge nodes time:  0.0001666545867919922
invoke_udf_reduce time:  0.08881640434265137

---------- degree  tensor(10)
get ready time :  0.00019025802612304688
----------- core.py torch.sort() replace to OrderedDict time:  0.08509564399719238
step:  1
bucketing time:  0.08568859100341797
----NodeBatch generation time:  0.002102375030517578
----Frame generation time:  1.7642974853515625e-05
---- merge nodes time:  0.0001633167266845703
invoke_udf_reduce time:  0.08830690383911133

---------- degree  tensor(10)
get ready time :  0.00019097328186035156
----------- core.py torch.sort() replace to OrderedDict time:  0.08501052856445312
step:  2
bucketing time:  0.085601806640625
----NodeBatch generation time:  0.002160310745239258
----Frame generation time:  1.71661376953125e-05
---- merge nodes time:  0.00015974044799804688
invoke_udf_reduce time:  0.08826804161071777

---------- degree  tensor(10)
get ready time :  0.00019860267639160156
----------- core.py torch.sort() replace to OrderedDict time:  0.08518743515014648
step:  3
bucketing time:  0.0857841968536377
----NodeBatch generation time:  0.0021677017211914062
----Frame generation time:  1.811981201171875e-05
---- merge nodes time:  0.0001595020294189453
invoke_udf_reduce time:  0.0884706974029541

---------- degree  tensor(10)
get ready time :  0.00018715858459472656
----------- core.py torch.sort() replace to OrderedDict time:  0.0873253345489502
step:  4
bucketing time:  0.08793115615844727
----NodeBatch generation time:  0.0021936893463134766
----Frame generation time:  1.71661376953125e-05
---- merge nodes time:  0.00016164779663085938
invoke_udf_reduce time:  0.09063100814819336

---------- degree  tensor(10)
get ready time :  0.0001914501190185547
----------- core.py torch.sort() replace to OrderedDict time:  0.08510708808898926
step:  5
bucketing time:  0.08571982383728027
----NodeBatch generation time:  0.0021860599517822266
----Frame generation time:  1.7642974853515625e-05
---- merge nodes time:  0.00016641616821289062
invoke_udf_reduce time:  0.08842206001281738

---------- degree  tensor(10)
get ready time :  0.0001933574676513672
----------- core.py torch.sort() replace to OrderedDict time:  0.08464741706848145
step:  6
bucketing time:  0.08541727066040039
----NodeBatch generation time:  0.002620697021484375
----Frame generation time:  2.0742416381835938e-05
---- merge nodes time:  0.0001895427703857422
invoke_udf_reduce time:  0.08858418464660645

---------- degree  tensor(10)
get ready time :  0.00020933151245117188
----------- core.py torch.sort() replace to OrderedDict time:  0.08445334434509277
step:  7
bucketing time:  0.08513545989990234
----NodeBatch generation time:  0.0024242401123046875
----Frame generation time:  1.9788742065429688e-05
---- merge nodes time:  0.00017213821411132812
invoke_udf_reduce time:  0.08817744255065918

---------- degree  tensor(10)
get ready time :  0.0002002716064453125
----------- core.py torch.sort() replace to OrderedDict time:  0.08488774299621582
step:  8
bucketing time:  0.08549022674560547
----NodeBatch generation time:  0.002169370651245117
----Frame generation time:  1.811981201171875e-05
---- merge nodes time:  0.00016379356384277344
invoke_udf_reduce time:  0.08819913864135742

---------- degree  tensor(10)
get ready time :  0.00019097328186035156
----------- core.py torch.sort() replace to OrderedDict time:  0.08418631553649902
step:  9
bucketing time:  0.08478975296020508
----NodeBatch generation time:  0.0021212100982666016
----Frame generation time:  1.8358230590820312e-05
---- merge nodes time:  0.00015997886657714844
invoke_udf_reduce time:  0.08742356300354004

---------- degree  tensor(10)
get ready time :  0.00019311904907226562
----------- core.py torch.sort() replace to OrderedDict time:  0.08536243438720703
step:  10
bucketing time:  0.08614349365234375
----NodeBatch generation time:  0.0022406578063964844
----Frame generation time:  1.6689300537109375e-05
---- merge nodes time:  0.00018906593322753906
invoke_udf_reduce time:  0.08893394470214844

---------- degree  tensor(10)
get ready time :  0.00020241737365722656
----------- core.py torch.sort() replace to OrderedDict time:  0.08680367469787598
step:  11
bucketing time:  0.08748006820678711
----NodeBatch generation time:  0.002086639404296875
----Frame generation time:  1.7404556274414062e-05
---- merge nodes time:  0.00016427040100097656
invoke_udf_reduce time:  0.0901031494140625

---------- degree  tensor(10)
get ready time :  0.0001857280731201172
----------- core.py torch.sort() replace to OrderedDict time:  0.08456611633300781
step:  12
bucketing time:  0.08523344993591309
----NodeBatch generation time:  0.0021219253540039062
----Frame generation time:  1.811981201171875e-05
---- merge nodes time:  0.00016260147094726562
invoke_udf_reduce time:  0.08786940574645996

---------- degree  tensor(10)
get ready time :  0.0001857280731201172
----------- core.py torch.sort() replace to OrderedDict time:  0.08442211151123047
step:  13
bucketing time:  0.08509349822998047
----NodeBatch generation time:  0.002099275588989258
----Frame generation time:  1.71661376953125e-05
---- merge nodes time:  0.00016260147094726562
invoke_udf_reduce time:  0.08770036697387695

---------- degree  tensor(10)
get ready time :  0.00019216537475585938
----------- core.py torch.sort() replace to OrderedDict time:  0.08445572853088379
step:  14
bucketing time:  0.08513545989990234
----NodeBatch generation time:  0.0020990371704101562
----Frame generation time:  1.7642974853515625e-05
---- merge nodes time:  0.00017690658569335938
invoke_udf_reduce time:  0.08776164054870605

---------- degree  tensor(10)
get ready time :  0.00018858909606933594
----------- core.py torch.sort() replace to OrderedDict time:  0.08418893814086914
step:  15
bucketing time:  0.08486104011535645
----NodeBatch generation time:  0.002080678939819336
----Frame generation time:  1.6927719116210938e-05
---- merge nodes time:  0.00015783309936523438
invoke_udf_reduce time:  0.08744382858276367
split  buckets total input  1850892
preparing time:  0.1568279266357422
model forward time :  1.431394100189209
model forward time + loss calculation time:  1.4331326484680176
loss backward time:  0.06996726989746094
-------------------------------------------------------------------------------loss_sum  :  tensor(9.1061)

pure train time 1.6546058654785156
full batch graph loading time:  0.05817246437072754
group buckets input  848190

---------- degree  tensor([ 1,  2,  3,  4,  5,  6,  7,  8,  9, 10], device='cuda:0',
       dtype=torch.int32)
get ready time :  0.00022029876708984375
----------- core.py torch.sort() replace to OrderedDict time:  0.09661483764648438
bucketing time:  0.09787178039550781
----NodeBatch generation time:  0.018410921096801758
----Frame generation time:  2.002716064453125e-05
---- merge nodes time:  0.00018715858459472656
invoke_udf_reduce time:  0.12219929695129395
preparing time:  1.1362311840057373
model forward time:  0.12334799766540527
loss calculation time:  6.103515625e-05
partial loss calculation time:  0.07238578796386719
loss backward time:  0.025023221969604492

---------- degree  tensor(10)
get ready time :  0.000171661376953125
----------- core.py torch.sort() replace to OrderedDict time:  0.08558273315429688
step:  0
bucketing time:  0.0862128734588623
----NodeBatch generation time:  0.002146482467651367
----Frame generation time:  2.0742416381835938e-05
---- merge nodes time:  0.00016736984252929688
invoke_udf_reduce time:  0.08883976936340332

---------- degree  tensor(10)
get ready time :  0.00019025802612304688
----------- core.py torch.sort() replace to OrderedDict time:  0.0856330394744873
step:  1
bucketing time:  0.08623170852661133
----NodeBatch generation time:  0.0021097660064697266
----Frame generation time:  1.8835067749023438e-05
---- merge nodes time:  0.00017189979553222656
invoke_udf_reduce time:  0.08886528015136719

---------- degree  tensor(10)
get ready time :  0.00018739700317382812
----------- core.py torch.sort() replace to OrderedDict time:  0.08564257621765137
step:  2
bucketing time:  0.08623623847961426
----NodeBatch generation time:  0.0020895004272460938
----Frame generation time:  1.8358230590820312e-05
---- merge nodes time:  0.00016236305236816406
invoke_udf_reduce time:  0.0888359546661377

---------- degree  tensor(10)
get ready time :  0.00018477439880371094
----------- core.py torch.sort() replace to OrderedDict time:  0.08643841743469238
step:  3
bucketing time:  0.08703875541687012
----NodeBatch generation time:  0.0020744800567626953
----Frame generation time:  1.8835067749023438e-05
---- merge nodes time:  0.00016117095947265625
invoke_udf_reduce time:  0.08961653709411621

---------- degree  tensor(10)
get ready time :  0.0001838207244873047
----------- core.py torch.sort() replace to OrderedDict time:  0.08517003059387207
step:  4
bucketing time:  0.08577299118041992
----NodeBatch generation time:  0.0021009445190429688
----Frame generation time:  1.8835067749023438e-05
---- merge nodes time:  0.0001628398895263672
invoke_udf_reduce time:  0.08849525451660156

---------- degree  tensor(10)
get ready time :  0.0001862049102783203
----------- core.py torch.sort() replace to OrderedDict time:  0.08532476425170898
step:  5
bucketing time:  0.08592820167541504
----NodeBatch generation time:  0.0020973682403564453
----Frame generation time:  1.7881393432617188e-05
---- merge nodes time:  0.00017523765563964844
invoke_udf_reduce time:  0.08854317665100098

---------- degree  tensor(10)
get ready time :  0.0001995563507080078
----------- core.py torch.sort() replace to OrderedDict time:  0.08529138565063477
step:  6
bucketing time:  0.08588457107543945
----NodeBatch generation time:  0.0021142959594726562
----Frame generation time:  1.9073486328125e-05
---- merge nodes time:  0.0001659393310546875
invoke_udf_reduce time:  0.08852195739746094

---------- degree  tensor(10)
get ready time :  0.0001862049102783203
----------- core.py torch.sort() replace to OrderedDict time:  0.08511114120483398
step:  7
bucketing time:  0.0857086181640625
----NodeBatch generation time:  0.002076387405395508
----Frame generation time:  1.8358230590820312e-05
---- merge nodes time:  0.0001647472381591797
invoke_udf_reduce time:  0.08829927444458008

---------- degree  tensor(10)
get ready time :  0.0001900196075439453
----------- core.py torch.sort() replace to OrderedDict time:  0.08443880081176758
step:  8
bucketing time:  0.0850379467010498
----NodeBatch generation time:  0.0020933151245117188
----Frame generation time:  1.7404556274414062e-05
---- merge nodes time:  0.00015926361083984375
invoke_udf_reduce time:  0.08764314651489258

---------- degree  tensor(10)
get ready time :  0.00019431114196777344
----------- core.py torch.sort() replace to OrderedDict time:  0.0893716812133789
step:  9
bucketing time:  0.0899658203125
----NodeBatch generation time:  0.00213623046875
----Frame generation time:  1.7642974853515625e-05
---- merge nodes time:  0.0001614093780517578
invoke_udf_reduce time:  0.09263277053833008

---------- degree  tensor(10)
get ready time :  0.00018835067749023438
----------- core.py torch.sort() replace to OrderedDict time:  0.08482885360717773
step:  10
bucketing time:  0.08546614646911621
----NodeBatch generation time:  0.002284526824951172
----Frame generation time:  1.9311904907226562e-05
---- merge nodes time:  0.00017142295837402344
invoke_udf_reduce time:  0.08827328681945801

---------- degree  tensor(10)
get ready time :  0.0001881122589111328
----------- core.py torch.sort() replace to OrderedDict time:  0.09225058555603027
step:  11
bucketing time:  0.09292030334472656
----NodeBatch generation time:  0.0022552013397216797
----Frame generation time:  1.8596649169921875e-05
---- merge nodes time:  0.00016164779663085938
invoke_udf_reduce time:  0.09568953514099121

---------- degree  tensor(10)
get ready time :  0.00019288063049316406
----------- core.py torch.sort() replace to OrderedDict time:  0.08357429504394531
step:  12
bucketing time:  0.08423876762390137
----NodeBatch generation time:  0.0020716190338134766
----Frame generation time:  1.7404556274414062e-05
---- merge nodes time:  0.0001628398895263672
invoke_udf_reduce time:  0.08683204650878906

---------- degree  tensor(10)
get ready time :  0.00018668174743652344
----------- core.py torch.sort() replace to OrderedDict time:  0.08443713188171387
step:  13
bucketing time:  0.08509969711303711
----NodeBatch generation time:  0.0022172927856445312
----Frame generation time:  1.7881393432617188e-05
---- merge nodes time:  0.0001735687255859375
invoke_udf_reduce time:  0.08784914016723633

---------- degree  tensor(10)
get ready time :  0.00018739700317382812
----------- core.py torch.sort() replace to OrderedDict time:  0.08297014236450195
step:  14
bucketing time:  0.0836338996887207
----NodeBatch generation time:  0.0020945072174072266
----Frame generation time:  1.7881393432617188e-05
---- merge nodes time:  0.0001647472381591797
invoke_udf_reduce time:  0.08624935150146484

---------- degree  tensor(10)
get ready time :  0.00018906593322753906
----------- core.py torch.sort() replace to OrderedDict time:  0.08324766159057617
step:  15
bucketing time:  0.08391094207763672
----NodeBatch generation time:  0.0020949840545654297
----Frame generation time:  1.7404556274414062e-05
---- merge nodes time:  0.00016546249389648438
invoke_udf_reduce time:  0.08652877807617188
split  buckets total input  1850687
preparing time:  0.1465768814086914
model forward time :  1.4370906352996826
model forward time + loss calculation time:  1.4388008117675781
loss backward time:  0.0696864128112793
-------------------------------------------------------------------------------loss_sum  :  tensor(8.9802)

pure train time 1.6569194793701172
full batch graph loading time:  0.07259511947631836
group buckets input  848325

---------- degree  tensor([ 1,  2,  3,  4,  5,  6,  7,  8,  9, 10], device='cuda:0',
       dtype=torch.int32)
get ready time :  0.0002143383026123047
----------- core.py torch.sort() replace to OrderedDict time:  0.09752845764160156
bucketing time:  0.09875798225402832
----NodeBatch generation time:  0.018723249435424805
----Frame generation time:  1.9550323486328125e-05
---- merge nodes time:  0.0001742839813232422
invoke_udf_reduce time:  0.12337136268615723
preparing time:  1.1513900756835938
model forward time:  0.12452244758605957
loss calculation time:  5.6743621826171875e-05
partial loss calculation time:  0.07209610939025879
loss backward time:  0.01715230941772461

---------- degree  tensor(10)
get ready time :  0.0001590251922607422
----------- core.py torch.sort() replace to OrderedDict time:  0.08425426483154297
step:  0
bucketing time:  0.08486056327819824
----NodeBatch generation time:  0.0021085739135742188
----Frame generation time:  2.2649765014648438e-05
---- merge nodes time:  0.0001621246337890625
invoke_udf_reduce time:  0.0874330997467041

---------- degree  tensor(10)
get ready time :  0.00019550323486328125
----------- core.py torch.sort() replace to OrderedDict time:  0.08412408828735352
step:  1
bucketing time:  0.0847170352935791
----NodeBatch generation time:  0.0021152496337890625
----Frame generation time:  1.7881393432617188e-05
---- merge nodes time:  0.00016188621520996094
invoke_udf_reduce time:  0.08734846115112305

---------- degree  tensor(10)
get ready time :  0.00019049644470214844
----------- core.py torch.sort() replace to OrderedDict time:  0.08368420600891113
step:  2
bucketing time:  0.08427643775939941
----NodeBatch generation time:  0.0036017894744873047
----Frame generation time:  2.2649765014648438e-05
---- merge nodes time:  0.00017142295837402344
invoke_udf_reduce time:  0.0884103775024414

---------- degree  tensor(10)
get ready time :  0.00019025802612304688
----------- core.py torch.sort() replace to OrderedDict time:  0.08377861976623535
step:  3
bucketing time:  0.08437371253967285
----NodeBatch generation time:  0.0021026134490966797
----Frame generation time:  1.7404556274414062e-05
---- merge nodes time:  0.0001590251922607422
invoke_udf_reduce time:  0.08698439598083496

---------- degree  tensor(10)
get ready time :  0.00019216537475585938
----------- core.py torch.sort() replace to OrderedDict time:  0.08374929428100586
step:  4
bucketing time:  0.08434295654296875
----NodeBatch generation time:  0.0020890235900878906
----Frame generation time:  1.71661376953125e-05
---- merge nodes time:  0.00017714500427246094
invoke_udf_reduce time:  0.0869607925415039

---------- degree  tensor(10)
get ready time :  0.00018978118896484375
----------- core.py torch.sort() replace to OrderedDict time:  0.0837864875793457
step:  5
bucketing time:  0.0843806266784668
----NodeBatch generation time:  0.0020821094512939453
----Frame generation time:  1.8358230590820312e-05
---- merge nodes time:  0.00016808509826660156
invoke_udf_reduce time:  0.08698272705078125

---------- degree  tensor(10)
get ready time :  0.00019669532775878906
----------- core.py torch.sort() replace to OrderedDict time:  0.08394074440002441
step:  6
bucketing time:  0.08453893661499023
----NodeBatch generation time:  0.0020935535430908203
----Frame generation time:  1.7881393432617188e-05
---- merge nodes time:  0.000347137451171875
invoke_udf_reduce time:  0.08733940124511719

---------- degree  tensor(10)
get ready time :  0.00019288063049316406
----------- core.py torch.sort() replace to OrderedDict time:  0.08599162101745605
step:  7
bucketing time:  0.08673739433288574
----NodeBatch generation time:  0.002498626708984375
----Frame generation time:  2.4318695068359375e-05
---- merge nodes time:  0.0001881122589111328
invoke_udf_reduce time:  0.08978533744812012

---------- degree  tensor(10)
get ready time :  0.00020647048950195312
----------- core.py torch.sort() replace to OrderedDict time:  0.0832664966583252
step:  8
bucketing time:  0.08386087417602539
----NodeBatch generation time:  0.002099752426147461
----Frame generation time:  1.811981201171875e-05
---- merge nodes time:  0.0001590251922607422
invoke_udf_reduce time:  0.0865633487701416

---------- degree  tensor(10)
get ready time :  0.0001995563507080078
----------- core.py torch.sort() replace to OrderedDict time:  0.08357548713684082
step:  9
bucketing time:  0.0841670036315918
----NodeBatch generation time:  0.0020995140075683594
----Frame generation time:  2.0265579223632812e-05
---- merge nodes time:  0.00016021728515625
invoke_udf_reduce time:  0.08679056167602539

---------- degree  tensor(10)
get ready time :  0.00018978118896484375
----------- core.py torch.sort() replace to OrderedDict time:  0.08383941650390625
step:  10
bucketing time:  0.08450508117675781
----NodeBatch generation time:  0.002086162567138672
----Frame generation time:  1.7881393432617188e-05
---- merge nodes time:  0.00016164779663085938
invoke_udf_reduce time:  0.08710598945617676

---------- degree  tensor(10)
get ready time :  0.00019121170043945312
----------- core.py torch.sort() replace to OrderedDict time:  0.0844728946685791
step:  11
bucketing time:  0.08513402938842773
----NodeBatch generation time:  0.0021140575408935547
----Frame generation time:  1.8835067749023438e-05
---- merge nodes time:  0.00016260147094726562
invoke_udf_reduce time:  0.08776092529296875

---------- degree  tensor(10)
get ready time :  0.00019073486328125
----------- core.py torch.sort() replace to OrderedDict time:  0.08462953567504883
step:  12
bucketing time:  0.08536481857299805
----NodeBatch generation time:  0.0022492408752441406
----Frame generation time:  1.9788742065429688e-05
---- merge nodes time:  0.00017595291137695312
invoke_udf_reduce time:  0.08814787864685059

---------- degree  tensor(10)
get ready time :  0.00020003318786621094
----------- core.py torch.sort() replace to OrderedDict time:  0.08480978012084961
step:  13
bucketing time:  0.08546972274780273
----NodeBatch generation time:  0.0020933151245117188
----Frame generation time:  1.8596649169921875e-05
---- merge nodes time:  0.0001621246337890625
invoke_udf_reduce time:  0.08814311027526855

---------- degree  tensor(10)
get ready time :  0.00019049644470214844
----------- core.py torch.sort() replace to OrderedDict time:  0.0847005844116211
step:  14
bucketing time:  0.08535885810852051
----NodeBatch generation time:  0.0021028518676757812
----Frame generation time:  2.002716064453125e-05
---- merge nodes time:  0.0001614093780517578
invoke_udf_reduce time:  0.08797669410705566

---------- degree  tensor(10)
get ready time :  0.00019216537475585938
----------- core.py torch.sort() replace to OrderedDict time:  0.08527374267578125
step:  15
bucketing time:  0.08592891693115234
----NodeBatch generation time:  0.00214385986328125
----Frame generation time:  1.8835067749023438e-05
---- merge nodes time:  0.0001697540283203125
invoke_udf_reduce time:  0.08864784240722656
split  buckets total input  1850400
preparing time:  0.1531674861907959
model forward time :  1.418595552444458
model forward time + loss calculation time:  1.4203176498413086
loss backward time:  0.06234025955200195
-------------------------------------------------------------------------------loss_sum  :  tensor(8.8516)

pure train time 1.624389410018921
full batch graph loading time:  0.043201446533203125
group buckets input  847553

---------- degree  tensor([ 1,  2,  3,  4,  5,  6,  7,  8,  9, 10], device='cuda:0',
       dtype=torch.int32)
get ready time :  0.0002110004425048828
----------- core.py torch.sort() replace to OrderedDict time:  0.09378433227539062
bucketing time:  0.09499406814575195
----NodeBatch generation time:  0.018541574478149414
----Frame generation time:  2.002716064453125e-05
---- merge nodes time:  0.00017189979553222656
invoke_udf_reduce time:  0.11944961547851562
preparing time:  1.1366021633148193
model forward time:  0.1205606460571289
loss calculation time:  5.936622619628906e-05
partial loss calculation time:  0.07198953628540039
loss backward time:  0.023757219314575195

---------- degree  tensor(10)
get ready time :  0.00017571449279785156
----------- core.py torch.sort() replace to OrderedDict time:  0.08284664154052734
step:  0
bucketing time:  0.0834496021270752
----NodeBatch generation time:  0.0021009445190429688
----Frame generation time:  1.8358230590820312e-05
---- merge nodes time:  0.00016260147094726562
invoke_udf_reduce time:  0.08602762222290039

---------- degree  tensor(10)
get ready time :  0.00019288063049316406
----------- core.py torch.sort() replace to OrderedDict time:  0.08307862281799316
step:  1
bucketing time:  0.08371496200561523
----NodeBatch generation time:  0.0021660327911376953
----Frame generation time:  1.811981201171875e-05
---- merge nodes time:  0.00017976760864257812
invoke_udf_reduce time:  0.08643889427185059

---------- degree  tensor(10)
get ready time :  0.00018215179443359375
----------- core.py torch.sort() replace to OrderedDict time:  0.08273458480834961
step:  2
bucketing time:  0.08333230018615723
----NodeBatch generation time:  0.0021414756774902344
----Frame generation time:  1.6927719116210938e-05
---- merge nodes time:  0.00016164779663085938
invoke_udf_reduce time:  0.08597397804260254

---------- degree  tensor(10)
get ready time :  0.0001819133758544922
----------- core.py torch.sort() replace to OrderedDict time:  0.08264899253845215
step:  3
bucketing time:  0.08324074745178223
----NodeBatch generation time:  0.00215911865234375
----Frame generation time:  1.8358230590820312e-05
---- merge nodes time:  0.00015974044799804688
invoke_udf_reduce time:  0.08589553833007812

---------- degree  tensor(10)
get ready time :  0.00018143653869628906
----------- core.py torch.sort() replace to OrderedDict time:  0.08267641067504883
step:  4
bucketing time:  0.08327913284301758
----NodeBatch generation time:  0.0021419525146484375
----Frame generation time:  1.8596649169921875e-05
---- merge nodes time:  0.00016045570373535156
invoke_udf_reduce time:  0.08592033386230469

---------- degree  tensor(10)
get ready time :  0.00019860267639160156
----------- core.py torch.sort() replace to OrderedDict time:  0.08274984359741211
step:  5
bucketing time:  0.08334159851074219
----NodeBatch generation time:  0.002127408981323242
----Frame generation time:  1.71661376953125e-05
---- merge nodes time:  0.00016021728515625
invoke_udf_reduce time:  0.08598446846008301

---------- degree  tensor(10)
get ready time :  0.0001823902130126953
----------- core.py torch.sort() replace to OrderedDict time:  0.08314013481140137
step:  6
bucketing time:  0.08374381065368652
----NodeBatch generation time:  0.0021440982818603516
----Frame generation time:  1.8835067749023438e-05
---- merge nodes time:  0.00016307830810546875
invoke_udf_reduce time:  0.08639121055603027

---------- degree  tensor(10)
get ready time :  0.00018525123596191406
----------- core.py torch.sort() replace to OrderedDict time:  0.08310461044311523
step:  7
bucketing time:  0.08369612693786621
----NodeBatch generation time:  0.0021462440490722656
----Frame generation time:  1.811981201171875e-05
---- merge nodes time:  0.00015974044799804688
invoke_udf_reduce time:  0.08634400367736816

---------- degree  tensor(10)
get ready time :  0.00018787384033203125
----------- core.py torch.sort() replace to OrderedDict time:  0.08309054374694824
step:  8
bucketing time:  0.08368062973022461
----NodeBatch generation time:  0.0020949840545654297
----Frame generation time:  0.00019812583923339844
---- merge nodes time:  0.00018548965454101562
invoke_udf_reduce time:  0.0864870548248291

---------- degree  tensor(10)
get ready time :  0.00019025802612304688
----------- core.py torch.sort() replace to OrderedDict time:  0.08264517784118652
step:  9
bucketing time:  0.08323383331298828
----NodeBatch generation time:  0.0020880699157714844
----Frame generation time:  1.8596649169921875e-05
---- merge nodes time:  0.00016045570373535156
invoke_udf_reduce time:  0.0858299732208252

---------- degree  tensor(10)
get ready time :  0.0001838207244873047
----------- core.py torch.sort() replace to OrderedDict time:  0.08551144599914551
step:  10
bucketing time:  0.08610987663269043
----NodeBatch generation time:  0.0021352767944335938
----Frame generation time:  1.8835067749023438e-05
---- merge nodes time:  0.0001590251922607422
invoke_udf_reduce time:  0.08874702453613281

---------- degree  tensor(10)
get ready time :  0.00018405914306640625
----------- core.py torch.sort() replace to OrderedDict time:  0.08413147926330566
step:  11
bucketing time:  0.08480358123779297
----NodeBatch generation time:  0.002134084701538086
----Frame generation time:  1.7404556274414062e-05
---- merge nodes time:  0.00015783309936523438
invoke_udf_reduce time:  0.08744597434997559

---------- degree  tensor(10)
get ready time :  0.0001838207244873047
----------- core.py torch.sort() replace to OrderedDict time:  0.08424711227416992
step:  12
bucketing time:  0.08490777015686035
----NodeBatch generation time:  0.0021436214447021484
----Frame generation time:  2.0265579223632812e-05
---- merge nodes time:  0.00015878677368164062
invoke_udf_reduce time:  0.08755755424499512

---------- degree  tensor(10)
get ready time :  0.00018858909606933594
----------- core.py torch.sort() replace to OrderedDict time:  0.08385658264160156
step:  13
bucketing time:  0.0845191478729248
----NodeBatch generation time:  0.0021431446075439453
----Frame generation time:  1.811981201171875e-05
---- merge nodes time:  0.000164031982421875
invoke_udf_reduce time:  0.0871734619140625

---------- degree  tensor(10)
get ready time :  0.00018286705017089844
----------- core.py torch.sort() replace to OrderedDict time:  0.08402371406555176
step:  14
bucketing time:  0.08468222618103027
----NodeBatch generation time:  0.0021371841430664062
----Frame generation time:  1.7642974853515625e-05
---- merge nodes time:  0.00015854835510253906
invoke_udf_reduce time:  0.08731651306152344

---------- degree  tensor(10)
get ready time :  0.00018525123596191406
----------- core.py torch.sort() replace to OrderedDict time:  0.08410811424255371
step:  15
bucketing time:  0.08476734161376953
----NodeBatch generation time:  0.002120494842529297
----Frame generation time:  1.7642974853515625e-05
---- merge nodes time:  0.00016069412231445312
invoke_udf_reduce time:  0.08739018440246582
split  buckets total input  1850448
preparing time:  0.14666175842285156
model forward time :  1.4022796154022217
model forward time + loss calculation time:  1.4039762020111084
loss backward time:  0.06134653091430664
-------------------------------------------------------------------------------loss_sum  :  tensor(8.7211)

pure train time 1.6096999645233154
full batch graph loading time:  0.040452003479003906
group buckets input  848583

---------- degree  tensor([ 1,  2,  3,  4,  5,  6,  7,  8,  9, 10], device='cuda:0',
       dtype=torch.int32)
get ready time :  0.00021409988403320312
----------- core.py torch.sort() replace to OrderedDict time:  0.09345579147338867
bucketing time:  0.09468555450439453
----NodeBatch generation time:  0.017901182174682617
----Frame generation time:  1.9788742065429688e-05
---- merge nodes time:  0.0001728534698486328
invoke_udf_reduce time:  0.11847257614135742
preparing time:  1.1031298637390137
model forward time:  0.1195826530456543
loss calculation time:  5.793571472167969e-05
partial loss calculation time:  0.07229852676391602
loss backward time:  0.02358722686767578

---------- degree  tensor(10)
get ready time :  0.00015807151794433594
----------- core.py torch.sort() replace to OrderedDict time:  0.08182048797607422
step:  0
bucketing time:  0.08247518539428711
----NodeBatch generation time:  0.0021088123321533203
----Frame generation time:  1.8358230590820312e-05
---- merge nodes time:  0.00016427040100097656
invoke_udf_reduce time:  0.08504533767700195

---------- degree  tensor(10)
get ready time :  0.00019073486328125
----------- core.py torch.sort() replace to OrderedDict time:  0.0829923152923584
step:  1
bucketing time:  0.08358383178710938
----NodeBatch generation time:  0.0020914077758789062
----Frame generation time:  1.811981201171875e-05
---- merge nodes time:  0.00016188621520996094
invoke_udf_reduce time:  0.08619332313537598

---------- degree  tensor(10)
get ready time :  0.00020313262939453125
----------- core.py torch.sort() replace to OrderedDict time:  0.08282732963562012
step:  2
bucketing time:  0.08342146873474121
----NodeBatch generation time:  0.00211334228515625
----Frame generation time:  1.8358230590820312e-05
---- merge nodes time:  0.00016307830810546875
invoke_udf_reduce time:  0.08606266975402832

---------- degree  tensor(10)
get ready time :  0.00019097328186035156
----------- core.py torch.sort() replace to OrderedDict time:  0.08322358131408691
step:  3
bucketing time:  0.08381962776184082
----NodeBatch generation time:  0.0020825862884521484
----Frame generation time:  2.8133392333984375e-05
---- merge nodes time:  0.00016117095947265625
invoke_udf_reduce time:  0.08642292022705078

---------- degree  tensor(10)
get ready time :  0.00018668174743652344
----------- core.py torch.sort() replace to OrderedDict time:  0.08349061012268066
step:  4
bucketing time:  0.08410000801086426
----NodeBatch generation time:  0.002093791961669922
----Frame generation time:  1.7881393432617188e-05
---- merge nodes time:  0.0001621246337890625
invoke_udf_reduce time:  0.08670186996459961

---------- degree  tensor(10)
get ready time :  0.00018644332885742188
----------- core.py torch.sort() replace to OrderedDict time:  0.08287334442138672
step:  5
bucketing time:  0.08347415924072266
----NodeBatch generation time:  0.0021049976348876953
----Frame generation time:  1.6927719116210938e-05
---- merge nodes time:  0.00015807151794433594
invoke_udf_reduce time:  0.08608174324035645

---------- degree  tensor(10)
get ready time :  0.00020933151245117188
----------- core.py torch.sort() replace to OrderedDict time:  0.08302950859069824
step:  6
bucketing time:  0.08362770080566406
----NodeBatch generation time:  0.0021011829376220703
----Frame generation time:  1.9073486328125e-05
---- merge nodes time:  0.00016021728515625
invoke_udf_reduce time:  0.0862579345703125

---------- degree  tensor(10)
get ready time :  0.00019073486328125
----------- core.py torch.sort() replace to OrderedDict time:  0.08322787284851074
step:  7
bucketing time:  0.08382081985473633
----NodeBatch generation time:  0.0021178722381591797
----Frame generation time:  1.8835067749023438e-05
---- merge nodes time:  0.0001621246337890625
invoke_udf_reduce time:  0.08644962310791016

---------- degree  tensor(10)
get ready time :  0.00019359588623046875
----------- core.py torch.sort() replace to OrderedDict time:  0.08299803733825684
step:  8
bucketing time:  0.08359408378601074
----NodeBatch generation time:  0.0020852088928222656
----Frame generation time:  1.8358230590820312e-05
---- merge nodes time:  0.00015878677368164062
invoke_udf_reduce time:  0.08618736267089844

---------- degree  tensor(10)
get ready time :  0.00019621849060058594
----------- core.py torch.sort() replace to OrderedDict time:  0.0833137035369873
step:  9
bucketing time:  0.08390593528747559
----NodeBatch generation time:  0.002106904983520508
----Frame generation time:  1.8358230590820312e-05
---- merge nodes time:  0.0001690387725830078
invoke_udf_reduce time:  0.08653783798217773

---------- degree  tensor(10)
get ready time :  0.0001957416534423828
----------- core.py torch.sort() replace to OrderedDict time:  0.08349442481994629
step:  10
bucketing time:  0.0844113826751709
----NodeBatch generation time:  0.002111196517944336
----Frame generation time:  1.8358230590820312e-05
---- merge nodes time:  0.00016117095947265625
invoke_udf_reduce time:  0.08703875541687012

---------- degree  tensor(10)
get ready time :  0.00019478797912597656
----------- core.py torch.sort() replace to OrderedDict time:  0.08343505859375
step:  11
bucketing time:  0.08410263061523438
----NodeBatch generation time:  0.0020780563354492188
----Frame generation time:  1.8596649169921875e-05
---- merge nodes time:  0.0001628398895263672
invoke_udf_reduce time:  0.0867002010345459

---------- degree  tensor(10)
get ready time :  0.00019550323486328125
----------- core.py torch.sort() replace to OrderedDict time:  0.08471369743347168
step:  12
bucketing time:  0.08537745475769043
----NodeBatch generation time:  0.0020945072174072266
----Frame generation time:  1.8835067749023438e-05
---- merge nodes time:  0.00016117095947265625
invoke_udf_reduce time:  0.08799314498901367

---------- degree  tensor(10)
get ready time :  0.0001919269561767578
----------- core.py torch.sort() replace to OrderedDict time:  0.08455324172973633
step:  13
bucketing time:  0.0852208137512207
----NodeBatch generation time:  0.0020933151245117188
----Frame generation time:  1.8835067749023438e-05
---- merge nodes time:  0.00016045570373535156
invoke_udf_reduce time:  0.08782410621643066

---------- degree  tensor(10)
get ready time :  0.00019097328186035156
----------- core.py torch.sort() replace to OrderedDict time:  0.08488845825195312
step:  14
bucketing time:  0.08555316925048828
----NodeBatch generation time:  0.002097606658935547
----Frame generation time:  1.9311904907226562e-05
---- merge nodes time:  0.00016260147094726562
invoke_udf_reduce time:  0.0881650447845459

---------- degree  tensor(10)
get ready time :  0.00019168853759765625
----------- core.py torch.sort() replace to OrderedDict time:  0.08441042900085449
step:  15
bucketing time:  0.08507370948791504
----NodeBatch generation time:  0.002096891403198242
----Frame generation time:  1.8358230590820312e-05
---- merge nodes time:  0.000164031982421875
invoke_udf_reduce time:  0.08769059181213379
split  buckets total input  1850069
preparing time:  0.14774584770202637
model forward time :  1.4028534889221191
model forward time + loss calculation time:  1.404538869857788
loss backward time:  0.0628962516784668
-------------------------------------------------------------------------------loss_sum  :  tensor(8.5887)

pure train time 1.6106629371643066
full batch graph loading time:  0.039826154708862305
group buckets input  848110

---------- degree  tensor([ 1,  2,  3,  4,  5,  6,  7,  8,  9, 10], device='cuda:0',
       dtype=torch.int32)
get ready time :  0.00021982192993164062
----------- core.py torch.sort() replace to OrderedDict time:  0.09519028663635254
bucketing time:  0.09646415710449219
----NodeBatch generation time:  0.018602848052978516
----Frame generation time:  2.0742416381835938e-05
---- merge nodes time:  0.0001800060272216797
invoke_udf_reduce time:  0.12096738815307617
preparing time:  1.1129486560821533
model forward time:  0.12208199501037598
loss calculation time:  6.461143493652344e-05
partial loss calculation time:  0.07212352752685547
loss backward time:  0.02211308479309082

---------- degree  tensor(10)
get ready time :  0.0001633167266845703
----------- core.py torch.sort() replace to OrderedDict time:  0.0834801197052002
step:  0
bucketing time:  0.0840911865234375
----NodeBatch generation time:  0.0020787715911865234
----Frame generation time:  1.811981201171875e-05
---- merge nodes time:  0.00015878677368164062
invoke_udf_reduce time:  0.08662843704223633

---------- degree  tensor(10)
get ready time :  0.0001823902130126953
----------- core.py torch.sort() replace to OrderedDict time:  0.08318138122558594
step:  1
bucketing time:  0.08377456665039062
----NodeBatch generation time:  0.0020749568939208984
----Frame generation time:  1.8596649169921875e-05
---- merge nodes time:  0.00017786026000976562
invoke_udf_reduce time:  0.08636927604675293

---------- degree  tensor(10)
get ready time :  0.0001819133758544922
----------- core.py torch.sort() replace to OrderedDict time:  0.08891010284423828
step:  2
bucketing time:  0.08951091766357422
----NodeBatch generation time:  0.0020856857299804688
----Frame generation time:  1.9788742065429688e-05
---- merge nodes time:  0.00016236305236816406
invoke_udf_reduce time:  0.09210038185119629

---------- degree  tensor(10)
get ready time :  0.00018405914306640625
----------- core.py torch.sort() replace to OrderedDict time:  0.08403468132019043
step:  3
bucketing time:  0.0846245288848877
----NodeBatch generation time:  0.002091646194458008
----Frame generation time:  1.811981201171875e-05
---- merge nodes time:  0.0001614093780517578
invoke_udf_reduce time:  0.0872185230255127

---------- degree  tensor(10)
get ready time :  0.0001895427703857422
----------- core.py torch.sort() replace to OrderedDict time:  0.08300352096557617
step:  4
bucketing time:  0.08359956741333008
----NodeBatch generation time:  0.0020928382873535156
----Frame generation time:  1.811981201171875e-05
---- merge nodes time:  0.00016355514526367188
invoke_udf_reduce time:  0.08620429039001465

---------- degree  tensor(10)
get ready time :  0.00019073486328125
----------- core.py torch.sort() replace to OrderedDict time:  0.08321261405944824
step:  5
bucketing time:  0.08380699157714844
----NodeBatch generation time:  0.002099275588989258
----Frame generation time:  1.7881393432617188e-05
---- merge nodes time:  0.0001609325408935547
invoke_udf_reduce time:  0.08641576766967773

---------- degree  tensor(10)
get ready time :  0.0001926422119140625
----------- core.py torch.sort() replace to OrderedDict time:  0.08298921585083008
step:  6
bucketing time:  0.0835878849029541
----NodeBatch generation time:  0.002096414566040039
----Frame generation time:  1.811981201171875e-05
---- merge nodes time:  0.00016379356384277344
invoke_udf_reduce time:  0.0861976146697998

---------- degree  tensor(10)
get ready time :  0.00018644332885742188
----------- core.py torch.sort() replace to OrderedDict time:  0.08911514282226562
step:  7
bucketing time:  0.08971619606018066
----NodeBatch generation time:  0.0021162033081054688
----Frame generation time:  1.7881393432617188e-05
---- merge nodes time:  0.00016427040100097656
invoke_udf_reduce time:  0.09234905242919922

---------- degree  tensor(10)
get ready time :  0.0001838207244873047
----------- core.py torch.sort() replace to OrderedDict time:  0.08352947235107422
step:  8
bucketing time:  0.08412790298461914
----NodeBatch generation time:  0.002098560333251953
----Frame generation time:  1.9073486328125e-05
---- merge nodes time:  0.00016260147094726562
invoke_udf_reduce time:  0.08672976493835449

---------- degree  tensor(10)
get ready time :  0.00019240379333496094
----------- core.py torch.sort() replace to OrderedDict time:  0.08339810371398926
step:  9
bucketing time:  0.08401656150817871
----NodeBatch generation time:  0.0024003982543945312
----Frame generation time:  1.8596649169921875e-05
---- merge nodes time:  0.00016999244689941406
invoke_udf_reduce time:  0.08693790435791016

---------- degree  tensor(10)
get ready time :  0.00019216537475585938
----------- core.py torch.sort() replace to OrderedDict time:  0.08360791206359863
step:  10
bucketing time:  0.08422112464904785
----NodeBatch generation time:  0.002094745635986328
----Frame generation time:  1.811981201171875e-05
---- merge nodes time:  0.00016307830810546875
invoke_udf_reduce time:  0.08683180809020996

---------- degree  tensor(10)
get ready time :  0.0001838207244873047
----------- core.py torch.sort() replace to OrderedDict time:  0.08375883102416992
step:  11
bucketing time:  0.08443593978881836
----NodeBatch generation time:  0.0021026134490966797
----Frame generation time:  1.8835067749023438e-05
---- merge nodes time:  0.00016164779663085938
invoke_udf_reduce time:  0.08704376220703125

---------- degree  tensor(10)
get ready time :  0.00018262863159179688
----------- core.py torch.sort() replace to OrderedDict time:  0.08365345001220703
step:  12
bucketing time:  0.08456540107727051
----NodeBatch generation time:  0.0021021366119384766
----Frame generation time:  1.8835067749023438e-05
---- merge nodes time:  0.0001609325408935547
invoke_udf_reduce time:  0.08717083930969238

---------- degree  tensor(10)
get ready time :  0.00019216537475585938
----------- core.py torch.sort() replace to OrderedDict time:  0.08345818519592285
step:  13
bucketing time:  0.08412337303161621
----NodeBatch generation time:  0.00208282470703125
----Frame generation time:  1.8358230590820312e-05
---- merge nodes time:  0.00016164779663085938
invoke_udf_reduce time:  0.08671951293945312

---------- degree  tensor(10)
get ready time :  0.00019121170043945312
----------- core.py torch.sort() replace to OrderedDict time:  0.08377933502197266
step:  14
bucketing time:  0.08444094657897949
----NodeBatch generation time:  0.002105236053466797
----Frame generation time:  1.9550323486328125e-05
---- merge nodes time:  0.00016117095947265625
invoke_udf_reduce time:  0.08706188201904297

---------- degree  tensor(10)
get ready time :  0.00018930435180664062
----------- core.py torch.sort() replace to OrderedDict time:  0.08437728881835938
step:  15
bucketing time:  0.0850379467010498
----NodeBatch generation time:  0.002092599868774414
----Frame generation time:  1.8835067749023438e-05
---- merge nodes time:  0.00016689300537109375
invoke_udf_reduce time:  0.0876455307006836
split  buckets total input  1849899
preparing time:  0.1486055850982666
model forward time :  1.4152772426605225
model forward time + loss calculation time:  1.417022705078125
loss backward time:  0.06586933135986328
-------------------------------------------------------------------------------loss_sum  :  tensor(8.4548)

pure train time 1.6271517276763916
full batch graph loading time:  0.045633792877197266
group buckets input  848411

---------- degree  tensor([ 1,  2,  3,  4,  5,  6,  7,  8,  9, 10], device='cuda:0',
       dtype=torch.int32)
get ready time :  0.00020766258239746094
----------- core.py torch.sort() replace to OrderedDict time:  0.09442448616027832
bucketing time:  0.09564495086669922
----NodeBatch generation time:  0.018645763397216797
----Frame generation time:  1.9788742065429688e-05
---- merge nodes time:  0.00017333030700683594
invoke_udf_reduce time:  0.12018728256225586
preparing time:  1.129408597946167
model forward time:  0.12128424644470215
loss calculation time:  5.984306335449219e-05
partial loss calculation time:  0.07210540771484375
loss backward time:  0.018807172775268555

---------- degree  tensor(10)
get ready time :  0.0001614093780517578
----------- core.py torch.sort() replace to OrderedDict time:  0.09667015075683594
step:  0
bucketing time:  0.0973210334777832
----NodeBatch generation time:  0.002110719680786133
----Frame generation time:  1.7404556274414062e-05
---- merge nodes time:  0.00016498565673828125
invoke_udf_reduce time:  0.09989595413208008

---------- degree  tensor(10)
get ready time :  0.00018906593322753906
----------- core.py torch.sort() replace to OrderedDict time:  0.08328819274902344
step:  1
bucketing time:  0.08388042449951172
----NodeBatch generation time:  0.0020787715911865234
----Frame generation time:  1.71661376953125e-05
---- merge nodes time:  0.00017380714416503906
invoke_udf_reduce time:  0.08648109436035156

---------- degree  tensor(10)
get ready time :  0.00018715858459472656
----------- core.py torch.sort() replace to OrderedDict time:  0.08272337913513184
step:  2
bucketing time:  0.08331751823425293
----NodeBatch generation time:  0.002141714096069336
----Frame generation time:  1.8358230590820312e-05
---- merge nodes time:  0.00016045570373535156
invoke_udf_reduce time:  0.0859677791595459

---------- degree  tensor(10)
get ready time :  0.0001914501190185547
----------- core.py torch.sort() replace to OrderedDict time:  0.08277487754821777
step:  3
bucketing time:  0.08337092399597168
----NodeBatch generation time:  0.00212860107421875
----Frame generation time:  1.7642974853515625e-05
---- merge nodes time:  0.0001735687255859375
invoke_udf_reduce time:  0.08602356910705566

---------- degree  tensor(10)
get ready time :  0.00020503997802734375
----------- core.py torch.sort() replace to OrderedDict time:  0.08271169662475586
step:  4
bucketing time:  0.08330440521240234
----NodeBatch generation time:  0.0020787715911865234
----Frame generation time:  1.8835067749023438e-05
---- merge nodes time:  0.00015878677368164062
invoke_udf_reduce time:  0.0859060287475586

---------- degree  tensor(10)
get ready time :  0.0001900196075439453
----------- core.py torch.sort() replace to OrderedDict time:  0.08268857002258301
step:  5
bucketing time:  0.08329367637634277
----NodeBatch generation time:  0.002140045166015625
----Frame generation time:  1.8596649169921875e-05
---- merge nodes time:  0.00015974044799804688
invoke_udf_reduce time:  0.08594131469726562

---------- degree  tensor(10)
get ready time :  0.00019288063049316406
----------- core.py torch.sort() replace to OrderedDict time:  0.0830390453338623
step:  6
bucketing time:  0.08364486694335938
----NodeBatch generation time:  0.0021555423736572266
----Frame generation time:  1.811981201171875e-05
---- merge nodes time:  0.00016045570373535156
invoke_udf_reduce time:  0.08631205558776855

---------- degree  tensor(10)
get ready time :  0.00019097328186035156
----------- core.py torch.sort() replace to OrderedDict time:  0.08334827423095703
step:  7
bucketing time:  0.08394479751586914
----NodeBatch generation time:  0.0021431446075439453
----Frame generation time:  1.8596649169921875e-05
---- merge nodes time:  0.00015735626220703125
invoke_udf_reduce time:  0.0865938663482666

---------- degree  tensor(10)
get ready time :  0.00018978118896484375
----------- core.py torch.sort() replace to OrderedDict time:  0.08301782608032227
step:  8
bucketing time:  0.08361268043518066
----NodeBatch generation time:  0.0021305084228515625
----Frame generation time:  1.71661376953125e-05
---- merge nodes time:  0.00016188621520996094
invoke_udf_reduce time:  0.08625388145446777

---------- degree  tensor(10)
get ready time :  0.00018835067749023438
----------- core.py torch.sort() replace to OrderedDict time:  0.0835411548614502
step:  9
bucketing time:  0.0841374397277832
----NodeBatch generation time:  0.0021448135375976562
----Frame generation time:  1.8358230590820312e-05
---- merge nodes time:  0.00016188621520996094
invoke_udf_reduce time:  0.0867910385131836

---------- degree  tensor(10)
get ready time :  0.0001952648162841797
----------- core.py torch.sort() replace to OrderedDict time:  0.08335423469543457
step:  10
bucketing time:  0.08395028114318848
----NodeBatch generation time:  0.0021483898162841797
----Frame generation time:  1.8358230590820312e-05
---- merge nodes time:  0.00016188621520996094
invoke_udf_reduce time:  0.08661580085754395

---------- degree  tensor(10)
get ready time :  0.0001900196075439453
----------- core.py torch.sort() replace to OrderedDict time:  0.0839698314666748
step:  11
bucketing time:  0.08463931083679199
----NodeBatch generation time:  0.00215911865234375
----Frame generation time:  1.811981201171875e-05
---- merge nodes time:  0.00016260147094726562
invoke_udf_reduce time:  0.08730959892272949

---------- degree  tensor(10)
get ready time :  0.00019860267639160156
----------- core.py torch.sort() replace to OrderedDict time:  0.08444809913635254
step:  12
bucketing time:  0.08510828018188477
----NodeBatch generation time:  0.0021371841430664062
----Frame generation time:  1.7881393432617188e-05
---- merge nodes time:  0.0001633167266845703
invoke_udf_reduce time:  0.08776688575744629

---------- degree  tensor(10)
get ready time :  0.00018978118896484375
----------- core.py torch.sort() replace to OrderedDict time:  0.08892369270324707
step:  13
bucketing time:  0.08959150314331055
----NodeBatch generation time:  0.0021657943725585938
----Frame generation time:  1.7404556274414062e-05
---- merge nodes time:  0.0001595020294189453
invoke_udf_reduce time:  0.09226489067077637

---------- degree  tensor(10)
get ready time :  0.00018930435180664062
----------- core.py torch.sort() replace to OrderedDict time:  0.08415603637695312
step:  14
bucketing time:  0.08481740951538086
----NodeBatch generation time:  0.0021371841430664062
----Frame generation time:  1.71661376953125e-05
---- merge nodes time:  0.00016045570373535156
invoke_udf_reduce time:  0.0880887508392334

---------- degree  tensor(10)
get ready time :  0.0001900196075439453
----------- core.py torch.sort() replace to OrderedDict time:  0.08391523361206055
step:  15
bucketing time:  0.08458733558654785
----NodeBatch generation time:  0.0020856857299804688
----Frame generation time:  1.7404556274414062e-05
---- merge nodes time:  0.00015974044799804688
invoke_udf_reduce time:  0.08719730377197266
split  buckets total input  1849877
preparing time:  0.15952730178833008
model forward time :  1.4205622673034668
model forward time + loss calculation time:  1.4222512245178223
loss backward time:  0.05976271629333496
-------------------------------------------------------------------------------loss_sum  :  tensor(8.3127)

pure train time 1.6221652030944824

avg epoch time:  4.62110389981951
avg pure train time:  1.6293706553322929
avg block subtensor loading time:  0.14330240658351354
avg preparing time:  0.1926875114440918
avg block to device time:  0.019667421068464006
avg grouping time:  1.2794671399252755
avg splitting time:  2.9168664727892195
avg optimizing time:  0.0011176381792340959

avg input nodes number :  2698541.8571428573
avg real block input nodes number :  848217.2857142857
avg input nodes number/pure train time :  1656186.6069648336
avg input nodes number/avg epoch time :  583960.4379482262
