main start at this time 1673148278.7411554
-----------------------------------------before load data 
 Nvidia-smi: 0.166015625 GB
    Memory Allocated: 0.0  GigaBytes
Max Memory Allocated: 0.0  GigaBytes

#nodes: 2449029
#edges: 123718024
#classes: 47
success----------------------------------------
196571
39255
2164782
# Nodes: 2400608
# Edges: 123718024
# Train: 196571
# Val: 39255
# Test: 2164782
# Classes: 47

----------------------------------------start of run function 
 Nvidia-smi: 0.166015625 GB
    Memory Allocated: 0.0  GigaBytes
Max Memory Allocated: 0.0  GigaBytes

in feats:  100
group buckets input  848910

---------- degree  tensor([ 1,  2,  3,  4,  5,  6,  7,  8,  9, 10], device='cuda:0',
       dtype=torch.int32)
get ready time :  0.0002543926239013672
----------- core.py torch.sort() replace to OrderedDict time:  0.09034895896911621
bucketing time:  0.0917661190032959
invoke_udf_reduce time:  0.14849209785461426
preparing time:  1.3300731182098389
model forward time:  0.15135812759399414
loss calculation time:  0.0001537799835205078
partial loss calculation time:  0.0536649227142334
loss backward time:  0.02369070053100586

---------- degree  tensor(10)
get ready time :  0.00016760826110839844
----------- core.py torch.sort() replace to OrderedDict time:  0.08166623115539551
step:  0
bucketing time:  0.08229923248291016
invoke_udf_reduce time:  0.08899283409118652

---------- degree  tensor(10)
get ready time :  0.00020384788513183594
----------- core.py torch.sort() replace to OrderedDict time:  0.0823976993560791
step:  1
bucketing time:  0.08300352096557617
invoke_udf_reduce time:  0.08987951278686523
split  buckets total input  1150811
preparing time:  0.12600946426391602
model forward time :  0.18076372146606445
model forward time + loss calculation time:  0.1809840202331543
loss backward time:  0.010344982147216797
-------------------------------------------------------------------------------loss_sum  :  tensor(9.4887)

group buckets input  848027

---------- degree  tensor([ 1,  2,  3,  4,  5,  6,  7,  8,  9, 10], device='cuda:0',
       dtype=torch.int32)
get ready time :  0.00022530555725097656
----------- core.py torch.sort() replace to OrderedDict time:  0.08263826370239258
bucketing time:  0.08388447761535645
invoke_udf_reduce time:  0.11070990562438965
preparing time:  1.1289992332458496
model forward time:  0.11193227767944336
loss calculation time:  6.365776062011719e-05
partial loss calculation time:  0.07082748413085938
loss backward time:  0.018752098083496094

---------- degree  tensor(10)
get ready time :  0.0001704692840576172
----------- core.py torch.sort() replace to OrderedDict time:  0.08163261413574219
step:  0
bucketing time:  0.08230757713317871
invoke_udf_reduce time:  0.08915233612060547

---------- degree  tensor(10)
get ready time :  0.0002002716064453125
----------- core.py torch.sort() replace to OrderedDict time:  0.08259439468383789
step:  1
bucketing time:  0.08320212364196777
invoke_udf_reduce time:  0.09003877639770508
split  buckets total input  1149322
preparing time:  0.12764978408813477
model forward time :  0.18110418319702148
model forward time + loss calculation time:  0.18129730224609375
loss backward time:  0.010229825973510742
-------------------------------------------------------------------------------loss_sum  :  tensor(9.3609)

group buckets input  848038

---------- degree  tensor([ 1,  2,  3,  4,  5,  6,  7,  8,  9, 10], device='cuda:0',
       dtype=torch.int32)
get ready time :  0.00021982192993164062
----------- core.py torch.sort() replace to OrderedDict time:  0.09002685546875
bucketing time:  0.09127044677734375
invoke_udf_reduce time:  0.11589980125427246
preparing time:  1.138364553451538
model forward time:  0.11706304550170898
loss calculation time:  6.556510925292969e-05
partial loss calculation time:  0.07215690612792969
loss backward time:  0.01847696304321289

---------- degree  tensor(10)
get ready time :  0.0001671314239501953
----------- core.py torch.sort() replace to OrderedDict time:  0.08157014846801758
step:  0
bucketing time:  0.08223891258239746
invoke_udf_reduce time:  0.09016013145446777

---------- degree  tensor(10)
get ready time :  0.00019478797912597656
----------- core.py torch.sort() replace to OrderedDict time:  0.082855224609375
step:  1
bucketing time:  0.08347344398498535
invoke_udf_reduce time:  0.09039831161499023
split  buckets total input  1149761
preparing time:  0.13173151016235352
model forward time :  0.18248414993286133
model forward time + loss calculation time:  0.18268251419067383
loss backward time:  0.010174036026000977
-------------------------------------------------------------------------------loss_sum  :  tensor(9.2344)

full batch graph loading time:  0.052965641021728516
group buckets input  848349

---------- degree  tensor([ 1,  2,  3,  4,  5,  6,  7,  8,  9, 10], device='cuda:0',
       dtype=torch.int32)
get ready time :  0.00021958351135253906
----------- core.py torch.sort() replace to OrderedDict time:  0.09092378616333008
bucketing time:  0.09216618537902832
invoke_udf_reduce time:  0.11700248718261719
preparing time:  1.1172230243682861
model forward time:  0.11817646026611328
loss calculation time:  6.794929504394531e-05
partial loss calculation time:  0.07231640815734863
loss backward time:  0.01812887191772461

---------- degree  tensor(10)
get ready time :  0.0001697540283203125
----------- core.py torch.sort() replace to OrderedDict time:  0.08079123497009277
step:  0
bucketing time:  0.08141803741455078
invoke_udf_reduce time:  0.08830690383911133

---------- degree  tensor(10)
get ready time :  0.0002033710479736328
----------- core.py torch.sort() replace to OrderedDict time:  0.08312773704528809
step:  1
bucketing time:  0.08372664451599121
invoke_udf_reduce time:  0.09068703651428223
split  buckets total input  1150192
preparing time:  0.12066960334777832
model forward time :  0.18088173866271973
model forward time + loss calculation time:  0.18107843399047852
loss backward time:  0.01009511947631836
-------------------------------------------------------------------------------loss_sum  :  tensor(9.1061)

pure train time 0.3275468349456787
full batch graph loading time:  0.04268789291381836
group buckets input  848190

---------- degree  tensor([ 1,  2,  3,  4,  5,  6,  7,  8,  9, 10], device='cuda:0',
       dtype=torch.int32)
get ready time :  0.0002548694610595703
----------- core.py torch.sort() replace to OrderedDict time:  0.08527398109436035
bucketing time:  0.08656978607177734
invoke_udf_reduce time:  0.1114037036895752
preparing time:  1.1316931247711182
model forward time:  0.11329054832458496
loss calculation time:  0.00011920928955078125
partial loss calculation time:  0.07218003273010254
loss backward time:  0.019263744354248047

---------- degree  tensor(10)
get ready time :  0.00019049644470214844
----------- core.py torch.sort() replace to OrderedDict time:  0.08228325843811035
step:  0
bucketing time:  0.08295822143554688
invoke_udf_reduce time:  0.08993363380432129

---------- degree  tensor(10)
get ready time :  0.0001952648162841797
----------- core.py torch.sort() replace to OrderedDict time:  0.08519625663757324
step:  1
bucketing time:  0.08581900596618652
invoke_udf_reduce time:  0.09275436401367188
split  buckets total input  1149730
preparing time:  0.12410259246826172
model forward time :  0.1848287582397461
model forward time + loss calculation time:  0.185042142868042
loss backward time:  0.010460138320922852
-------------------------------------------------------------------------------loss_sum  :  tensor(8.9802)

pure train time 0.32817578315734863
full batch graph loading time:  0.04455995559692383
group buckets input  848325

---------- degree  tensor([ 1,  2,  3,  4,  5,  6,  7,  8,  9, 10], device='cuda:0',
       dtype=torch.int32)
get ready time :  0.00023102760314941406
----------- core.py torch.sort() replace to OrderedDict time:  0.09296989440917969
bucketing time:  0.09421992301940918
invoke_udf_reduce time:  0.11882972717285156
preparing time:  1.1216864585876465
model forward time:  0.12001180648803711
loss calculation time:  6.771087646484375e-05
partial loss calculation time:  0.0722963809967041
loss backward time:  0.019641637802124023

---------- degree  tensor(10)
get ready time :  0.00016999244689941406
----------- core.py torch.sort() replace to OrderedDict time:  0.08310270309448242
step:  0
bucketing time:  0.08372044563293457
invoke_udf_reduce time:  0.09059929847717285

---------- degree  tensor(10)
get ready time :  0.0001971721649169922
----------- core.py torch.sort() replace to OrderedDict time:  0.085113525390625
step:  1
bucketing time:  0.08572125434875488
invoke_udf_reduce time:  0.09268951416015625
split  buckets total input  1150505
preparing time:  0.12632060050964355
model forward time :  0.18518781661987305
model forward time + loss calculation time:  0.18538308143615723
loss backward time:  0.010309457778930664
-------------------------------------------------------------------------------loss_sum  :  tensor(8.8516)

pure train time 0.33541369438171387
full batch graph loading time:  0.03815603256225586
group buckets input  847553

---------- degree  tensor([ 1,  2,  3,  4,  5,  6,  7,  8,  9, 10], device='cuda:0',
       dtype=torch.int32)
get ready time :  0.0002231597900390625
----------- core.py torch.sort() replace to OrderedDict time:  0.09361004829406738
bucketing time:  0.0948331356048584
invoke_udf_reduce time:  0.11929583549499512
preparing time:  1.1128008365631104
model forward time:  0.12046384811401367
loss calculation time:  6.604194641113281e-05
partial loss calculation time:  0.07219815254211426
loss backward time:  0.018316030502319336

---------- degree  tensor(10)
get ready time :  0.0001690387725830078
----------- core.py torch.sort() replace to OrderedDict time:  0.08342933654785156
step:  0
bucketing time:  0.0841059684753418
invoke_udf_reduce time:  0.09091567993164062

---------- degree  tensor(10)
get ready time :  0.00022792816162109375
----------- core.py torch.sort() replace to OrderedDict time:  0.08589887619018555
step:  1
bucketing time:  0.08650970458984375
invoke_udf_reduce time:  0.09347939491271973
split  buckets total input  1149194
preparing time:  0.12978339195251465
model forward time :  0.1863088607788086
model forward time + loss calculation time:  0.18651032447814941
loss backward time:  0.010136604309082031
-------------------------------------------------------------------------------loss_sum  :  tensor(8.7211)

pure train time 0.3354928493499756
full batch graph loading time:  0.04130268096923828
group buckets input  848583

---------- degree  tensor([ 1,  2,  3,  4,  5,  6,  7,  8,  9, 10], device='cuda:0',
       dtype=torch.int32)
get ready time :  0.00022101402282714844
----------- core.py torch.sort() replace to OrderedDict time:  0.08754301071166992
bucketing time:  0.08878445625305176
invoke_udf_reduce time:  0.11339068412780762
preparing time:  1.1234426498413086
model forward time:  0.11457324028015137
loss calculation time:  6.937980651855469e-05
partial loss calculation time:  0.0720679759979248
loss backward time:  0.019303560256958008

---------- degree  tensor(10)
get ready time :  0.00017213821411132812
----------- core.py torch.sort() replace to OrderedDict time:  0.08405518531799316
step:  0
bucketing time:  0.0846567153930664
invoke_udf_reduce time:  0.09136104583740234

---------- degree  tensor(10)
get ready time :  0.000202178955078125
----------- core.py torch.sort() replace to OrderedDict time:  0.08596062660217285
step:  1
bucketing time:  0.0865778923034668
invoke_udf_reduce time:  0.09331440925598145
split  buckets total input  1150100
preparing time:  0.1256697177886963
model forward time :  0.18657779693603516
model forward time + loss calculation time:  0.18677377700805664
loss backward time:  0.010252952575683594
-------------------------------------------------------------------------------loss_sum  :  tensor(8.5887)

pure train time 0.33097290992736816
full batch graph loading time:  0.06150364875793457
group buckets input  848110

---------- degree  tensor([ 1,  2,  3,  4,  5,  6,  7,  8,  9, 10], device='cuda:0',
       dtype=torch.int32)
get ready time :  0.00023555755615234375
----------- core.py torch.sort() replace to OrderedDict time:  0.09495830535888672
bucketing time:  0.09618735313415527
invoke_udf_reduce time:  0.12031936645507812
preparing time:  1.116281509399414
model forward time:  0.12150859832763672
loss calculation time:  6.556510925292969e-05
partial loss calculation time:  0.07227683067321777
loss backward time:  0.020066499710083008

---------- degree  tensor(10)
get ready time :  0.0001678466796875
----------- core.py torch.sort() replace to OrderedDict time:  0.08438658714294434
step:  0
bucketing time:  0.08500814437866211
invoke_udf_reduce time:  0.09171390533447266

---------- degree  tensor(10)
get ready time :  0.00019598007202148438
----------- core.py torch.sort() replace to OrderedDict time:  0.0887613296508789
step:  1
bucketing time:  0.08936595916748047
invoke_udf_reduce time:  0.09619688987731934
split  buckets total input  1149574
preparing time:  0.12668204307556152
model forward time :  0.18983960151672363
model forward time + loss calculation time:  0.19004082679748535
loss backward time:  0.010333061218261719
-------------------------------------------------------------------------------loss_sum  :  tensor(8.4548)

pure train time 0.3420145511627197
full batch graph loading time:  0.0634453296661377
group buckets input  848411

---------- degree  tensor([ 1,  2,  3,  4,  5,  6,  7,  8,  9, 10], device='cuda:0',
       dtype=torch.int32)
get ready time :  0.010611772537231445
----------- core.py torch.sort() replace to OrderedDict time:  0.09941768646240234
bucketing time:  0.10069060325622559
invoke_udf_reduce time:  0.13071632385253906
preparing time:  1.1141314506530762
model forward time:  0.1318972110748291
loss calculation time:  6.67572021484375e-05
partial loss calculation time:  0.07226777076721191
loss backward time:  0.02007770538330078

---------- degree  tensor(10)
get ready time :  0.0001647472381591797
----------- core.py torch.sort() replace to OrderedDict time:  0.08502006530761719
step:  0
bucketing time:  0.08562636375427246
invoke_udf_reduce time:  0.09317159652709961

---------- degree  tensor(10)
get ready time :  0.00020170211791992188
----------- core.py torch.sort() replace to OrderedDict time:  0.08734965324401855
step:  1
bucketing time:  0.08794975280761719
invoke_udf_reduce time:  0.09489631652832031
split  buckets total input  1149666
preparing time:  0.12611126899719238
model forward time :  0.18993687629699707
model forward time + loss calculation time:  0.19013667106628418
loss backward time:  0.01009511947631836
-------------------------------------------------------------------------------loss_sum  :  tensor(8.3127)

pure train time 0.35227346420288086

avg epoch time:  3.1740214824676514
avg pure train time:  0.3359842981610979
avg block subtensor loading time:  0.13162711688450404
avg preparing time:  0.1827706950051444
avg block to device time:  0.01633906364440918
avg grouping time:  1.2658452987670898
avg splitting time:  1.5139703750610352
avg optimizing time:  0.0011225087302071707

avg input nodes number :  1998068.857142857
avg real block input nodes number :  848217.2857142857
avg input nodes number/pure train time :  5946911.412463752
avg input nodes number/avg epoch time :  629507.0364770981
