main start at this time 1673148720.5275254
-----------------------------------------before load data 
 Nvidia-smi: 0.166015625 GB
    Memory Allocated: 0.0  GigaBytes
Max Memory Allocated: 0.0  GigaBytes

#nodes: 2449029
#edges: 123718024
#classes: 47
success----------------------------------------
196571
39255
2164782
# Nodes: 2400608
# Edges: 123718024
# Train: 196571
# Val: 39255
# Test: 2164782
# Classes: 47

----------------------------------------start of run function 
 Nvidia-smi: 0.166015625 GB
    Memory Allocated: 0.0  GigaBytes
Max Memory Allocated: 0.0  GigaBytes

in feats:  100
group buckets input  848910

---------- degree  tensor([ 1,  2,  3,  4,  5,  6,  7,  8,  9, 10], device='cuda:0',
       dtype=torch.int32)
get ready time :  0.00025844573974609375
----------- core.py torch.sort() replace to OrderedDict time:  0.08923745155334473
bucketing time:  0.09059762954711914
----NodeBatch generation time:  0.050479888916015625
----Frame generation time:  2.0742416381835938e-05
---- merge nodes time:  0.00020432472229003906
invoke_udf_reduce time:  0.1469118595123291
preparing time:  1.3064727783203125
model forward time:  0.1498255729675293
loss calculation time:  0.0001354217529296875
partial loss calculation time:  0.054141998291015625
loss backward time:  0.022761106491088867

---------- degree  tensor(10)
get ready time :  0.00015974044799804688
----------- core.py torch.sort() replace to OrderedDict time:  0.08063292503356934
step:  0
bucketing time:  0.08124613761901855
----NodeBatch generation time:  0.0038340091705322266
----Frame generation time:  1.7881393432617188e-05
---- merge nodes time:  0.00015878677368164062
invoke_udf_reduce time:  0.08554244041442871

---------- degree  tensor(10)
get ready time :  0.00019311904907226562
----------- core.py torch.sort() replace to OrderedDict time:  0.08579373359680176
step:  1
bucketing time:  0.08640003204345703
----NodeBatch generation time:  0.0038008689880371094
----Frame generation time:  1.9311904907226562e-05
---- merge nodes time:  0.00016260147094726562
invoke_udf_reduce time:  0.09071969985961914

---------- degree  tensor(10)
get ready time :  0.0001926422119140625
----------- core.py torch.sort() replace to OrderedDict time:  0.08235025405883789
step:  2
bucketing time:  0.08292961120605469
----NodeBatch generation time:  0.0038537979125976562
----Frame generation time:  1.9311904907226562e-05
---- merge nodes time:  0.00016498565673828125
invoke_udf_reduce time:  0.08729958534240723

---------- degree  tensor(10)
get ready time :  0.0001888275146484375
----------- core.py torch.sort() replace to OrderedDict time:  0.08270955085754395
step:  3
bucketing time:  0.08328962326049805
----NodeBatch generation time:  0.00384521484375
----Frame generation time:  1.8596649169921875e-05
---- merge nodes time:  0.000164031982421875
invoke_udf_reduce time:  0.08765077590942383
split  buckets total input  1442210
preparing time:  0.13096141815185547
model forward time :  0.35489702224731445
model forward time + loss calculation time:  0.3553178310394287
loss backward time:  0.01960301399230957
-------------------------------------------------------------------------------loss_sum  :  tensor(9.4887)

group buckets input  848027

---------- degree  tensor([ 1,  2,  3,  4,  5,  6,  7,  8,  9, 10], device='cuda:0',
       dtype=torch.int32)
get ready time :  0.0002155303955078125
----------- core.py torch.sort() replace to OrderedDict time:  0.09051346778869629
bucketing time:  0.09172582626342773
----NodeBatch generation time:  0.019579648971557617
----Frame generation time:  2.0742416381835938e-05
---- merge nodes time:  0.00016641616821289062
invoke_udf_reduce time:  0.11717844009399414
preparing time:  1.1052641868591309
model forward time:  0.11828041076660156
loss calculation time:  5.340576171875e-05
partial loss calculation time:  0.07120227813720703
loss backward time:  0.02016282081604004

---------- degree  tensor(10)
get ready time :  0.00016117095947265625
----------- core.py torch.sort() replace to OrderedDict time:  0.08138775825500488
step:  0
bucketing time:  0.08199071884155273
----NodeBatch generation time:  0.003914594650268555
----Frame generation time:  1.8358230590820312e-05
---- merge nodes time:  0.00017118453979492188
invoke_udf_reduce time:  0.08637738227844238

---------- degree  tensor(10)
get ready time :  0.00019073486328125
----------- core.py torch.sort() replace to OrderedDict time:  0.08314132690429688
step:  1
bucketing time:  0.08374285697937012
----NodeBatch generation time:  0.004018306732177734
----Frame generation time:  1.8358230590820312e-05
---- merge nodes time:  0.00016450881958007812
invoke_udf_reduce time:  0.08827853202819824

---------- degree  tensor(10)
get ready time :  0.00019049644470214844
----------- core.py torch.sort() replace to OrderedDict time:  0.08313488960266113
step:  2
bucketing time:  0.0837247371673584
----NodeBatch generation time:  0.003907680511474609
----Frame generation time:  1.8835067749023438e-05
---- merge nodes time:  0.000164031982421875
invoke_udf_reduce time:  0.0881495475769043

---------- degree  tensor(10)
get ready time :  0.00018453598022460938
----------- core.py torch.sort() replace to OrderedDict time:  0.08346199989318848
step:  3
bucketing time:  0.08405494689941406
----NodeBatch generation time:  0.0038459300994873047
----Frame generation time:  1.7404556274414062e-05
---- merge nodes time:  0.0001609325408935547
invoke_udf_reduce time:  0.08840489387512207
split  buckets total input  1440934
preparing time:  0.12995529174804688
model forward time :  0.35494303703308105
model forward time + loss calculation time:  0.3553643226623535
loss backward time:  0.022014141082763672
-------------------------------------------------------------------------------loss_sum  :  tensor(9.3609)

group buckets input  848038

---------- degree  tensor([ 1,  2,  3,  4,  5,  6,  7,  8,  9, 10], device='cuda:0',
       dtype=torch.int32)
get ready time :  0.00020074844360351562
----------- core.py torch.sort() replace to OrderedDict time:  0.08956456184387207
bucketing time:  0.09080743789672852
----NodeBatch generation time:  0.01841259002685547
----Frame generation time:  2.09808349609375e-05
---- merge nodes time:  0.0001633167266845703
invoke_udf_reduce time:  0.11510157585144043
preparing time:  1.1031572818756104
model forward time:  0.11618995666503906
loss calculation time:  6.437301635742188e-05
partial loss calculation time:  0.0723717212677002
loss backward time:  0.018347501754760742

---------- degree  tensor(10)
get ready time :  0.0001583099365234375
----------- core.py torch.sort() replace to OrderedDict time:  0.08068513870239258
step:  0
bucketing time:  0.08133149147033691
----NodeBatch generation time:  0.0036420822143554688
----Frame generation time:  1.7404556274414062e-05
---- merge nodes time:  0.00016355514526367188
invoke_udf_reduce time:  0.08543658256530762

---------- degree  tensor(10)
get ready time :  0.0001881122589111328
----------- core.py torch.sort() replace to OrderedDict time:  0.08250117301940918
step:  1
bucketing time:  0.08308720588684082
----NodeBatch generation time:  0.003711223602294922
----Frame generation time:  1.6450881958007812e-05
---- merge nodes time:  0.00016260147094726562
invoke_udf_reduce time:  0.08730578422546387

---------- degree  tensor(10)
get ready time :  0.00018835067749023438
----------- core.py torch.sort() replace to OrderedDict time:  0.08262872695922852
step:  2
bucketing time:  0.08323860168457031
----NodeBatch generation time:  0.0036809444427490234
----Frame generation time:  1.7404556274414062e-05
---- merge nodes time:  0.00016880035400390625
invoke_udf_reduce time:  0.08743882179260254

---------- degree  tensor(10)
get ready time :  0.0001926422119140625
----------- core.py torch.sort() replace to OrderedDict time:  0.08335375785827637
step:  3
bucketing time:  0.08394122123718262
----NodeBatch generation time:  0.0036580562591552734
----Frame generation time:  1.7642974853515625e-05
---- merge nodes time:  0.0001621246337890625
invoke_udf_reduce time:  0.08811068534851074
split  buckets total input  1441351
preparing time:  0.1331343650817871
model forward time :  0.3519723415374756
model forward time + loss calculation time:  0.3523993492126465
loss backward time:  0.019956111907958984
-------------------------------------------------------------------------------loss_sum  :  tensor(9.2344)

full batch graph loading time:  0.06600284576416016
group buckets input  848349

---------- degree  tensor([ 1,  2,  3,  4,  5,  6,  7,  8,  9, 10], device='cuda:0',
       dtype=torch.int32)
get ready time :  0.00023555755615234375
----------- core.py torch.sort() replace to OrderedDict time:  0.09108853340148926
bucketing time:  0.09233379364013672
----NodeBatch generation time:  0.018039226531982422
----Frame generation time:  2.0742416381835938e-05
---- merge nodes time:  0.00017642974853515625
invoke_udf_reduce time:  0.11625146865844727
preparing time:  1.0983147621154785
model forward time:  0.11735916137695312
loss calculation time:  5.435943603515625e-05
partial loss calculation time:  0.07217097282409668
loss backward time:  0.01870131492614746

---------- degree  tensor(10)
get ready time :  0.00015878677368164062
----------- core.py torch.sort() replace to OrderedDict time:  0.08220338821411133
step:  0
bucketing time:  0.08281493186950684
----NodeBatch generation time:  0.0044269561767578125
----Frame generation time:  1.8596649169921875e-05
---- merge nodes time:  0.00016427040100097656
invoke_udf_reduce time:  0.08770561218261719

---------- degree  tensor(10)
get ready time :  0.00020051002502441406
----------- core.py torch.sort() replace to OrderedDict time:  0.08437967300415039
step:  1
bucketing time:  0.08497476577758789
----NodeBatch generation time:  0.004029035568237305
----Frame generation time:  1.9311904907226562e-05
---- merge nodes time:  0.00017309188842773438
invoke_udf_reduce time:  0.08954572677612305

---------- degree  tensor(10)
get ready time :  0.00019121170043945312
----------- core.py torch.sort() replace to OrderedDict time:  0.0839841365814209
step:  2
bucketing time:  0.0845789909362793
----NodeBatch generation time:  0.0039250850677490234
----Frame generation time:  1.7642974853515625e-05
---- merge nodes time:  0.0001728534698486328
invoke_udf_reduce time:  0.08903074264526367

---------- degree  tensor(10)
get ready time :  0.0001876354217529297
----------- core.py torch.sort() replace to OrderedDict time:  0.0874643325805664
step:  3
bucketing time:  0.08805012702941895
----NodeBatch generation time:  0.004060029983520508
----Frame generation time:  2.9087066650390625e-05
---- merge nodes time:  0.0001671314239501953
invoke_udf_reduce time:  0.0926363468170166
split  buckets total input  1441871
preparing time:  0.13731980323791504
model forward time :  0.3626430034637451
model forward time + loss calculation time:  0.36309099197387695
loss backward time:  0.020067691802978516
-------------------------------------------------------------------------------loss_sum  :  tensor(9.1061)

pure train time 0.5192735195159912
full batch graph loading time:  0.06381011009216309
group buckets input  848190

---------- degree  tensor([ 1,  2,  3,  4,  5,  6,  7,  8,  9, 10], device='cuda:0',
       dtype=torch.int32)
get ready time :  0.0002048015594482422
----------- core.py torch.sort() replace to OrderedDict time:  0.09223794937133789
bucketing time:  0.09343767166137695
----NodeBatch generation time:  0.01810479164123535
----Frame generation time:  1.9073486328125e-05
---- merge nodes time:  0.00015997886657714844
invoke_udf_reduce time:  0.11742544174194336
preparing time:  1.1168816089630127
model forward time:  0.11850690841674805
loss calculation time:  5.507469177246094e-05
partial loss calculation time:  0.07219600677490234
loss backward time:  0.018410682678222656

---------- degree  tensor(10)
get ready time :  0.00016164779663085938
----------- core.py torch.sort() replace to OrderedDict time:  0.08128714561462402
step:  0
bucketing time:  0.0818948745727539
----NodeBatch generation time:  0.003873586654663086
----Frame generation time:  1.7404556274414062e-05
---- merge nodes time:  0.00016379356384277344
invoke_udf_reduce time:  0.08623290061950684

---------- degree  tensor(10)
get ready time :  0.00019216537475585938
----------- core.py torch.sort() replace to OrderedDict time:  0.08361124992370605
step:  1
bucketing time:  0.08420062065124512
----NodeBatch generation time:  0.0038459300994873047
----Frame generation time:  2.002716064453125e-05
---- merge nodes time:  0.0001652240753173828
invoke_udf_reduce time:  0.08856940269470215

---------- degree  tensor(10)
get ready time :  0.00018858909606933594
----------- core.py torch.sort() replace to OrderedDict time:  0.08378434181213379
step:  2
bucketing time:  0.08437585830688477
----NodeBatch generation time:  0.003858327865600586
----Frame generation time:  1.7642974853515625e-05
---- merge nodes time:  0.00016069412231445312
invoke_udf_reduce time:  0.08874154090881348

---------- degree  tensor(10)
get ready time :  0.0001900196075439453
----------- core.py torch.sort() replace to OrderedDict time:  0.08461713790893555
step:  3
bucketing time:  0.08520126342773438
----NodeBatch generation time:  0.0038275718688964844
----Frame generation time:  1.811981201171875e-05
---- merge nodes time:  0.00016379356384277344
invoke_udf_reduce time:  0.08955812454223633
split  buckets total input  1441822
preparing time:  0.12746834754943848
model forward time :  0.3568096160888672
model forward time + loss calculation time:  0.3572392463684082
loss backward time:  0.021893739700317383
-------------------------------------------------------------------------------loss_sum  :  tensor(8.9802)

pure train time 0.5161056518554688
full batch graph loading time:  0.04848790168762207
group buckets input  848325

---------- degree  tensor([ 1,  2,  3,  4,  5,  6,  7,  8,  9, 10], device='cuda:0',
       dtype=torch.int32)
get ready time :  0.00020503997802734375
----------- core.py torch.sort() replace to OrderedDict time:  0.09220767021179199
bucketing time:  0.09343147277832031
----NodeBatch generation time:  0.01836562156677246
----Frame generation time:  2.0742416381835938e-05
---- merge nodes time:  0.00016427040100097656
invoke_udf_reduce time:  0.11767053604125977
preparing time:  1.0955226421356201
model forward time:  0.11875081062316895
loss calculation time:  5.4836273193359375e-05
partial loss calculation time:  0.07222247123718262
loss backward time:  0.019732952117919922

---------- degree  tensor(10)
get ready time :  0.0001628398895263672
----------- core.py torch.sort() replace to OrderedDict time:  0.08281946182250977
step:  0
bucketing time:  0.08340883255004883
----NodeBatch generation time:  0.003985881805419922
----Frame generation time:  1.8358230590820312e-05
---- merge nodes time:  0.0001628398895263672
invoke_udf_reduce time:  0.08786487579345703

---------- degree  tensor(10)
get ready time :  0.00018548965454101562
----------- core.py torch.sort() replace to OrderedDict time:  0.0844414234161377
step:  1
bucketing time:  0.08502650260925293
----NodeBatch generation time:  0.003986835479736328
----Frame generation time:  1.9788742065429688e-05
---- merge nodes time:  0.00016641616821289062
invoke_udf_reduce time:  0.08952832221984863

---------- degree  tensor(10)
get ready time :  0.0001881122589111328
----------- core.py torch.sort() replace to OrderedDict time:  0.08505034446716309
step:  2
bucketing time:  0.08564424514770508
----NodeBatch generation time:  0.003996610641479492
----Frame generation time:  1.9788742065429688e-05
---- merge nodes time:  0.00016355514526367188
invoke_udf_reduce time:  0.09015583992004395

---------- degree  tensor(10)
get ready time :  0.000186920166015625
----------- core.py torch.sort() replace to OrderedDict time:  0.09111714363098145
step:  3
bucketing time:  0.09171247482299805
----NodeBatch generation time:  0.004018545150756836
----Frame generation time:  1.9073486328125e-05
---- merge nodes time:  0.0001647472381591797
invoke_udf_reduce time:  0.09624552726745605
split  buckets total input  1442597
preparing time:  0.13007116317749023
model forward time :  0.36751222610473633
model forward time + loss calculation time:  0.3679361343383789
loss backward time:  0.021997451782226562
-------------------------------------------------------------------------------loss_sum  :  tensor(8.8516)

pure train time 0.5284721851348877
full batch graph loading time:  0.03852105140686035
group buckets input  847553

---------- degree  tensor([ 1,  2,  3,  4,  5,  6,  7,  8,  9, 10], device='cuda:0',
       dtype=torch.int32)
get ready time :  0.0002048015594482422
----------- core.py torch.sort() replace to OrderedDict time:  0.0963284969329834
bucketing time:  0.09753680229187012
----NodeBatch generation time:  0.018673181533813477
----Frame generation time:  2.1219253540039062e-05
---- merge nodes time:  0.00016880035400390625
invoke_udf_reduce time:  0.12210321426391602
preparing time:  1.0979948043823242
model forward time:  0.1231999397277832
loss calculation time:  5.4836273193359375e-05
partial loss calculation time:  0.07223272323608398
loss backward time:  0.018777132034301758

---------- degree  tensor(10)
get ready time :  0.00016307830810546875
----------- core.py torch.sort() replace to OrderedDict time:  0.08364605903625488
step:  0
bucketing time:  0.08423924446105957
----NodeBatch generation time:  0.0037152767181396484
----Frame generation time:  1.7404556274414062e-05
---- merge nodes time:  0.00015974044799804688
invoke_udf_reduce time:  0.08841800689697266

---------- degree  tensor(10)
get ready time :  0.00019788742065429688
----------- core.py torch.sort() replace to OrderedDict time:  0.08549904823303223
step:  1
bucketing time:  0.0860910415649414
----NodeBatch generation time:  0.003833293914794922
----Frame generation time:  1.8358230590820312e-05
---- merge nodes time:  0.00016546249389648438
invoke_udf_reduce time:  0.09045028686523438

---------- degree  tensor(10)
get ready time :  0.00018715858459472656
----------- core.py torch.sort() replace to OrderedDict time:  0.08533549308776855
step:  2
bucketing time:  0.0859229564666748
----NodeBatch generation time:  0.0037212371826171875
----Frame generation time:  1.9550323486328125e-05
---- merge nodes time:  0.0001595020294189453
invoke_udf_reduce time:  0.09015107154846191

---------- degree  tensor(10)
get ready time :  0.00018930435180664062
----------- core.py torch.sort() replace to OrderedDict time:  0.0856626033782959
step:  3
bucketing time:  0.08626151084899902
----NodeBatch generation time:  0.003753662109375
----Frame generation time:  1.8358230590820312e-05
---- merge nodes time:  0.00016427040100097656
invoke_udf_reduce time:  0.09053230285644531
split  buckets total input  1441226
preparing time:  0.13075041770935059
model forward time :  0.3632698059082031
model forward time + loss calculation time:  0.36369991302490234
loss backward time:  0.019926071166992188
-------------------------------------------------------------------------------loss_sum  :  tensor(8.7211)

pure train time 0.5256578922271729
full batch graph loading time:  0.0390772819519043
group buckets input  848583

---------- degree  tensor([ 1,  2,  3,  4,  5,  6,  7,  8,  9, 10], device='cuda:0',
       dtype=torch.int32)
get ready time :  0.00020885467529296875
----------- core.py torch.sort() replace to OrderedDict time:  0.09603142738342285
bucketing time:  0.09735512733459473
----NodeBatch generation time:  0.018759965896606445
----Frame generation time:  2.5033950805664062e-05
---- merge nodes time:  0.00018644332885742188
invoke_udf_reduce time:  0.12201571464538574
preparing time:  1.1041381359100342
model forward time:  0.12326169013977051
loss calculation time:  8.511543273925781e-05
partial loss calculation time:  0.07211637496948242
loss backward time:  0.018291711807250977

---------- degree  tensor(10)
get ready time :  0.000171661376953125
----------- core.py torch.sort() replace to OrderedDict time:  0.0843956470489502
step:  0
bucketing time:  0.08498525619506836
----NodeBatch generation time:  0.0039370059967041016
----Frame generation time:  1.9311904907226562e-05
---- merge nodes time:  0.0001652240753173828
invoke_udf_reduce time:  0.08945727348327637

---------- degree  tensor(10)
get ready time :  0.00019073486328125
----------- core.py torch.sort() replace to OrderedDict time:  0.08601927757263184
step:  1
bucketing time:  0.08660507202148438
----NodeBatch generation time:  0.003814220428466797
----Frame generation time:  1.7404556274414062e-05
---- merge nodes time:  0.00016498565673828125
invoke_udf_reduce time:  0.09093761444091797

---------- degree  tensor(10)
get ready time :  0.0002129077911376953
----------- core.py torch.sort() replace to OrderedDict time:  0.08622169494628906
step:  2
bucketing time:  0.08684682846069336
----NodeBatch generation time:  0.003926753997802734
----Frame generation time:  1.811981201171875e-05
---- merge nodes time:  0.00016808509826660156
invoke_udf_reduce time:  0.0913999080657959

---------- degree  tensor(10)
get ready time :  0.00018906593322753906
----------- core.py torch.sort() replace to OrderedDict time:  0.08689332008361816
step:  3
bucketing time:  0.08750081062316895
----NodeBatch generation time:  0.0038785934448242188
----Frame generation time:  1.9550323486328125e-05
---- merge nodes time:  0.00016379356384277344
invoke_udf_reduce time:  0.09189462661743164
split  buckets total input  1441628
preparing time:  0.13052630424499512
model forward time :  0.367950439453125
model forward time + loss calculation time:  0.36838483810424805
loss backward time:  0.02192091941833496
-------------------------------------------------------------------------------loss_sum  :  tensor(8.5887)

pure train time 0.5319442749023438
full batch graph loading time:  0.03960824012756348
group buckets input  848110

---------- degree  tensor([ 1,  2,  3,  4,  5,  6,  7,  8,  9, 10], device='cuda:0',
       dtype=torch.int32)
get ready time :  0.00023746490478515625
----------- core.py torch.sort() replace to OrderedDict time:  0.09476661682128906
bucketing time:  0.09601497650146484
----NodeBatch generation time:  0.018473148345947266
----Frame generation time:  1.9788742065429688e-05
---- merge nodes time:  0.0001785755157470703
invoke_udf_reduce time:  0.12040209770202637
preparing time:  1.0934414863586426
model forward time:  0.12176871299743652
loss calculation time:  6.365776062011719e-05
partial loss calculation time:  0.07213807106018066
loss backward time:  0.01991748809814453

---------- degree  tensor(10)
get ready time :  0.00016188621520996094
----------- core.py torch.sort() replace to OrderedDict time:  0.08431553840637207
step:  0
bucketing time:  0.08490681648254395
----NodeBatch generation time:  0.003877401351928711
----Frame generation time:  1.8835067749023438e-05
---- merge nodes time:  0.00016236305236816406
invoke_udf_reduce time:  0.0892481803894043

---------- degree  tensor(10)
get ready time :  0.0001888275146484375
----------- core.py torch.sort() replace to OrderedDict time:  0.08606386184692383
step:  1
bucketing time:  0.08666372299194336
----NodeBatch generation time:  0.003747224807739258
----Frame generation time:  1.811981201171875e-05
---- merge nodes time:  0.0001647472381591797
invoke_udf_reduce time:  0.0909264087677002

---------- degree  tensor(10)
get ready time :  0.00019431114196777344
----------- core.py torch.sort() replace to OrderedDict time:  0.08622097969055176
step:  2
bucketing time:  0.08682537078857422
----NodeBatch generation time:  0.003795146942138672
----Frame generation time:  1.7642974853515625e-05
---- merge nodes time:  0.0001590251922607422
invoke_udf_reduce time:  0.09113264083862305

---------- degree  tensor(10)
get ready time :  0.0001881122589111328
----------- core.py torch.sort() replace to OrderedDict time:  0.08692693710327148
step:  3
bucketing time:  0.08751487731933594
----NodeBatch generation time:  0.003864765167236328
----Frame generation time:  1.8358230590820312e-05
---- merge nodes time:  0.0001628398895263672
invoke_udf_reduce time:  0.09189057350158691
split  buckets total input  1441113
preparing time:  0.13008880615234375
model forward time :  0.36690545082092285
model forward time + loss calculation time:  0.36733388900756836
loss backward time:  0.02083301544189453
-------------------------------------------------------------------------------loss_sum  :  tensor(8.4548)

pure train time 0.5299167633056641
full batch graph loading time:  0.0512540340423584
group buckets input  848411

---------- degree  tensor([ 1,  2,  3,  4,  5,  6,  7,  8,  9, 10], device='cuda:0',
       dtype=torch.int32)
get ready time :  0.00020551681518554688
----------- core.py torch.sort() replace to OrderedDict time:  0.0962684154510498
bucketing time:  0.09747505187988281
----NodeBatch generation time:  0.017947912216186523
----Frame generation time:  2.8133392333984375e-05
---- merge nodes time:  0.0001735687255859375
invoke_udf_reduce time:  0.12131142616271973
preparing time:  1.1161773204803467
model forward time:  0.12241101264953613
loss calculation time:  5.4836273193359375e-05
partial loss calculation time:  0.07211947441101074
loss backward time:  0.024028778076171875

---------- degree  tensor(10)
get ready time :  0.00016188621520996094
----------- core.py torch.sort() replace to OrderedDict time:  0.08471560478210449
step:  0
bucketing time:  0.08530902862548828
----NodeBatch generation time:  0.00400090217590332
----Frame generation time:  1.9550323486328125e-05
---- merge nodes time:  0.00016260147094726562
invoke_udf_reduce time:  0.08977627754211426

---------- degree  tensor(10)
get ready time :  0.00019025802612304688
----------- core.py torch.sort() replace to OrderedDict time:  0.08690929412841797
step:  1
bucketing time:  0.0875096321105957
----NodeBatch generation time:  0.004001140594482422
----Frame generation time:  1.9788742065429688e-05
---- merge nodes time:  0.00016808509826660156
invoke_udf_reduce time:  0.09203767776489258

---------- degree  tensor(10)
get ready time :  0.00019359588623046875
----------- core.py torch.sort() replace to OrderedDict time:  0.08621096611022949
step:  2
bucketing time:  0.08681321144104004
----NodeBatch generation time:  0.004026174545288086
----Frame generation time:  1.9311904907226562e-05
---- merge nodes time:  0.00016307830810546875
invoke_udf_reduce time:  0.09136271476745605

---------- degree  tensor(10)
get ready time :  0.0001938343048095703
----------- core.py torch.sort() replace to OrderedDict time:  0.08623409271240234
step:  3
bucketing time:  0.08685111999511719
----NodeBatch generation time:  0.0039823055267333984
----Frame generation time:  2.1219253540039062e-05
---- merge nodes time:  0.00015926361083984375
invoke_udf_reduce time:  0.09134840965270996
split  buckets total input  1441544
preparing time:  0.12736248970031738
model forward time :  0.36821770668029785
model forward time + loss calculation time:  0.368605375289917
loss backward time:  0.019334793090820312
-------------------------------------------------------------------------------loss_sum  :  tensor(8.3127)

pure train time 0.5344347953796387

avg epoch time:  3.4154342242649625
avg pure train time:  0.5265435831887382
avg block subtensor loading time:  0.12737413815089635
avg preparing time:  0.18721413612365723
avg block to device time:  0.016335862023489817
avg grouping time:  1.2498226846967424
avg splitting time:  1.7715613501412528
avg optimizing time:  0.00107816287449428

avg input nodes number :  2289903.1428571427
avg real block input nodes number :  848217.2857142857
avg input nodes number/pure train time :  4348933.7178691495
avg input nodes number/avg epoch time :  670457.397946217
