main start at this time 1673148998.1195717
-----------------------------------------before load data 
 Nvidia-smi: 0.166015625 GB
    Memory Allocated: 0.0  GigaBytes
Max Memory Allocated: 0.0  GigaBytes

#nodes: 2449029
#edges: 123718024
#classes: 47
success----------------------------------------
196571
39255
2164782
# Nodes: 2400608
# Edges: 123718024
# Train: 196571
# Val: 39255
# Test: 2164782
# Classes: 47

----------------------------------------start of run function 
 Nvidia-smi: 0.166015625 GB
    Memory Allocated: 0.0  GigaBytes
Max Memory Allocated: 0.0  GigaBytes

in feats:  100
group buckets input  848910

---------- degree  tensor([ 1,  2,  3,  4,  5,  6,  7,  8,  9, 10], device='cuda:0',
       dtype=torch.int32)
get ready time :  0.0002560615539550781
----------- core.py torch.sort() replace to OrderedDict time:  0.08994317054748535
bucketing time:  0.09136366844177246
----NodeBatch generation time:  0.05034470558166504
----Frame generation time:  2.0503997802734375e-05
---- merge nodes time:  0.00022530555725097656
invoke_udf_reduce time:  0.14755654335021973
preparing time:  1.3202791213989258
model forward time:  0.15051794052124023
loss calculation time:  0.0001728534698486328
partial loss calculation time:  0.05353093147277832
loss backward time:  0.024570703506469727

---------- degree  tensor(10)
get ready time :  0.0001652240753173828
----------- core.py torch.sort() replace to OrderedDict time:  0.08010625839233398
step:  0
bucketing time:  0.0807349681854248
----NodeBatch generation time:  0.0027923583984375
----Frame generation time:  1.811981201171875e-05
---- merge nodes time:  0.0001595020294189453
invoke_udf_reduce time:  0.08400893211364746

---------- degree  tensor(10)
get ready time :  0.0002040863037109375
----------- core.py torch.sort() replace to OrderedDict time:  0.08107876777648926
step:  1
bucketing time:  0.0816812515258789
----NodeBatch generation time:  0.0028247833251953125
----Frame generation time:  1.9550323486328125e-05
---- merge nodes time:  0.00016450881958007812
invoke_udf_reduce time:  0.08505082130432129

---------- degree  tensor(10)
get ready time :  0.0001900196075439453
----------- core.py torch.sort() replace to OrderedDict time:  0.08797311782836914
step:  2
bucketing time:  0.0885932445526123
----NodeBatch generation time:  0.0031588077545166016
----Frame generation time:  1.9073486328125e-05
---- merge nodes time:  0.00016307830810546875
invoke_udf_reduce time:  0.09227776527404785

---------- degree  tensor(10)
get ready time :  0.00019502639770507812
----------- core.py torch.sort() replace to OrderedDict time:  0.08707356452941895
step:  3
bucketing time:  0.087677001953125
----NodeBatch generation time:  0.002671480178833008
----Frame generation time:  1.7404556274414062e-05
---- merge nodes time:  0.00016450881958007812
invoke_udf_reduce time:  0.09088826179504395

---------- degree  tensor(10)
get ready time :  0.00019359588623046875
----------- core.py torch.sort() replace to OrderedDict time:  0.08215451240539551
step:  4
bucketing time:  0.08275723457336426
----NodeBatch generation time:  0.0027151107788085938
----Frame generation time:  2.002716064453125e-05
---- merge nodes time:  0.00016117095947265625
invoke_udf_reduce time:  0.08600354194641113

---------- degree  tensor(10)
get ready time :  0.00019097328186035156
----------- core.py torch.sort() replace to OrderedDict time:  0.0822596549987793
step:  5
bucketing time:  0.08285307884216309
----NodeBatch generation time:  0.0026924610137939453
----Frame generation time:  2.9802322387695312e-05
---- merge nodes time:  0.0001647472381591797
invoke_udf_reduce time:  0.08608198165893555

---------- degree  tensor(10)
get ready time :  0.000194549560546875
----------- core.py torch.sort() replace to OrderedDict time:  0.08528733253479004
step:  6
bucketing time:  0.08589434623718262
----NodeBatch generation time:  0.002816438674926758
----Frame generation time:  1.7404556274414062e-05
---- merge nodes time:  0.00015926361083984375
invoke_udf_reduce time:  0.0892331600189209

---------- degree  tensor(10)
get ready time :  0.00019407272338867188
----------- core.py torch.sort() replace to OrderedDict time:  0.08696794509887695
step:  7
bucketing time:  0.08763599395751953
----NodeBatch generation time:  0.0028214454650878906
----Frame generation time:  1.8835067749023438e-05
---- merge nodes time:  0.0001614093780517578
invoke_udf_reduce time:  0.09097933769226074
split  buckets total input  1679899
preparing time:  0.1421341896057129
model forward time :  0.7123262882232666
model forward time + loss calculation time:  0.7133536338806152
loss backward time:  0.042118072509765625
-------------------------------------------------------------------------------loss_sum  :  tensor(9.4887)

group buckets input  848027

---------- degree  tensor([ 1,  2,  3,  4,  5,  6,  7,  8,  9, 10], device='cuda:0',
       dtype=torch.int32)
get ready time :  0.00021147727966308594
----------- core.py torch.sort() replace to OrderedDict time:  0.08948779106140137
bucketing time:  0.09071922302246094
----NodeBatch generation time:  0.019601821899414062
----Frame generation time:  2.1457672119140625e-05
---- merge nodes time:  0.00017333030700683594
invoke_udf_reduce time:  0.11619853973388672
preparing time:  1.1277668476104736
model forward time:  0.11736106872558594
loss calculation time:  6.628036499023438e-05
partial loss calculation time:  0.07123136520385742
loss backward time:  0.020035266876220703

---------- degree  tensor(10)
get ready time :  0.00016570091247558594
----------- core.py torch.sort() replace to OrderedDict time:  0.08209109306335449
step:  0
bucketing time:  0.0826876163482666
----NodeBatch generation time:  0.0028388500213623047
----Frame generation time:  1.8358230590820312e-05
---- merge nodes time:  0.00016164779663085938
invoke_udf_reduce time:  0.08600735664367676

---------- degree  tensor(10)
get ready time :  0.0001938343048095703
----------- core.py torch.sort() replace to OrderedDict time:  0.08279061317443848
step:  1
bucketing time:  0.08338451385498047
----NodeBatch generation time:  0.0028569698333740234
----Frame generation time:  1.9311904907226562e-05
---- merge nodes time:  0.0001647472381591797
invoke_udf_reduce time:  0.08677411079406738

---------- degree  tensor(10)
get ready time :  0.00019812583923339844
----------- core.py torch.sort() replace to OrderedDict time:  0.0830082893371582
step:  2
bucketing time:  0.08360648155212402
----NodeBatch generation time:  0.002881765365600586
----Frame generation time:  1.7642974853515625e-05
---- merge nodes time:  0.0001666545867919922
invoke_udf_reduce time:  0.08702540397644043

---------- degree  tensor(10)
get ready time :  0.00019788742065429688
----------- core.py torch.sort() replace to OrderedDict time:  0.08474469184875488
step:  3
bucketing time:  0.08535194396972656
----NodeBatch generation time:  0.0029096603393554688
----Frame generation time:  1.8358230590820312e-05
---- merge nodes time:  0.0001671314239501953
invoke_udf_reduce time:  0.08880066871643066

---------- degree  tensor(10)
get ready time :  0.0002701282501220703
----------- core.py torch.sort() replace to OrderedDict time:  0.0819399356842041
step:  4
bucketing time:  0.08261489868164062
----NodeBatch generation time:  0.0030608177185058594
----Frame generation time:  1.9311904907226562e-05
---- merge nodes time:  0.00018525123596191406
invoke_udf_reduce time:  0.0866553783416748

---------- degree  tensor(10)
get ready time :  0.00019407272338867188
----------- core.py torch.sort() replace to OrderedDict time:  0.08293390274047852
step:  5
bucketing time:  0.08352303504943848
----NodeBatch generation time:  0.0029044151306152344
----Frame generation time:  1.8835067749023438e-05
---- merge nodes time:  0.0001609325408935547
invoke_udf_reduce time:  0.08695173263549805

---------- degree  tensor(10)
get ready time :  0.000194549560546875
----------- core.py torch.sort() replace to OrderedDict time:  0.08340907096862793
step:  6
bucketing time:  0.08407998085021973
----NodeBatch generation time:  0.0030243396759033203
----Frame generation time:  1.8358230590820312e-05
---- merge nodes time:  0.00017142295837402344
invoke_udf_reduce time:  0.08783245086669922

---------- degree  tensor(10)
get ready time :  0.00020766258239746094
----------- core.py torch.sort() replace to OrderedDict time:  0.08362841606140137
step:  7
bucketing time:  0.0842888355255127
----NodeBatch generation time:  0.0028655529022216797
----Frame generation time:  1.7881393432617188e-05
---- merge nodes time:  0.00016808509826660156
invoke_udf_reduce time:  0.08778095245361328
split  buckets total input  1679197
preparing time:  0.13858962059020996
model forward time :  0.7071466445922852
model forward time + loss calculation time:  0.7081949710845947
loss backward time:  0.036835432052612305
-------------------------------------------------------------------------------loss_sum  :  tensor(9.3609)

group buckets input  848038

---------- degree  tensor([ 1,  2,  3,  4,  5,  6,  7,  8,  9, 10], device='cuda:0',
       dtype=torch.int32)
get ready time :  0.0002257823944091797
----------- core.py torch.sort() replace to OrderedDict time:  0.09031319618225098
bucketing time:  0.09160518646240234
----NodeBatch generation time:  0.018622398376464844
----Frame generation time:  2.1219253540039062e-05
---- merge nodes time:  0.0001933574676513672
invoke_udf_reduce time:  0.11614108085632324
preparing time:  1.1174967288970947
model forward time:  0.11744475364685059
loss calculation time:  0.00011444091796875
partial loss calculation time:  0.07202434539794922
loss backward time:  0.018604278564453125

---------- degree  tensor(10)
get ready time :  0.0001609325408935547
----------- core.py torch.sort() replace to OrderedDict time:  0.08125662803649902
step:  0
bucketing time:  0.08187675476074219
----NodeBatch generation time:  0.002847909927368164
----Frame generation time:  2.0503997802734375e-05
---- merge nodes time:  0.0001628398895263672
invoke_udf_reduce time:  0.08519959449768066

---------- degree  tensor(10)
get ready time :  0.00020432472229003906
----------- core.py torch.sort() replace to OrderedDict time:  0.08413457870483398
step:  1
bucketing time:  0.08474588394165039
----NodeBatch generation time:  0.003489971160888672
----Frame generation time:  1.9073486328125e-05
---- merge nodes time:  0.00016427040100097656
invoke_udf_reduce time:  0.08878946304321289

---------- degree  tensor(10)
get ready time :  0.00021457672119140625
----------- core.py torch.sort() replace to OrderedDict time:  0.08429074287414551
step:  2
bucketing time:  0.08490490913391113
----NodeBatch generation time:  0.0028076171875
----Frame generation time:  1.9550323486328125e-05
---- merge nodes time:  0.0001659393310546875
invoke_udf_reduce time:  0.08828163146972656

---------- degree  tensor(10)
get ready time :  0.00020694732666015625
----------- core.py torch.sort() replace to OrderedDict time:  0.08427548408508301
step:  3
bucketing time:  0.08487653732299805
----NodeBatch generation time:  0.002798318862915039
----Frame generation time:  1.9311904907226562e-05
---- merge nodes time:  0.0001628398895263672
invoke_udf_reduce time:  0.08823227882385254

---------- degree  tensor(10)
get ready time :  0.0002377033233642578
----------- core.py torch.sort() replace to OrderedDict time:  0.08448648452758789
step:  4
bucketing time:  0.08509230613708496
----NodeBatch generation time:  0.002825498580932617
----Frame generation time:  2.0503997802734375e-05
---- merge nodes time:  0.00017404556274414062
invoke_udf_reduce time:  0.08855056762695312

---------- degree  tensor(10)
get ready time :  0.0002033710479736328
----------- core.py torch.sort() replace to OrderedDict time:  0.08483648300170898
step:  5
bucketing time:  0.08546614646911621
----NodeBatch generation time:  0.0028176307678222656
----Frame generation time:  1.9550323486328125e-05
---- merge nodes time:  0.00016808509826660156
invoke_udf_reduce time:  0.08884263038635254

---------- degree  tensor(10)
get ready time :  0.0002048015594482422
----------- core.py torch.sort() replace to OrderedDict time:  0.08450102806091309
step:  6
bucketing time:  0.08510971069335938
----NodeBatch generation time:  0.0028281211853027344
----Frame generation time:  1.9788742065429688e-05
---- merge nodes time:  0.00016641616821289062
invoke_udf_reduce time:  0.08849620819091797

---------- degree  tensor(10)
get ready time :  0.00020575523376464844
----------- core.py torch.sort() replace to OrderedDict time:  0.09147882461547852
step:  7
bucketing time:  0.09215497970581055
----NodeBatch generation time:  0.003106355667114258
----Frame generation time:  1.811981201171875e-05
---- merge nodes time:  0.00017786026000976562
invoke_udf_reduce time:  0.09582877159118652
split  buckets total input  1678824
preparing time:  0.14259767532348633
model forward time :  0.7208025455474854
model forward time + loss calculation time:  0.7217028141021729
loss backward time:  0.027271270751953125
-------------------------------------------------------------------------------loss_sum  :  tensor(9.2344)

full batch graph loading time:  0.06168007850646973
group buckets input  848349

---------- degree  tensor([ 1,  2,  3,  4,  5,  6,  7,  8,  9, 10], device='cuda:0',
       dtype=torch.int32)
get ready time :  0.00021314620971679688
----------- core.py torch.sort() replace to OrderedDict time:  0.09460878372192383
bucketing time:  0.0958566665649414
----NodeBatch generation time:  0.018175840377807617
----Frame generation time:  2.0742416381835938e-05
---- merge nodes time:  0.00017547607421875
invoke_udf_reduce time:  0.11992478370666504
preparing time:  1.1463735103607178
model forward time:  0.12109923362731934
loss calculation time:  6.794929504394531e-05
partial loss calculation time:  0.07202291488647461
loss backward time:  0.019403457641601562

---------- degree  tensor(10)
get ready time :  0.00016427040100097656
----------- core.py torch.sort() replace to OrderedDict time:  0.0842292308807373
step:  0
bucketing time:  0.08484601974487305
----NodeBatch generation time:  0.0031147003173828125
----Frame generation time:  1.9550323486328125e-05
---- merge nodes time:  0.00016641616821289062
invoke_udf_reduce time:  0.08844351768493652

---------- degree  tensor(10)
get ready time :  0.00022077560424804688
----------- core.py torch.sort() replace to OrderedDict time:  0.08656454086303711
step:  1
bucketing time:  0.08719158172607422
----NodeBatch generation time:  0.0028076171875
----Frame generation time:  1.8596649169921875e-05
---- merge nodes time:  0.00016832351684570312
invoke_udf_reduce time:  0.09058618545532227

---------- degree  tensor(10)
get ready time :  0.00020837783813476562
----------- core.py torch.sort() replace to OrderedDict time:  0.08581376075744629
step:  2
bucketing time:  0.08642792701721191
----NodeBatch generation time:  0.0028290748596191406
----Frame generation time:  1.6927719116210938e-05
---- merge nodes time:  0.0001621246337890625
invoke_udf_reduce time:  0.08980751037597656

---------- degree  tensor(10)
get ready time :  0.00020599365234375
----------- core.py torch.sort() replace to OrderedDict time:  0.08586502075195312
step:  3
bucketing time:  0.08648014068603516
----NodeBatch generation time:  0.002816915512084961
----Frame generation time:  1.9311904907226562e-05
---- merge nodes time:  0.0001647472381591797
invoke_udf_reduce time:  0.08985233306884766

---------- degree  tensor(10)
get ready time :  0.00027680397033691406
----------- core.py torch.sort() replace to OrderedDict time:  0.0859987735748291
step:  4
bucketing time:  0.086669921875
----NodeBatch generation time:  0.003015756607055664
----Frame generation time:  2.09808349609375e-05
---- merge nodes time:  0.00017952919006347656
invoke_udf_reduce time:  0.09051060676574707

---------- degree  tensor(10)
get ready time :  0.00020742416381835938
----------- core.py torch.sort() replace to OrderedDict time:  0.08721303939819336
step:  5
bucketing time:  0.08789277076721191
----NodeBatch generation time:  0.0029556751251220703
----Frame generation time:  1.9550323486328125e-05
---- merge nodes time:  0.00017452239990234375
invoke_udf_reduce time:  0.09141683578491211

---------- degree  tensor(10)
get ready time :  0.0002117156982421875
----------- core.py torch.sort() replace to OrderedDict time:  0.08534526824951172
step:  6
bucketing time:  0.08595800399780273
----NodeBatch generation time:  0.0028221607208251953
----Frame generation time:  1.811981201171875e-05
---- merge nodes time:  0.0001652240753173828
invoke_udf_reduce time:  0.08960604667663574

---------- degree  tensor(10)
get ready time :  0.0002524852752685547
----------- core.py torch.sort() replace to OrderedDict time:  0.08722805976867676
step:  7
bucketing time:  0.0879659652709961
----NodeBatch generation time:  0.002884387969970703
----Frame generation time:  2.0265579223632812e-05
---- merge nodes time:  0.00017881393432617188
invoke_udf_reduce time:  0.09151339530944824
split  buckets total input  1679383
preparing time:  0.14336919784545898
model forward time :  0.7313423156738281
model forward time + loss calculation time:  0.7322638034820557
loss backward time:  0.030058622360229492
-------------------------------------------------------------------------------loss_sum  :  tensor(9.1061)

pure train time 0.90289306640625
full batch graph loading time:  0.04468345642089844
group buckets input  848190

---------- degree  tensor([ 1,  2,  3,  4,  5,  6,  7,  8,  9, 10], device='cuda:0',
       dtype=torch.int32)
get ready time :  0.00022530555725097656
----------- core.py torch.sort() replace to OrderedDict time:  0.08508157730102539
bucketing time:  0.08636188507080078
----NodeBatch generation time:  0.018214941024780273
----Frame generation time:  2.0265579223632812e-05
---- merge nodes time:  0.0001888275146484375
invoke_udf_reduce time:  0.11049795150756836
preparing time:  1.1214301586151123
model forward time:  0.1116948127746582
loss calculation time:  7.128715515136719e-05
partial loss calculation time:  0.07189202308654785
loss backward time:  0.01810741424560547

---------- degree  tensor(10)
get ready time :  0.00019502639770507812
----------- core.py torch.sort() replace to OrderedDict time:  0.08198904991149902
step:  0
bucketing time:  0.08261346817016602
----NodeBatch generation time:  0.002866506576538086
----Frame generation time:  1.9073486328125e-05
---- merge nodes time:  0.0001614093780517578
invoke_udf_reduce time:  0.08598661422729492

---------- degree  tensor(10)
get ready time :  0.00019502639770507812
----------- core.py torch.sort() replace to OrderedDict time:  0.08404278755187988
step:  1
bucketing time:  0.08466100692749023
----NodeBatch generation time:  0.002819538116455078
----Frame generation time:  1.7642974853515625e-05
---- merge nodes time:  0.00016188621520996094
invoke_udf_reduce time:  0.08800435066223145

---------- degree  tensor(10)
get ready time :  0.00019598007202148438
----------- core.py torch.sort() replace to OrderedDict time:  0.08472466468811035
step:  2
bucketing time:  0.0853428840637207
----NodeBatch generation time:  0.002795696258544922
----Frame generation time:  1.9073486328125e-05
---- merge nodes time:  0.0001614093780517578
invoke_udf_reduce time:  0.0886693000793457

---------- degree  tensor(10)
get ready time :  0.0001971721649169922
----------- core.py torch.sort() replace to OrderedDict time:  0.08451461791992188
step:  3
bucketing time:  0.08513140678405762
----NodeBatch generation time:  0.0028154850006103516
----Frame generation time:  1.9550323486328125e-05
---- merge nodes time:  0.00016808509826660156
invoke_udf_reduce time:  0.0884857177734375

---------- degree  tensor(10)
get ready time :  0.0001895427703857422
----------- core.py torch.sort() replace to OrderedDict time:  0.08506202697753906
step:  4
bucketing time:  0.08568000793457031
----NodeBatch generation time:  0.002829313278198242
----Frame generation time:  2.1219253540039062e-05
---- merge nodes time:  0.00016951560974121094
invoke_udf_reduce time:  0.08904695510864258

---------- degree  tensor(10)
get ready time :  0.0001895427703857422
----------- core.py torch.sort() replace to OrderedDict time:  0.08436751365661621
step:  5
bucketing time:  0.08498620986938477
----NodeBatch generation time:  0.0028192996978759766
----Frame generation time:  1.8835067749023438e-05
---- merge nodes time:  0.00016498565673828125
invoke_udf_reduce time:  0.08833670616149902

---------- degree  tensor(10)
get ready time :  0.00019502639770507812
----------- core.py torch.sort() replace to OrderedDict time:  0.08438730239868164
step:  6
bucketing time:  0.08500194549560547
----NodeBatch generation time:  0.0028133392333984375
----Frame generation time:  2.09808349609375e-05
---- merge nodes time:  0.0001811981201171875
invoke_udf_reduce time:  0.08835983276367188

---------- degree  tensor(10)
get ready time :  0.00019025802612304688
----------- core.py torch.sort() replace to OrderedDict time:  0.08518838882446289
step:  7
bucketing time:  0.08587312698364258
----NodeBatch generation time:  0.002817392349243164
----Frame generation time:  1.9550323486328125e-05
---- merge nodes time:  0.0001671314239501953
invoke_udf_reduce time:  0.0892181396484375
split  buckets total input  1679961
preparing time:  0.14279532432556152
model forward time :  0.7147727012634277
model forward time + loss calculation time:  0.7156414985656738
loss backward time:  0.02889108657836914
-------------------------------------------------------------------------------loss_sum  :  tensor(8.9802)

pure train time 0.874406099319458
full batch graph loading time:  0.04029083251953125
group buckets input  848325

---------- degree  tensor([ 1,  2,  3,  4,  5,  6,  7,  8,  9, 10], device='cuda:0',
       dtype=torch.int32)
get ready time :  0.00023365020751953125
----------- core.py torch.sort() replace to OrderedDict time:  0.0980072021484375
bucketing time:  0.09935379028320312
----NodeBatch generation time:  0.020223617553710938
----Frame generation time:  2.1219253540039062e-05
---- merge nodes time:  0.0001804828643798828
invoke_udf_reduce time:  0.1254715919494629
preparing time:  1.1140110492706299
model forward time:  0.12664103507995605
loss calculation time:  7.724761962890625e-05
partial loss calculation time:  0.07221055030822754
loss backward time:  0.018258094787597656

---------- degree  tensor(10)
get ready time :  0.00016236305236816406
----------- core.py torch.sort() replace to OrderedDict time:  0.08400154113769531
step:  0
bucketing time:  0.08462834358215332
----NodeBatch generation time:  0.0028221607208251953
----Frame generation time:  1.811981201171875e-05
---- merge nodes time:  0.00016808509826660156
invoke_udf_reduce time:  0.08792829513549805

---------- degree  tensor(10)
get ready time :  0.00019121170043945312
----------- core.py torch.sort() replace to OrderedDict time:  0.09895539283752441
step:  1
bucketing time:  0.09958863258361816
----NodeBatch generation time:  0.0030477046966552734
----Frame generation time:  2.0265579223632812e-05
---- merge nodes time:  0.0001735687255859375
invoke_udf_reduce time:  0.10317349433898926

---------- degree  tensor(10)
get ready time :  0.00020313262939453125
----------- core.py torch.sort() replace to OrderedDict time:  0.08428621292114258
step:  2
bucketing time:  0.0848996639251709
----NodeBatch generation time:  0.002816438674926758
----Frame generation time:  1.9073486328125e-05
---- merge nodes time:  0.00016379356384277344
invoke_udf_reduce time:  0.08825325965881348

---------- degree  tensor(10)
get ready time :  0.0002033710479736328
----------- core.py torch.sort() replace to OrderedDict time:  0.08719873428344727
step:  3
bucketing time:  0.08783316612243652
----NodeBatch generation time:  0.0028228759765625
----Frame generation time:  1.7642974853515625e-05
---- merge nodes time:  0.00016260147094726562
invoke_udf_reduce time:  0.09119105339050293

---------- degree  tensor(10)
get ready time :  0.0001938343048095703
----------- core.py torch.sort() replace to OrderedDict time:  0.08482003211975098
step:  4
bucketing time:  0.08543658256530762
----NodeBatch generation time:  0.002812623977661133
----Frame generation time:  1.9550323486328125e-05
---- merge nodes time:  0.00016188621520996094
invoke_udf_reduce time:  0.0887763500213623

---------- degree  tensor(10)
get ready time :  0.00019216537475585938
----------- core.py torch.sort() replace to OrderedDict time:  0.0888662338256836
step:  5
bucketing time:  0.089599609375
----NodeBatch generation time:  0.0028264522552490234
----Frame generation time:  1.8835067749023438e-05
---- merge nodes time:  0.00016546249389648438
invoke_udf_reduce time:  0.09295177459716797

---------- degree  tensor(10)
get ready time :  0.00019216537475585938
----------- core.py torch.sort() replace to OrderedDict time:  0.0850820541381836
step:  6
bucketing time:  0.08570170402526855
----NodeBatch generation time:  0.0028009414672851562
----Frame generation time:  2.0265579223632812e-05
---- merge nodes time:  0.000164031982421875
invoke_udf_reduce time:  0.08903098106384277

---------- degree  tensor(10)
get ready time :  0.00019812583923339844
----------- core.py torch.sort() replace to OrderedDict time:  0.08567190170288086
step:  7
bucketing time:  0.08636116981506348
----NodeBatch generation time:  0.002877473831176758
----Frame generation time:  2.0742416381835938e-05
---- merge nodes time:  0.00016355514526367188
invoke_udf_reduce time:  0.08980941772460938
split  buckets total input  1679756
preparing time:  0.14252376556396484
model forward time :  0.7391307353973389
model forward time + loss calculation time:  0.7400076389312744
loss backward time:  0.030385255813598633
-------------------------------------------------------------------------------loss_sum  :  tensor(8.8516)

pure train time 0.9153692722320557
full batch graph loading time:  0.06434917449951172
group buckets input  847553

---------- degree  tensor([ 1,  2,  3,  4,  5,  6,  7,  8,  9, 10], device='cuda:0',
       dtype=torch.int32)
get ready time :  0.00021958351135253906
----------- core.py torch.sort() replace to OrderedDict time:  0.09563922882080078
bucketing time:  0.09686803817749023
----NodeBatch generation time:  0.018442153930664062
----Frame generation time:  1.9550323486328125e-05
---- merge nodes time:  0.00017452239990234375
invoke_udf_reduce time:  0.12119054794311523
preparing time:  1.1477670669555664
model forward time:  0.12236523628234863
loss calculation time:  6.270408630371094e-05
partial loss calculation time:  0.07204723358154297
loss backward time:  0.0177004337310791

---------- degree  tensor(10)
get ready time :  0.000164031982421875
----------- core.py torch.sort() replace to OrderedDict time:  0.08572912216186523
step:  0
bucketing time:  0.0863487720489502
----NodeBatch generation time:  0.0027511119842529297
----Frame generation time:  1.8358230590820312e-05
---- merge nodes time:  0.00016164779663085938
invoke_udf_reduce time:  0.08957123756408691

---------- degree  tensor(10)
get ready time :  0.0002110004425048828
----------- core.py torch.sort() replace to OrderedDict time:  0.08576440811157227
step:  1
bucketing time:  0.08643674850463867
----NodeBatch generation time:  0.002849578857421875
----Frame generation time:  1.8358230590820312e-05
---- merge nodes time:  0.00017213821411132812
invoke_udf_reduce time:  0.08991813659667969

---------- degree  tensor(10)
get ready time :  0.0001919269561767578
----------- core.py torch.sort() replace to OrderedDict time:  0.08656859397888184
step:  2
bucketing time:  0.0872507095336914
----NodeBatch generation time:  0.002871990203857422
----Frame generation time:  1.6689300537109375e-05
---- merge nodes time:  0.0001747608184814453
invoke_udf_reduce time:  0.09065580368041992

---------- degree  tensor(10)
get ready time :  0.00019598007202148438
----------- core.py torch.sort() replace to OrderedDict time:  0.08578133583068848
step:  3
bucketing time:  0.08650445938110352
----NodeBatch generation time:  0.002892017364501953
----Frame generation time:  1.7642974853515625e-05
---- merge nodes time:  0.00017333030700683594
invoke_udf_reduce time:  0.0899507999420166

---------- degree  tensor(10)
get ready time :  0.0001990795135498047
----------- core.py torch.sort() replace to OrderedDict time:  0.0861203670501709
step:  4
bucketing time:  0.08675074577331543
----NodeBatch generation time:  0.002713441848754883
----Frame generation time:  1.9311904907226562e-05
---- merge nodes time:  0.00016546249389648438
invoke_udf_reduce time:  0.09001326560974121

---------- degree  tensor(10)
get ready time :  0.0001888275146484375
----------- core.py torch.sort() replace to OrderedDict time:  0.08542037010192871
step:  5
bucketing time:  0.08603453636169434
----NodeBatch generation time:  0.002727031707763672
----Frame generation time:  1.8358230590820312e-05
---- merge nodes time:  0.0001633167266845703
invoke_udf_reduce time:  0.08928155899047852

---------- degree  tensor(10)
get ready time :  0.00019216537475585938
----------- core.py torch.sort() replace to OrderedDict time:  0.0855412483215332
step:  6
bucketing time:  0.08616113662719727
----NodeBatch generation time:  0.00274658203125
----Frame generation time:  1.811981201171875e-05
---- merge nodes time:  0.00016379356384277344
invoke_udf_reduce time:  0.08943295478820801

---------- degree  tensor(10)
get ready time :  0.00020742416381835938
----------- core.py torch.sort() replace to OrderedDict time:  0.08724260330200195
step:  7
bucketing time:  0.08796143531799316
----NodeBatch generation time:  0.0027153491973876953
----Frame generation time:  1.8596649169921875e-05
---- merge nodes time:  0.00016260147094726562
invoke_udf_reduce time:  0.09122037887573242
split  buckets total input  1679086
preparing time:  0.1427304744720459
model forward time :  0.7285013198852539
model forward time + loss calculation time:  0.7294037342071533
loss backward time:  0.03442239761352539
-------------------------------------------------------------------------------loss_sum  :  tensor(8.7211)

pure train time 0.9039545059204102
full batch graph loading time:  0.04662513732910156
group buckets input  848583

---------- degree  tensor([ 1,  2,  3,  4,  5,  6,  7,  8,  9, 10], device='cuda:0',
       dtype=torch.int32)
get ready time :  0.00022172927856445312
----------- core.py torch.sort() replace to OrderedDict time:  0.09587287902832031
bucketing time:  0.09712505340576172
----NodeBatch generation time:  0.018355369567871094
----Frame generation time:  2.0503997802734375e-05
---- merge nodes time:  0.00018715858459472656
invoke_udf_reduce time:  0.12140059471130371
preparing time:  1.1198313236236572
model forward time:  0.12255430221557617
loss calculation time:  7.581710815429688e-05
partial loss calculation time:  0.07221484184265137
loss backward time:  0.01968836784362793

---------- degree  tensor(10)
get ready time :  0.000164031982421875
----------- core.py torch.sort() replace to OrderedDict time:  0.08420681953430176
step:  0
bucketing time:  0.08481264114379883
----NodeBatch generation time:  0.002847909927368164
----Frame generation time:  2.2172927856445312e-05
---- merge nodes time:  0.00016427040100097656
invoke_udf_reduce time:  0.08813929557800293

---------- degree  tensor(10)
get ready time :  0.00019407272338867188
----------- core.py torch.sort() replace to OrderedDict time:  0.08524441719055176
step:  1
bucketing time:  0.08586812019348145
----NodeBatch generation time:  0.0028295516967773438
----Frame generation time:  1.9073486328125e-05
---- merge nodes time:  0.0001647472381591797
invoke_udf_reduce time:  0.08922791481018066

---------- degree  tensor(10)
get ready time :  0.0001938343048095703
----------- core.py torch.sort() replace to OrderedDict time:  0.08551478385925293
step:  2
bucketing time:  0.08612966537475586
----NodeBatch generation time:  0.002808809280395508
----Frame generation time:  1.8596649169921875e-05
---- merge nodes time:  0.0001647472381591797
invoke_udf_reduce time:  0.0894622802734375

---------- degree  tensor(10)
get ready time :  0.0001900196075439453
----------- core.py torch.sort() replace to OrderedDict time:  0.08449101448059082
step:  3
bucketing time:  0.08510994911193848
----NodeBatch generation time:  0.002843618392944336
----Frame generation time:  1.9550323486328125e-05
---- merge nodes time:  0.0001633167266845703
invoke_udf_reduce time:  0.08847761154174805

---------- degree  tensor(10)
get ready time :  0.00019073486328125
----------- core.py torch.sort() replace to OrderedDict time:  0.08405566215515137
step:  4
bucketing time:  0.08484745025634766
----NodeBatch generation time:  0.002823352813720703
----Frame generation time:  1.8835067749023438e-05
---- merge nodes time:  0.0001652240753173828
invoke_udf_reduce time:  0.08819913864135742

---------- degree  tensor(10)
get ready time :  0.00020599365234375
----------- core.py torch.sort() replace to OrderedDict time:  0.08428359031677246
step:  5
bucketing time:  0.08490610122680664
----NodeBatch generation time:  0.0028371810913085938
----Frame generation time:  1.8358230590820312e-05
---- merge nodes time:  0.00016832351684570312
invoke_udf_reduce time:  0.08828926086425781

---------- degree  tensor(10)
get ready time :  0.00019407272338867188
----------- core.py torch.sort() replace to OrderedDict time:  0.08451604843139648
step:  6
bucketing time:  0.08513545989990234
----NodeBatch generation time:  0.0028328895568847656
----Frame generation time:  1.8596649169921875e-05
---- merge nodes time:  0.0001633167266845703
invoke_udf_reduce time:  0.08849239349365234

---------- degree  tensor(10)
get ready time :  0.0001895427703857422
----------- core.py torch.sort() replace to OrderedDict time:  0.08533740043640137
step:  7
bucketing time:  0.08603644371032715
----NodeBatch generation time:  0.0028123855590820312
----Frame generation time:  1.9311904907226562e-05
---- merge nodes time:  0.00016546249389648438
invoke_udf_reduce time:  0.08937358856201172
split  buckets total input  1678653
preparing time:  0.13887238502502441
model forward time :  0.7177162170410156
model forward time + loss calculation time:  0.7185790538787842
loss backward time:  0.028435468673706055
-------------------------------------------------------------------------------loss_sum  :  tensor(8.5887)

pure train time 0.8893330097198486
full batch graph loading time:  0.04962754249572754
group buckets input  848110

---------- degree  tensor([ 1,  2,  3,  4,  5,  6,  7,  8,  9, 10], device='cuda:0',
       dtype=torch.int32)
get ready time :  0.00021576881408691406
----------- core.py torch.sort() replace to OrderedDict time:  0.09583425521850586
bucketing time:  0.09706783294677734
----NodeBatch generation time:  0.018494367599487305
----Frame generation time:  2.0265579223632812e-05
---- merge nodes time:  0.0001697540283203125
invoke_udf_reduce time:  0.12144613265991211
preparing time:  1.1335723400115967
model forward time:  0.1226041316986084
loss calculation time:  6.747245788574219e-05
partial loss calculation time:  0.07203960418701172
loss backward time:  0.01826190948486328

---------- degree  tensor(10)
get ready time :  0.0001652240753173828
----------- core.py torch.sort() replace to OrderedDict time:  0.08444905281066895
step:  0
bucketing time:  0.08506131172180176
----NodeBatch generation time:  0.00281524658203125
----Frame generation time:  1.9073486328125e-05
---- merge nodes time:  0.00016570091247558594
invoke_udf_reduce time:  0.08835983276367188

---------- degree  tensor(10)
get ready time :  0.000186920166015625
----------- core.py torch.sort() replace to OrderedDict time:  0.0850062370300293
step:  1
bucketing time:  0.08562064170837402
----NodeBatch generation time:  0.0027551651000976562
----Frame generation time:  1.8835067749023438e-05
---- merge nodes time:  0.00016450881958007812
invoke_udf_reduce time:  0.08890151977539062

---------- degree  tensor(10)
get ready time :  0.00019669532775878906
----------- core.py torch.sort() replace to OrderedDict time:  0.08449053764343262
step:  2
bucketing time:  0.08510780334472656
----NodeBatch generation time:  0.0027549266815185547
----Frame generation time:  2.0265579223632812e-05
---- merge nodes time:  0.00017976760864257812
invoke_udf_reduce time:  0.08841085433959961

---------- degree  tensor(10)
get ready time :  0.00019431114196777344
----------- core.py torch.sort() replace to OrderedDict time:  0.08500313758850098
step:  3
bucketing time:  0.08561539649963379
----NodeBatch generation time:  0.0027680397033691406
----Frame generation time:  1.811981201171875e-05
---- merge nodes time:  0.00016355514526367188
invoke_udf_reduce time:  0.08892226219177246

---------- degree  tensor(10)
get ready time :  0.0001964569091796875
----------- core.py torch.sort() replace to OrderedDict time:  0.0844428539276123
step:  4
bucketing time:  0.08507227897644043
----NodeBatch generation time:  0.002824544906616211
----Frame generation time:  1.9311904907226562e-05
---- merge nodes time:  0.00016927719116210938
invoke_udf_reduce time:  0.08843278884887695

---------- degree  tensor(10)
get ready time :  0.0001933574676513672
----------- core.py torch.sort() replace to OrderedDict time:  0.08424258232116699
step:  5
bucketing time:  0.08485770225524902
----NodeBatch generation time:  0.002732515335083008
----Frame generation time:  1.9311904907226562e-05
---- merge nodes time:  0.000164031982421875
invoke_udf_reduce time:  0.08811473846435547

---------- degree  tensor(10)
get ready time :  0.00019860267639160156
----------- core.py torch.sort() replace to OrderedDict time:  0.08411812782287598
step:  6
bucketing time:  0.0847327709197998
----NodeBatch generation time:  0.0028455257415771484
----Frame generation time:  2.002716064453125e-05
---- merge nodes time:  0.00016379356384277344
invoke_udf_reduce time:  0.08811140060424805

---------- degree  tensor(10)
get ready time :  0.00019621849060058594
----------- core.py torch.sort() replace to OrderedDict time:  0.08493256568908691
step:  7
bucketing time:  0.08561468124389648
----NodeBatch generation time:  0.0028116703033447266
----Frame generation time:  1.7881393432617188e-05
---- merge nodes time:  0.00016450881958007812
invoke_udf_reduce time:  0.088958740234375
split  buckets total input  1679291
preparing time:  0.1377696990966797
model forward time :  0.716392993927002
model forward time + loss calculation time:  0.7172694206237793
loss backward time:  0.02857804298400879
-------------------------------------------------------------------------------loss_sum  :  tensor(8.4548)

pure train time 0.8867809772491455
full batch graph loading time:  0.050322771072387695
group buckets input  848411

---------- degree  tensor([ 1,  2,  3,  4,  5,  6,  7,  8,  9, 10], device='cuda:0',
       dtype=torch.int32)
get ready time :  0.00022721290588378906
----------- core.py torch.sort() replace to OrderedDict time:  0.09601426124572754
bucketing time:  0.09725189208984375
----NodeBatch generation time:  0.018735408782958984
----Frame generation time:  2.193450927734375e-05
---- merge nodes time:  0.00017714500427246094
invoke_udf_reduce time:  0.12188196182250977
preparing time:  1.1312172412872314
model forward time:  0.12311863899230957
loss calculation time:  6.508827209472656e-05
partial loss calculation time:  0.072021484375
loss backward time:  0.017698287963867188

---------- degree  tensor(10)
get ready time :  0.00016379356384277344
----------- core.py torch.sort() replace to OrderedDict time:  0.08333611488342285
step:  0
bucketing time:  0.08398842811584473
----NodeBatch generation time:  0.0028057098388671875
----Frame generation time:  1.9073486328125e-05
---- merge nodes time:  0.00017642974853515625
invoke_udf_reduce time:  0.08728265762329102

---------- degree  tensor(10)
get ready time :  0.00019359588623046875
----------- core.py torch.sort() replace to OrderedDict time:  0.08418869972229004
step:  1
bucketing time:  0.08482122421264648
----NodeBatch generation time:  0.0027861595153808594
----Frame generation time:  2.002716064453125e-05
---- merge nodes time:  0.0001678466796875
invoke_udf_reduce time:  0.08814311027526855

---------- degree  tensor(10)
get ready time :  0.0001964569091796875
----------- core.py torch.sort() replace to OrderedDict time:  0.08380484580993652
step:  2
bucketing time:  0.08441781997680664
----NodeBatch generation time:  0.0028121471405029297
----Frame generation time:  1.9550323486328125e-05
---- merge nodes time:  0.00016450881958007812
invoke_udf_reduce time:  0.08776092529296875

---------- degree  tensor(10)
get ready time :  0.00019931793212890625
----------- core.py torch.sort() replace to OrderedDict time:  0.08317041397094727
step:  3
bucketing time:  0.08377957344055176
----NodeBatch generation time:  0.002968311309814453
----Frame generation time:  1.7642974853515625e-05
---- merge nodes time:  0.00017404556274414062
invoke_udf_reduce time:  0.08729147911071777

---------- degree  tensor(10)
get ready time :  0.00019216537475585938
----------- core.py torch.sort() replace to OrderedDict time:  0.09044122695922852
step:  4
bucketing time:  0.09105372428894043
----NodeBatch generation time:  0.0028073787689208984
----Frame generation time:  1.9073486328125e-05
---- merge nodes time:  0.0001685619354248047
invoke_udf_reduce time:  0.09439325332641602

---------- degree  tensor(10)
get ready time :  0.00019216537475585938
----------- core.py torch.sort() replace to OrderedDict time:  0.0838465690612793
step:  5
bucketing time:  0.08446478843688965
----NodeBatch generation time:  0.0028128623962402344
----Frame generation time:  1.9311904907226562e-05
---- merge nodes time:  0.0001697540283203125
invoke_udf_reduce time:  0.08780980110168457

---------- degree  tensor(10)
get ready time :  0.0001926422119140625
----------- core.py torch.sort() replace to OrderedDict time:  0.08353471755981445
step:  6
bucketing time:  0.08414292335510254
----NodeBatch generation time:  0.0027933120727539062
----Frame generation time:  1.8358230590820312e-05
---- merge nodes time:  0.0001647472381591797
invoke_udf_reduce time:  0.08747172355651855

---------- degree  tensor(10)
get ready time :  0.00019979476928710938
----------- core.py torch.sort() replace to OrderedDict time:  0.08326268196105957
step:  7
bucketing time:  0.08395075798034668
----NodeBatch generation time:  0.0030477046966552734
----Frame generation time:  1.9311904907226562e-05
---- merge nodes time:  0.0001704692840576172
invoke_udf_reduce time:  0.08754491806030273
split  buckets total input  1678554
preparing time:  0.13879656791687012
model forward time :  0.7157397270202637
model forward time + loss calculation time:  0.7166063785552979
loss backward time:  0.02886176109313965
-------------------------------------------------------------------------------loss_sum  :  tensor(8.3127)

pure train time 0.886350154876709

avg epoch time:  3.9012265545981273
avg pure train time:  0.8941552979605538
avg block subtensor loading time:  0.1409924030303955
avg preparing time:  0.19300600460597447
avg block to device time:  0.018569026674543108
avg grouping time:  1.2749482904161726
avg splitting time:  2.20693462235587
avg optimizing time:  0.0011612347194126674

avg input nodes number :  2527457.8571428573
avg real block input nodes number :  848217.2857142857
avg input nodes number/pure train time :  2826643.0483693867
avg input nodes number/avg epoch time :  647862.3637388871
